ERROR - 2021-07-19 02:22:40 --> Unknown column 'created_at' in 'field list'
CRITICAL - 2021-07-19 02:22:40 --> Unknown column 'created_at' in 'field list'
#0 D:\MATERI_KULIAH\INFORMATIKA\Semester 6\Pemrograman Framework\SI-Bengkel-master\vendor\codeigniter4\framework\system\Database\MySQLi\Connection.php(329): mysqli->query('INSERT INTO `me...')
#1 D:\MATERI_KULIAH\INFORMATIKA\Semester 6\Pemrograman Framework\SI-Bengkel-master\vendor\codeigniter4\framework\system\Database\BaseConnection.php(732): CodeIgniter\Database\MySQLi\Connection->execute('INSERT INTO `me...')
#2 D:\MATERI_KULIAH\INFORMATIKA\Semester 6\Pemrograman Framework\SI-Bengkel-master\vendor\codeigniter4\framework\system\Database\BaseConnection.php(647): CodeIgniter\Database\BaseConnection->simpleQuery('INSERT INTO `me...')
#3 D:\MATERI_KULIAH\INFORMATIKA\Semester 6\Pemrograman Framework\SI-Bengkel-master\vendor\codeigniter4\framework\system\Database\BaseBuilder.php(2277): CodeIgniter\Database\BaseConnection->query('INSERT INTO `me...', Array, false)
#4 D:\MATERI_KULIAH\INFORMATIKA\Semester 6\Pemrograman Framework\SI-Bengkel-master\vendor\codeigniter4\framework\system\Model.php(259): CodeIgniter\Database\BaseBuilder->insert()
#5 D:\MATERI_KULIAH\INFORMATIKA\Semester 6\Pemrograman Framework\SI-Bengkel-master\vendor\codeigniter4\framework\system\BaseModel.php(774): CodeIgniter\Model->doInsert(Array)
#6 D:\MATERI_KULIAH\INFORMATIKA\Semester 6\Pemrograman Framework\SI-Bengkel-master\vendor\codeigniter4\framework\system\Model.php(686): CodeIgniter\BaseModel->insert(Array, true)
#7 D:\MATERI_KULIAH\INFORMATIKA\Semester 6\Pemrograman Framework\SI-Bengkel-master\app\Controllers\Master.php(47): CodeIgniter\Model->insert(Array)
#8 D:\MATERI_KULIAH\INFORMATIKA\Semester 6\Pemrograman Framework\SI-Bengkel-master\vendor\codeigniter4\framework\system\CodeIgniter.php(928): App\Controllers\Master->addMekanik()
#9 D:\MATERI_KULIAH\INFORMATIKA\Semester 6\Pemrograman Framework\SI-Bengkel-master\vendor\codeigniter4\framework\system\CodeIgniter.php(436): CodeIgniter\CodeIgniter->runController(Object(App\Controllers\Master))
#10 D:\MATERI_KULIAH\INFORMATIKA\Semester 6\Pemrograman Framework\SI-Bengkel-master\vendor\codeigniter4\framework\system\CodeIgniter.php(336): CodeIgniter\CodeIgniter->handleRequest(NULL, Object(Config\Cache), false)
#11 D:\MATERI_KULIAH\INFORMATIKA\Semester 6\Pemrograman Framework\SI-Bengkel-master\public\index.php(37): CodeIgniter\CodeIgniter->run()
#12 D:\MATERI_KULIAH\INFORMATIKA\Semester 6\Pemrograman Framework\SI-Bengkel-master\vendor\codeigniter4\framework\system\Commands\Server\rewrite.php(45): require_once('D:\\MATERI_KULIA...')
#13 {main}
ERROR - 2021-07-19 02:31:59 --> Duplicate entry '65' for key 'PRIMARY'
CRITICAL - 2021-07-19 02:31:59 --> Duplicate entry '65' for key 'PRIMARY'
#0 D:\MATERI_KULIAH\INFORMATIKA\Semester 6\Pemrograman Framework\SI-Bengkel-master\vendor\codeigniter4\framework\system\Database\MySQLi\Connection.php(329): mysqli->query('INSERT INTO `me...')
#1 D:\MATERI_KULIAH\INFORMATIKA\Semester 6\Pemrograman Framework\SI-Bengkel-master\vendor\codeigniter4\framework\system\Database\BaseConnection.php(732): CodeIgniter\Database\MySQLi\Connection->execute('INSERT INTO `me...')
#2 D:\MATERI_KULIAH\INFORMATIKA\Semester 6\Pemrograman Framework\SI-Bengkel-master\vendor\codeigniter4\framework\system\Database\BaseConnection.php(647): CodeIgniter\Database\BaseConnection->simpleQuery('INSERT INTO `me...')
#3 D:\MATERI_KULIAH\INFORMATIKA\Semester 6\Pemrograman Framework\SI-Bengkel-master\vendor\codeigniter4\framework\system\Database\BaseBuilder.php(2277): CodeIgniter\Database\BaseConnection->query('INSERT INTO `me...', Array, false)
#4 D:\MATERI_KULIAH\INFORMATIKA\Semester 6\Pemrograman Framework\SI-Bengkel-master\vendor\codeigniter4\framework\system\Model.php(259): CodeIgniter\Database\BaseBuilder->insert()
#5 D:\MATERI_KULIAH\INFORMATIKA\Semester 6\Pemrograman Framework\SI-Bengkel-master\vendor\codeigniter4\framework\system\BaseModel.php(774): CodeIgniter\Model->doInsert(Array)
#6 D:\MATERI_KULIAH\INFORMATIKA\Semester 6\Pemrograman Framework\SI-Bengkel-master\vendor\codeigniter4\framework\system\Model.php(686): CodeIgniter\BaseModel->insert(Array, true)
#7 D:\MATERI_KULIAH\INFORMATIKA\Semester 6\Pemrograman Framework\SI-Bengkel-master\app\Controllers\Master.php(48): CodeIgniter\Model->insert(Array)
#8 D:\MATERI_KULIAH\INFORMATIKA\Semester 6\Pemrograman Framework\SI-Bengkel-master\vendor\codeigniter4\framework\system\CodeIgniter.php(928): App\Controllers\Master->addMekanik()
#9 D:\MATERI_KULIAH\INFORMATIKA\Semester 6\Pemrograman Framework\SI-Bengkel-master\vendor\codeigniter4\framework\system\CodeIgniter.php(436): CodeIgniter\CodeIgniter->runController(Object(App\Controllers\Master))
#10 D:\MATERI_KULIAH\INFORMATIKA\Semester 6\Pemrograman Framework\SI-Bengkel-master\vendor\codeigniter4\framework\system\CodeIgniter.php(336): CodeIgniter\CodeIgniter->handleRequest(NULL, Object(Config\Cache), false)
#11 D:\MATERI_KULIAH\INFORMATIKA\Semester 6\Pemrograman Framework\SI-Bengkel-master\public\index.php(37): CodeIgniter\CodeIgniter->run()
#12 D:\MATERI_KULIAH\INFORMATIKA\Semester 6\Pemrograman Framework\SI-Bengkel-master\vendor\codeigniter4\framework\system\Commands\Server\rewrite.php(45): require_once('D:\\MATERI_KULIA...')
#13 {main}
ERROR - 2021-07-19 02:54:36 --> Duplicate entry '7567' for key 'PRIMARY'
CRITICAL - 2021-07-19 02:54:36 --> Duplicate entry '7567' for key 'PRIMARY'
#0 D:\MATERI_KULIAH\INFORMATIKA\Semester 6\Pemrograman Framework\SI-Bengkel-master\vendor\codeigniter4\framework\system\Database\MySQLi\Connection.php(329): mysqli->query('INSERT INTO `me...')
#1 D:\MATERI_KULIAH\INFORMATIKA\Semester 6\Pemrograman Framework\SI-Bengkel-master\vendor\codeigniter4\framework\system\Database\BaseConnection.php(732): CodeIgniter\Database\MySQLi\Connection->execute('INSERT INTO `me...')
#2 D:\MATERI_KULIAH\INFORMATIKA\Semester 6\Pemrograman Framework\SI-Bengkel-master\vendor\codeigniter4\framework\system\Database\BaseConnection.php(647): CodeIgniter\Database\BaseConnection->simpleQuery('INSERT INTO `me...')
#3 D:\MATERI_KULIAH\INFORMATIKA\Semester 6\Pemrograman Framework\SI-Bengkel-master\vendor\codeigniter4\framework\system\Database\BaseBuilder.php(2277): CodeIgniter\Database\BaseConnection->query('INSERT INTO `me...', Array, false)
#4 D:\MATERI_KULIAH\INFORMATIKA\Semester 6\Pemrograman Framework\SI-Bengkel-master\vendor\codeigniter4\framework\system\Model.php(259): CodeIgniter\Database\BaseBuilder->insert()
#5 D:\MATERI_KULIAH\INFORMATIKA\Semester 6\Pemrograman Framework\SI-Bengkel-master\vendor\codeigniter4\framework\system\BaseModel.php(774): CodeIgniter\Model->doInsert(Array)
#6 D:\MATERI_KULIAH\INFORMATIKA\Semester 6\Pemrograman Framework\SI-Bengkel-master\vendor\codeigniter4\framework\system\Model.php(686): CodeIgniter\BaseModel->insert(Array, true)
#7 D:\MATERI_KULIAH\INFORMATIKA\Semester 6\Pemrograman Framework\SI-Bengkel-master\app\Controllers\Master.php(48): CodeIgniter\Model->insert(Array)
#8 D:\MATERI_KULIAH\INFORMATIKA\Semester 6\Pemrograman Framework\SI-Bengkel-master\vendor\codeigniter4\framework\system\CodeIgniter.php(928): App\Controllers\Master->addMekanik()
#9 D:\MATERI_KULIAH\INFORMATIKA\Semester 6\Pemrograman Framework\SI-Bengkel-master\vendor\codeigniter4\framework\system\CodeIgniter.php(436): CodeIgniter\CodeIgniter->runController(Object(App\Controllers\Master))
#10 D:\MATERI_KULIAH\INFORMATIKA\Semester 6\Pemrograman Framework\SI-Bengkel-master\vendor\codeigniter4\framework\system\CodeIgniter.php(336): CodeIgniter\CodeIgniter->handleRequest(NULL, Object(Config\Cache), false)
#11 D:\MATERI_KULIAH\INFORMATIKA\Semester 6\Pemrograman Framework\SI-Bengkel-master\public\index.php(37): CodeIgniter\CodeIgniter->run()
#12 D:\MATERI_KULIAH\INFORMATIKA\Semester 6\Pemrograman Framework\SI-Bengkel-master\vendor\codeigniter4\framework\system\Commands\Server\rewrite.php(45): require_once('D:\\MATERI_KULIA...')
#13 {main}
ERROR - 2021-07-19 06:39:06 --> Unknown column 'mekanik.deleted_at' in 'where clause'
CRITICAL - 2021-07-19 06:39:06 --> Unknown column 'mekanik.deleted_at' in 'where clause'
#0 D:\MATERI_KULIAH\INFORMATIKA\Semester 6\Pemrograman Framework\SI-Bengkel-master\vendor\codeigniter4\framework\system\Database\MySQLi\Connection.php(329): mysqli->query('SELECT *\nFROM `...')
#1 D:\MATERI_KULIAH\INFORMATIKA\Semester 6\Pemrograman Framework\SI-Bengkel-master\vendor\codeigniter4\framework\system\Database\BaseConnection.php(732): CodeIgniter\Database\MySQLi\Connection->execute('SELECT *\nFROM `...')
#2 D:\MATERI_KULIAH\INFORMATIKA\Semester 6\Pemrograman Framework\SI-Bengkel-master\vendor\codeigniter4\framework\system\Database\BaseConnection.php(647): CodeIgniter\Database\BaseConnection->simpleQuery('SELECT *\nFROM `...')
#3 D:\MATERI_KULIAH\INFORMATIKA\Semester 6\Pemrograman Framework\SI-Bengkel-master\vendor\codeigniter4\framework\system\Database\BaseBuilder.php(1881): CodeIgniter\Database\BaseConnection->query('SELECT *\nFROM `...', Array, false)
#4 D:\MATERI_KULIAH\INFORMATIKA\Semester 6\Pemrograman Framework\SI-Bengkel-master\vendor\codeigniter4\framework\system\Model.php(197): CodeIgniter\Database\BaseBuilder->get()
#5 D:\MATERI_KULIAH\INFORMATIKA\Semester 6\Pemrograman Framework\SI-Bengkel-master\vendor\codeigniter4\framework\system\BaseModel.php(603): CodeIgniter\Model->doFindAll(0, 0)
#6 D:\MATERI_KULIAH\INFORMATIKA\Semester 6\Pemrograman Framework\SI-Bengkel-master\app\Controllers\Master.php(30): CodeIgniter\BaseModel->findAll()
#7 D:\MATERI_KULIAH\INFORMATIKA\Semester 6\Pemrograman Framework\SI-Bengkel-master\vendor\codeigniter4\framework\system\CodeIgniter.php(928): App\Controllers\Master->mekanik()
#8 D:\MATERI_KULIAH\INFORMATIKA\Semester 6\Pemrograman Framework\SI-Bengkel-master\vendor\codeigniter4\framework\system\CodeIgniter.php(436): CodeIgniter\CodeIgniter->runController(Object(App\Controllers\Master))
#9 D:\MATERI_KULIAH\INFORMATIKA\Semester 6\Pemrograman Framework\SI-Bengkel-master\vendor\codeigniter4\framework\system\CodeIgniter.php(336): CodeIgniter\CodeIgniter->handleRequest(NULL, Object(Config\Cache), false)
#10 D:\MATERI_KULIAH\INFORMATIKA\Semester 6\Pemrograman Framework\SI-Bengkel-master\public\index.php(37): CodeIgniter\CodeIgniter->run()
#11 D:\MATERI_KULIAH\INFORMATIKA\Semester 6\Pemrograman Framework\SI-Bengkel-master\vendor\codeigniter4\framework\system\Commands\Server\rewrite.php(45): require_once('D:\\MATERI_KULIA...')
#12 {main}
ERROR - 2021-07-19 06:39:51 --> Duplicate entry '12' for key 'PRIMARY'
CRITICAL - 2021-07-19 06:39:51 --> Duplicate entry '12' for key 'PRIMARY'
#0 D:\MATERI_KULIAH\INFORMATIKA\Semester 6\Pemrograman Framework\SI-Bengkel-master\vendor\codeigniter4\framework\system\Database\MySQLi\Connection.php(329): mysqli->query('INSERT INTO `me...')
#1 D:\MATERI_KULIAH\INFORMATIKA\Semester 6\Pemrograman Framework\SI-Bengkel-master\vendor\codeigniter4\framework\system\Database\BaseConnection.php(732): CodeIgniter\Database\MySQLi\Connection->execute('INSERT INTO `me...')
#2 D:\MATERI_KULIAH\INFORMATIKA\Semester 6\Pemrograman Framework\SI-Bengkel-master\vendor\codeigniter4\framework\system\Database\BaseConnection.php(647): CodeIgniter\Database\BaseConnection->simpleQuery('INSERT INTO `me...')
#3 D:\MATERI_KULIAH\INFORMATIKA\Semester 6\Pemrograman Framework\SI-Bengkel-master\vendor\codeigniter4\framework\system\Database\BaseBuilder.php(2277): CodeIgniter\Database\BaseConnection->query('INSERT INTO `me...', Array, false)
#4 D:\MATERI_KULIAH\INFORMATIKA\Semester 6\Pemrograman Framework\SI-Bengkel-master\vendor\codeigniter4\framework\system\Model.php(259): CodeIgniter\Database\BaseBuilder->insert()
#5 D:\MATERI_KULIAH\INFORMATIKA\Semester 6\Pemrograman Framework\SI-Bengkel-master\vendor\codeigniter4\framework\system\BaseModel.php(774): CodeIgniter\Model->doInsert(Array)
#6 D:\MATERI_KULIAH\INFORMATIKA\Semester 6\Pemrograman Framework\SI-Bengkel-master\vendor\codeigniter4\framework\system\Model.php(686): CodeIgniter\BaseModel->insert(Array, true)
#7 D:\MATERI_KULIAH\INFORMATIKA\Semester 6\Pemrograman Framework\SI-Bengkel-master\app\Controllers\Master.php(50): CodeIgniter\Model->insert(Array)
#8 D:\MATERI_KULIAH\INFORMATIKA\Semester 6\Pemrograman Framework\SI-Bengkel-master\vendor\codeigniter4\framework\system\CodeIgniter.php(928): App\Controllers\Master->addMekanik()
#9 D:\MATERI_KULIAH\INFORMATIKA\Semester 6\Pemrograman Framework\SI-Bengkel-master\vendor\codeigniter4\framework\system\CodeIgniter.php(436): CodeIgniter\CodeIgniter->runController(Object(App\Controllers\Master))
#10 D:\MATERI_KULIAH\INFORMATIKA\Semester 6\Pemrograman Framework\SI-Bengkel-master\vendor\codeigniter4\framework\system\CodeIgniter.php(336): CodeIgniter\CodeIgniter->handleRequest(NULL, Object(Config\Cache), false)
#11 D:\MATERI_KULIAH\INFORMATIKA\Semester 6\Pemrograman Framework\SI-Bengkel-master\public\index.php(37): CodeIgniter\CodeIgniter->run()
#12 D:\MATERI_KULIAH\INFORMATIKA\Semester 6\Pemrograman Framework\SI-Bengkel-master\vendor\codeigniter4\framework\system\Commands\Server\rewrite.php(45): require_once('D:\\MATERI_KULIA...')
#13 {main}
ERROR - 2021-07-19 06:41:00 --> Unknown column 'mekanik.deleted_at' in 'where clause'
CRITICAL - 2021-07-19 06:41:00 --> Unknown column 'mekanik.deleted_at' in 'where clause'
#0 D:\MATERI_KULIAH\INFORMATIKA\Semester 6\Pemrograman Framework\SI-Bengkel-master\vendor\codeigniter4\framework\system\Database\MySQLi\Connection.php(329): mysqli->query('SELECT *\nFROM `...')
#1 D:\MATERI_KULIAH\INFORMATIKA\Semester 6\Pemrograman Framework\SI-Bengkel-master\vendor\codeigniter4\framework\system\Database\BaseConnection.php(732): CodeIgniter\Database\MySQLi\Connection->execute('SELECT *\nFROM `...')
#2 D:\MATERI_KULIAH\INFORMATIKA\Semester 6\Pemrograman Framework\SI-Bengkel-master\vendor\codeigniter4\framework\system\Database\BaseConnection.php(647): CodeIgniter\Database\BaseConnection->simpleQuery('SELECT *\nFROM `...')
#3 D:\MATERI_KULIAH\INFORMATIKA\Semester 6\Pemrograman Framework\SI-Bengkel-master\vendor\codeigniter4\framework\system\Database\BaseBuilder.php(1881): CodeIgniter\Database\BaseConnection->query('SELECT *\nFROM `...', Array, false)
#4 D:\MATERI_KULIAH\INFORMATIKA\Semester 6\Pemrograman Framework\SI-Bengkel-master\vendor\codeigniter4\framework\system\Model.php(197): CodeIgniter\Database\BaseBuilder->get()
#5 D:\MATERI_KULIAH\INFORMATIKA\Semester 6\Pemrograman Framework\SI-Bengkel-master\vendor\codeigniter4\framework\system\BaseModel.php(603): CodeIgniter\Model->doFindAll(0, 0)
#6 D:\MATERI_KULIAH\INFORMATIKA\Semester 6\Pemrograman Framework\SI-Bengkel-master\app\Controllers\Master.php(30): CodeIgniter\BaseModel->findAll()
#7 D:\MATERI_KULIAH\INFORMATIKA\Semester 6\Pemrograman Framework\SI-Bengkel-master\vendor\codeigniter4\framework\system\CodeIgniter.php(928): App\Controllers\Master->mekanik()
#8 D:\MATERI_KULIAH\INFORMATIKA\Semester 6\Pemrograman Framework\SI-Bengkel-master\vendor\codeigniter4\framework\system\CodeIgniter.php(436): CodeIgniter\CodeIgniter->runController(Object(App\Controllers\Master))
#9 D:\MATERI_KULIAH\INFORMATIKA\Semester 6\Pemrograman Framework\SI-Bengkel-master\vendor\codeigniter4\framework\system\CodeIgniter.php(336): CodeIgniter\CodeIgniter->handleRequest(NULL, Object(Config\Cache), false)
#10 D:\MATERI_KULIAH\INFORMATIKA\Semester 6\Pemrograman Framework\SI-Bengkel-master\public\index.php(37): CodeIgniter\CodeIgniter->run()
#11 D:\MATERI_KULIAH\INFORMATIKA\Semester 6\Pemrograman Framework\SI-Bengkel-master\vendor\codeigniter4\framework\system\Commands\Server\rewrite.php(45): require_once('D:\\MATERI_KULIA...')
#12 {main}
ERROR - 2021-07-19 06:43:19 --> Unknown column 'mekanik.deleted_at' in 'where clause'
CRITICAL - 2021-07-19 06:43:19 --> Unknown column 'mekanik.deleted_at' in 'where clause'
#0 D:\MATERI_KULIAH\INFORMATIKA\Semester 6\Pemrograman Framework\SI-Bengkel-master\vendor\codeigniter4\framework\system\Database\MySQLi\Connection.php(329): mysqli->query('SELECT *\nFROM `...')
#1 D:\MATERI_KULIAH\INFORMATIKA\Semester 6\Pemrograman Framework\SI-Bengkel-master\vendor\codeigniter4\framework\system\Database\BaseConnection.php(732): CodeIgniter\Database\MySQLi\Connection->execute('SELECT *\nFROM `...')
#2 D:\MATERI_KULIAH\INFORMATIKA\Semester 6\Pemrograman Framework\SI-Bengkel-master\vendor\codeigniter4\framework\system\Database\BaseConnection.php(647): CodeIgniter\Database\BaseConnection->simpleQuery('SELECT *\nFROM `...')
#3 D:\MATERI_KULIAH\INFORMATIKA\Semester 6\Pemrograman Framework\SI-Bengkel-master\vendor\codeigniter4\framework\system\Database\BaseBuilder.php(1881): CodeIgniter\Database\BaseConnection->query('SELECT *\nFROM `...', Array, false)
#4 D:\MATERI_KULIAH\INFORMATIKA\Semester 6\Pemrograman Framework\SI-Bengkel-master\vendor\codeigniter4\framework\system\Model.php(197): CodeIgniter\Database\BaseBuilder->get()
#5 D:\MATERI_KULIAH\INFORMATIKA\Semester 6\Pemrograman Framework\SI-Bengkel-master\vendor\codeigniter4\framework\system\BaseModel.php(603): CodeIgniter\Model->doFindAll(0, 0)
#6 D:\MATERI_KULIAH\INFORMATIKA\Semester 6\Pemrograman Framework\SI-Bengkel-master\app\Controllers\Master.php(30): CodeIgniter\BaseModel->findAll()
#7 D:\MATERI_KULIAH\INFORMATIKA\Semester 6\Pemrograman Framework\SI-Bengkel-master\vendor\codeigniter4\framework\system\CodeIgniter.php(928): App\Controllers\Master->mekanik()
#8 D:\MATERI_KULIAH\INFORMATIKA\Semester 6\Pemrograman Framework\SI-Bengkel-master\vendor\codeigniter4\framework\system\CodeIgniter.php(436): CodeIgniter\CodeIgniter->runController(Object(App\Controllers\Master))
#9 D:\MATERI_KULIAH\INFORMATIKA\Semester 6\Pemrograman Framework\SI-Bengkel-master\vendor\codeigniter4\framework\system\CodeIgniter.php(336): CodeIgniter\CodeIgniter->handleRequest(NULL, Object(Config\Cache), false)
#10 D:\MATERI_KULIAH\INFORMATIKA\Semester 6\Pemrograman Framework\SI-Bengkel-master\public\index.php(37): CodeIgniter\CodeIgniter->run()
#11 D:\MATERI_KULIAH\INFORMATIKA\Semester 6\Pemrograman Framework\SI-Bengkel-master\vendor\codeigniter4\framework\system\Commands\Server\rewrite.php(45): require_once('D:\\MATERI_KULIA...')
#12 {main}
ERROR - 2021-07-19 06:43:46 --> Unknown column 'mekanik.deleted_at' in 'where clause'
CRITICAL - 2021-07-19 06:43:46 --> Unknown column 'mekanik.deleted_at' in 'where clause'
#0 D:\MATERI_KULIAH\INFORMATIKA\Semester 6\Pemrograman Framework\SI-Bengkel-master\vendor\codeigniter4\framework\system\Database\MySQLi\Connection.php(329): mysqli->query('SELECT *\nFROM `...')
#1 D:\MATERI_KULIAH\INFORMATIKA\Semester 6\Pemrograman Framework\SI-Bengkel-master\vendor\codeigniter4\framework\system\Database\BaseConnection.php(732): CodeIgniter\Database\MySQLi\Connection->execute('SELECT *\nFROM `...')
#2 D:\MATERI_KULIAH\INFORMATIKA\Semester 6\Pemrograman Framework\SI-Bengkel-master\vendor\codeigniter4\framework\system\Database\BaseConnection.php(647): CodeIgniter\Database\BaseConnection->simpleQuery('SELECT *\nFROM `...')
#3 D:\MATERI_KULIAH\INFORMATIKA\Semester 6\Pemrograman Framework\SI-Bengkel-master\vendor\codeigniter4\framework\system\Database\BaseBuilder.php(1881): CodeIgniter\Database\BaseConnection->query('SELECT *\nFROM `...', Array, false)
#4 D:\MATERI_KULIAH\INFORMATIKA\Semester 6\Pemrograman Framework\SI-Bengkel-master\vendor\codeigniter4\framework\system\Model.php(197): CodeIgniter\Database\BaseBuilder->get()
#5 D:\MATERI_KULIAH\INFORMATIKA\Semester 6\Pemrograman Framework\SI-Bengkel-master\vendor\codeigniter4\framework\system\BaseModel.php(603): CodeIgniter\Model->doFindAll(0, 0)
#6 D:\MATERI_KULIAH\INFORMATIKA\Semester 6\Pemrograman Framework\SI-Bengkel-master\app\Controllers\Master.php(30): CodeIgniter\BaseModel->findAll()
#7 D:\MATERI_KULIAH\INFORMATIKA\Semester 6\Pemrograman Framework\SI-Bengkel-master\vendor\codeigniter4\framework\system\CodeIgniter.php(928): App\Controllers\Master->mekanik()
#8 D:\MATERI_KULIAH\INFORMATIKA\Semester 6\Pemrograman Framework\SI-Bengkel-master\vendor\codeigniter4\framework\system\CodeIgniter.php(436): CodeIgniter\CodeIgniter->runController(Object(App\Controllers\Master))
#9 D:\MATERI_KULIAH\INFORMATIKA\Semester 6\Pemrograman Framework\SI-Bengkel-master\vendor\codeigniter4\framework\system\CodeIgniter.php(336): CodeIgniter\CodeIgniter->handleRequest(NULL, Object(Config\Cache), false)
#10 D:\MATERI_KULIAH\INFORMATIKA\Semester 6\Pemrograman Framework\SI-Bengkel-master\public\index.php(37): CodeIgniter\CodeIgniter->run()
#11 D:\MATERI_KULIAH\INFORMATIKA\Semester 6\Pemrograman Framework\SI-Bengkel-master\vendor\codeigniter4\framework\system\Commands\Server\rewrite.php(45): require_once('D:\\MATERI_KULIA...')
#12 {main}
ERROR - 2021-07-19 06:43:53 --> Unknown column 'mekanik.deleted_at' in 'where clause'
CRITICAL - 2021-07-19 06:43:53 --> Unknown column 'mekanik.deleted_at' in 'where clause'
#0 D:\MATERI_KULIAH\INFORMATIKA\Semester 6\Pemrograman Framework\SI-Bengkel-master\vendor\codeigniter4\framework\system\Database\MySQLi\Connection.php(329): mysqli->query('SELECT *\nFROM `...')
#1 D:\MATERI_KULIAH\INFORMATIKA\Semester 6\Pemrograman Framework\SI-Bengkel-master\vendor\codeigniter4\framework\system\Database\BaseConnection.php(732): CodeIgniter\Database\MySQLi\Connection->execute('SELECT *\nFROM `...')
#2 D:\MATERI_KULIAH\INFORMATIKA\Semester 6\Pemrograman Framework\SI-Bengkel-master\vendor\codeigniter4\framework\system\Database\BaseConnection.php(647): CodeIgniter\Database\BaseConnection->simpleQuery('SELECT *\nFROM `...')
#3 D:\MATERI_KULIAH\INFORMATIKA\Semester 6\Pemrograman Framework\SI-Bengkel-master\vendor\codeigniter4\framework\system\Database\BaseBuilder.php(1881): CodeIgniter\Database\BaseConnection->query('SELECT *\nFROM `...', Array, false)
#4 D:\MATERI_KULIAH\INFORMATIKA\Semester 6\Pemrograman Framework\SI-Bengkel-master\vendor\codeigniter4\framework\system\Model.php(197): CodeIgniter\Database\BaseBuilder->get()
#5 D:\MATERI_KULIAH\INFORMATIKA\Semester 6\Pemrograman Framework\SI-Bengkel-master\vendor\codeigniter4\framework\system\BaseModel.php(603): CodeIgniter\Model->doFindAll(0, 0)
#6 D:\MATERI_KULIAH\INFORMATIKA\Semester 6\Pemrograman Framework\SI-Bengkel-master\app\Controllers\Master.php(30): CodeIgniter\BaseModel->findAll()
#7 D:\MATERI_KULIAH\INFORMATIKA\Semester 6\Pemrograman Framework\SI-Bengkel-master\vendor\codeigniter4\framework\system\CodeIgniter.php(928): App\Controllers\Master->mekanik()
#8 D:\MATERI_KULIAH\INFORMATIKA\Semester 6\Pemrograman Framework\SI-Bengkel-master\vendor\codeigniter4\framework\system\CodeIgniter.php(436): CodeIgniter\CodeIgniter->runController(Object(App\Controllers\Master))
#9 D:\MATERI_KULIAH\INFORMATIKA\Semester 6\Pemrograman Framework\SI-Bengkel-master\vendor\codeigniter4\framework\system\CodeIgniter.php(336): CodeIgniter\CodeIgniter->handleRequest(NULL, Object(Config\Cache), false)
#10 D:\MATERI_KULIAH\INFORMATIKA\Semester 6\Pemrograman Framework\SI-Bengkel-master\public\index.php(37): CodeIgniter\CodeIgniter->run()
#11 D:\MATERI_KULIAH\INFORMATIKA\Semester 6\Pemrograman Framework\SI-Bengkel-master\vendor\codeigniter4\framework\system\Commands\Server\rewrite.php(45): require_once('D:\\MATERI_KULIA...')
#12 {main}
ERROR - 2021-07-19 06:47:37 --> Unknown column 'mekanik.deleted_at' in 'where clause'
CRITICAL - 2021-07-19 06:47:37 --> Unknown column 'mekanik.deleted_at' in 'where clause'
#0 D:\MATERI_KULIAH\INFORMATIKA\Semester 6\Pemrograman Framework\SI-Bengkel-master\vendor\codeigniter4\framework\system\Database\MySQLi\Connection.php(329): mysqli->query('SELECT *\nFROM `...')
#1 D:\MATERI_KULIAH\INFORMATIKA\Semester 6\Pemrograman Framework\SI-Bengkel-master\vendor\codeigniter4\framework\system\Database\BaseConnection.php(732): CodeIgniter\Database\MySQLi\Connection->execute('SELECT *\nFROM `...')
#2 D:\MATERI_KULIAH\INFORMATIKA\Semester 6\Pemrograman Framework\SI-Bengkel-master\vendor\codeigniter4\framework\system\Database\BaseConnection.php(647): CodeIgniter\Database\BaseConnection->simpleQuery('SELECT *\nFROM `...')
#3 D:\MATERI_KULIAH\INFORMATIKA\Semester 6\Pemrograman Framework\SI-Bengkel-master\vendor\codeigniter4\framework\system\Database\BaseBuilder.php(1881): CodeIgniter\Database\BaseConnection->query('SELECT *\nFROM `...', Array, false)
#4 D:\MATERI_KULIAH\INFORMATIKA\Semester 6\Pemrograman Framework\SI-Bengkel-master\vendor\codeigniter4\framework\system\Model.php(197): CodeIgniter\Database\BaseBuilder->get()
#5 D:\MATERI_KULIAH\INFORMATIKA\Semester 6\Pemrograman Framework\SI-Bengkel-master\vendor\codeigniter4\framework\system\BaseModel.php(603): CodeIgniter\Model->doFindAll(0, 0)
#6 D:\MATERI_KULIAH\INFORMATIKA\Semester 6\Pemrograman Framework\SI-Bengkel-master\app\Controllers\Master.php(30): CodeIgniter\BaseModel->findAll()
#7 D:\MATERI_KULIAH\INFORMATIKA\Semester 6\Pemrograman Framework\SI-Bengkel-master\vendor\codeigniter4\framework\system\CodeIgniter.php(928): App\Controllers\Master->mekanik()
#8 D:\MATERI_KULIAH\INFORMATIKA\Semester 6\Pemrograman Framework\SI-Bengkel-master\vendor\codeigniter4\framework\system\CodeIgniter.php(436): CodeIgniter\CodeIgniter->runController(Object(App\Controllers\Master))
#9 D:\MATERI_KULIAH\INFORMATIKA\Semester 6\Pemrograman Framework\SI-Bengkel-master\vendor\codeigniter4\framework\system\CodeIgniter.php(336): CodeIgniter\CodeIgniter->handleRequest(NULL, Object(Config\Cache), false)
#10 D:\MATERI_KULIAH\INFORMATIKA\Semester 6\Pemrograman Framework\SI-Bengkel-master\public\index.php(37): CodeIgniter\CodeIgniter->run()
#11 D:\MATERI_KULIAH\INFORMATIKA\Semester 6\Pemrograman Framework\SI-Bengkel-master\vendor\codeigniter4\framework\system\Commands\Server\rewrite.php(45): require_once('D:\\MATERI_KULIA...')
#12 {main}
CRITICAL - 2021-07-19 06:50:02 --> Undefined variable: table
#0 D:\MATERI_KULIAH\INFORMATIKA\Semester 6\Pemrograman Framework\SI-Bengkel-master\app\Controllers\Master.php(30): CodeIgniter\Debug\Exceptions->errorHandler(8, 'Undefined varia...', 'D:\\MATERI_KULIA...', 30, Array)
#1 D:\MATERI_KULIAH\INFORMATIKA\Semester 6\Pemrograman Framework\SI-Bengkel-master\vendor\codeigniter4\framework\system\CodeIgniter.php(928): App\Controllers\Master->mekanik()
#2 D:\MATERI_KULIAH\INFORMATIKA\Semester 6\Pemrograman Framework\SI-Bengkel-master\vendor\codeigniter4\framework\system\CodeIgniter.php(436): CodeIgniter\CodeIgniter->runController(Object(App\Controllers\Master))
#3 D:\MATERI_KULIAH\INFORMATIKA\Semester 6\Pemrograman Framework\SI-Bengkel-master\vendor\codeigniter4\framework\system\CodeIgniter.php(336): CodeIgniter\CodeIgniter->handleRequest(NULL, Object(Config\Cache), false)
#4 D:\MATERI_KULIAH\INFORMATIKA\Semester 6\Pemrograman Framework\SI-Bengkel-master\public\index.php(37): CodeIgniter\CodeIgniter->run()
#5 D:\MATERI_KULIAH\INFORMATIKA\Semester 6\Pemrograman Framework\SI-Bengkel-master\vendor\codeigniter4\framework\system\Commands\Server\rewrite.php(45): require_once('D:\\MATERI_KULIA...')
#6 {main}
CRITICAL - 2021-07-19 06:50:05 --> Undefined variable: table
#0 D:\MATERI_KULIAH\INFORMATIKA\Semester 6\Pemrograman Framework\SI-Bengkel-master\app\Controllers\Master.php(30): CodeIgniter\Debug\Exceptions->errorHandler(8, 'Undefined varia...', 'D:\\MATERI_KULIA...', 30, Array)
#1 D:\MATERI_KULIAH\INFORMATIKA\Semester 6\Pemrograman Framework\SI-Bengkel-master\vendor\codeigniter4\framework\system\CodeIgniter.php(928): App\Controllers\Master->mekanik()
#2 D:\MATERI_KULIAH\INFORMATIKA\Semester 6\Pemrograman Framework\SI-Bengkel-master\vendor\codeigniter4\framework\system\CodeIgniter.php(436): CodeIgniter\CodeIgniter->runController(Object(App\Controllers\Master))
#3 D:\MATERI_KULIAH\INFORMATIKA\Semester 6\Pemrograman Framework\SI-Bengkel-master\vendor\codeigniter4\framework\system\CodeIgniter.php(336): CodeIgniter\CodeIgniter->handleRequest(NULL, Object(Config\Cache), false)
#4 D:\MATERI_KULIAH\INFORMATIKA\Semester 6\Pemrograman Framework\SI-Bengkel-master\public\index.php(37): CodeIgniter\CodeIgniter->run()
#5 D:\MATERI_KULIAH\INFORMATIKA\Semester 6\Pemrograman Framework\SI-Bengkel-master\vendor\codeigniter4\framework\system\Commands\Server\rewrite.php(45): require_once('D:\\MATERI_KULIA...')
#6 {main}
ERROR - 2021-07-19 06:50:14 --> Unknown column 'mekanik.deleted_at' in 'where clause'
CRITICAL - 2021-07-19 06:50:14 --> Unknown column 'mekanik.deleted_at' in 'where clause'
#0 D:\MATERI_KULIAH\INFORMATIKA\Semester 6\Pemrograman Framework\SI-Bengkel-master\vendor\codeigniter4\framework\system\Database\MySQLi\Connection.php(329): mysqli->query('SELECT *\nFROM `...')
#1 D:\MATERI_KULIAH\INFORMATIKA\Semester 6\Pemrograman Framework\SI-Bengkel-master\vendor\codeigniter4\framework\system\Database\BaseConnection.php(732): CodeIgniter\Database\MySQLi\Connection->execute('SELECT *\nFROM `...')
#2 D:\MATERI_KULIAH\INFORMATIKA\Semester 6\Pemrograman Framework\SI-Bengkel-master\vendor\codeigniter4\framework\system\Database\BaseConnection.php(647): CodeIgniter\Database\BaseConnection->simpleQuery('SELECT *\nFROM `...')
#3 D:\MATERI_KULIAH\INFORMATIKA\Semester 6\Pemrograman Framework\SI-Bengkel-master\vendor\codeigniter4\framework\system\Database\BaseBuilder.php(1881): CodeIgniter\Database\BaseConnection->query('SELECT *\nFROM `...', Array, false)
#4 D:\MATERI_KULIAH\INFORMATIKA\Semester 6\Pemrograman Framework\SI-Bengkel-master\vendor\codeigniter4\framework\system\Model.php(197): CodeIgniter\Database\BaseBuilder->get()
#5 D:\MATERI_KULIAH\INFORMATIKA\Semester 6\Pemrograman Framework\SI-Bengkel-master\vendor\codeigniter4\framework\system\BaseModel.php(603): CodeIgniter\Model->doFindAll(0, 0)
#6 D:\MATERI_KULIAH\INFORMATIKA\Semester 6\Pemrograman Framework\SI-Bengkel-master\app\Controllers\Master.php(30): CodeIgniter\BaseModel->findAll()
#7 D:\MATERI_KULIAH\INFORMATIKA\Semester 6\Pemrograman Framework\SI-Bengkel-master\vendor\codeigniter4\framework\system\CodeIgniter.php(928): App\Controllers\Master->mekanik()
#8 D:\MATERI_KULIAH\INFORMATIKA\Semester 6\Pemrograman Framework\SI-Bengkel-master\vendor\codeigniter4\framework\system\CodeIgniter.php(436): CodeIgniter\CodeIgniter->runController(Object(App\Controllers\Master))
#9 D:\MATERI_KULIAH\INFORMATIKA\Semester 6\Pemrograman Framework\SI-Bengkel-master\vendor\codeigniter4\framework\system\CodeIgniter.php(336): CodeIgniter\CodeIgniter->handleRequest(NULL, Object(Config\Cache), false)
#10 D:\MATERI_KULIAH\INFORMATIKA\Semester 6\Pemrograman Framework\SI-Bengkel-master\public\index.php(37): CodeIgniter\CodeIgniter->run()
#11 D:\MATERI_KULIAH\INFORMATIKA\Semester 6\Pemrograman Framework\SI-Bengkel-master\vendor\codeigniter4\framework\system\Commands\Server\rewrite.php(45): require_once('D:\\MATERI_KULIA...')
#12 {main}
ERROR - 2021-07-19 06:52:51 --> Unknown column 'mekanik.deleted_at' in 'where clause'
CRITICAL - 2021-07-19 06:52:51 --> Unknown column 'mekanik.deleted_at' in 'where clause'
#0 D:\MATERI_KULIAH\INFORMATIKA\Semester 6\Pemrograman Framework\SI-Bengkel-master\vendor\codeigniter4\framework\system\Database\MySQLi\Connection.php(329): mysqli->query('SELECT *\nFROM `...')
#1 D:\MATERI_KULIAH\INFORMATIKA\Semester 6\Pemrograman Framework\SI-Bengkel-master\vendor\codeigniter4\framework\system\Database\BaseConnection.php(732): CodeIgniter\Database\MySQLi\Connection->execute('SELECT *\nFROM `...')
#2 D:\MATERI_KULIAH\INFORMATIKA\Semester 6\Pemrograman Framework\SI-Bengkel-master\vendor\codeigniter4\framework\system\Database\BaseConnection.php(647): CodeIgniter\Database\BaseConnection->simpleQuery('SELECT *\nFROM `...')
#3 D:\MATERI_KULIAH\INFORMATIKA\Semester 6\Pemrograman Framework\SI-Bengkel-master\vendor\codeigniter4\framework\system\Database\BaseBuilder.php(1881): CodeIgniter\Database\BaseConnection->query('SELECT *\nFROM `...', Array, false)
#4 D:\MATERI_KULIAH\INFORMATIKA\Semester 6\Pemrograman Framework\SI-Bengkel-master\vendor\codeigniter4\framework\system\Model.php(197): CodeIgniter\Database\BaseBuilder->get()
#5 D:\MATERI_KULIAH\INFORMATIKA\Semester 6\Pemrograman Framework\SI-Bengkel-master\vendor\codeigniter4\framework\system\BaseModel.php(603): CodeIgniter\Model->doFindAll(0, 0)
#6 D:\MATERI_KULIAH\INFORMATIKA\Semester 6\Pemrograman Framework\SI-Bengkel-master\app\Controllers\Master.php(30): CodeIgniter\BaseModel->findAll()
#7 D:\MATERI_KULIAH\INFORMATIKA\Semester 6\Pemrograman Framework\SI-Bengkel-master\vendor\codeigniter4\framework\system\CodeIgniter.php(928): App\Controllers\Master->mekanik()
#8 D:\MATERI_KULIAH\INFORMATIKA\Semester 6\Pemrograman Framework\SI-Bengkel-master\vendor\codeigniter4\framework\system\CodeIgniter.php(436): CodeIgniter\CodeIgniter->runController(Object(App\Controllers\Master))
#9 D:\MATERI_KULIAH\INFORMATIKA\Semester 6\Pemrograman Framework\SI-Bengkel-master\vendor\codeigniter4\framework\system\CodeIgniter.php(336): CodeIgniter\CodeIgniter->handleRequest(NULL, Object(Config\Cache), false)
#10 D:\MATERI_KULIAH\INFORMATIKA\Semester 6\Pemrograman Framework\SI-Bengkel-master\public\index.php(37): CodeIgniter\CodeIgniter->run()
#11 D:\MATERI_KULIAH\INFORMATIKA\Semester 6\Pemrograman Framework\SI-Bengkel-master\vendor\codeigniter4\framework\system\Commands\Server\rewrite.php(45): require_once('D:\\MATERI_KULIA...')
#12 {main}
CRITICAL - 2021-07-19 07:15:00 --> Undefined property: App\Controllers\Master::$komikModel
#0 D:\MATERI_KULIAH\INFORMATIKA\Semester 6\Pemrograman Framework\SI-Bengkel-master\app\Controllers\Master.php(65): CodeIgniter\Debug\Exceptions->errorHandler(8, 'Undefined prope...', 'D:\\MATERI_KULIA...', 65, Array)
#1 D:\MATERI_KULIAH\INFORMATIKA\Semester 6\Pemrograman Framework\SI-Bengkel-master\vendor\codeigniter4\framework\system\CodeIgniter.php(928): App\Controllers\Master->deleteMekanik('12')
#2 D:\MATERI_KULIAH\INFORMATIKA\Semester 6\Pemrograman Framework\SI-Bengkel-master\vendor\codeigniter4\framework\system\CodeIgniter.php(436): CodeIgniter\CodeIgniter->runController(Object(App\Controllers\Master))
#3 D:\MATERI_KULIAH\INFORMATIKA\Semester 6\Pemrograman Framework\SI-Bengkel-master\vendor\codeigniter4\framework\system\CodeIgniter.php(336): CodeIgniter\CodeIgniter->handleRequest(NULL, Object(Config\Cache), false)
#4 D:\MATERI_KULIAH\INFORMATIKA\Semester 6\Pemrograman Framework\SI-Bengkel-master\public\index.php(37): CodeIgniter\CodeIgniter->run()
#5 D:\MATERI_KULIAH\INFORMATIKA\Semester 6\Pemrograman Framework\SI-Bengkel-master\vendor\codeigniter4\framework\system\Commands\Server\rewrite.php(45): require_once('D:\\MATERI_KULIA...')
#6 {main}
CRITICAL - 2021-07-19 09:06:21 --> Undefined variable: dataAllMekanik
#0 D:\MATERI_KULIAH\INFORMATIKA\Semester 6\Pemrograman Framework\SI-Bengkel-master\app\Views\master\stock_parts.php(42): CodeIgniter\Debug\Exceptions->errorHandler(8, 'Undefined varia...', 'D:\\MATERI_KULIA...', 42, Array)
#1 D:\MATERI_KULIAH\INFORMATIKA\Semester 6\Pemrograman Framework\SI-Bengkel-master\vendor\codeigniter4\framework\system\View\View.php(230): include('D:\\MATERI_KULIA...')
#2 D:\MATERI_KULIAH\INFORMATIKA\Semester 6\Pemrograman Framework\SI-Bengkel-master\vendor\codeigniter4\framework\system\View\View.php(232): CodeIgniter\View\View->CodeIgniter\View\{closure}()
#3 D:\MATERI_KULIAH\INFORMATIKA\Semester 6\Pemrograman Framework\SI-Bengkel-master\vendor\codeigniter4\framework\system\Common.php(1271): CodeIgniter\View\View->render('master/stock_pa...', Array, true)
#4 D:\MATERI_KULIAH\INFORMATIKA\Semester 6\Pemrograman Framework\SI-Bengkel-master\app\Controllers\Master.php(24): view('master/stock_pa...', Array)
#5 D:\MATERI_KULIAH\INFORMATIKA\Semester 6\Pemrograman Framework\SI-Bengkel-master\vendor\codeigniter4\framework\system\CodeIgniter.php(928): App\Controllers\Master->index()
#6 D:\MATERI_KULIAH\INFORMATIKA\Semester 6\Pemrograman Framework\SI-Bengkel-master\vendor\codeigniter4\framework\system\CodeIgniter.php(436): CodeIgniter\CodeIgniter->runController(Object(App\Controllers\Master))
#7 D:\MATERI_KULIAH\INFORMATIKA\Semester 6\Pemrograman Framework\SI-Bengkel-master\vendor\codeigniter4\framework\system\CodeIgniter.php(336): CodeIgniter\CodeIgniter->handleRequest(NULL, Object(Config\Cache), false)
#8 D:\MATERI_KULIAH\INFORMATIKA\Semester 6\Pemrograman Framework\SI-Bengkel-master\public\index.php(37): CodeIgniter\CodeIgniter->run()
#9 D:\MATERI_KULIAH\INFORMATIKA\Semester 6\Pemrograman Framework\SI-Bengkel-master\vendor\codeigniter4\framework\system\Commands\Server\rewrite.php(45): require_once('D:\\MATERI_KULIA...')
#10 {main}
CRITICAL - 2021-07-19 09:14:24 --> Undefined index: nape_part
#0 D:\MATERI_KULIAH\INFORMATIKA\Semester 6\Pemrograman Framework\SI-Bengkel-master\app\Views\master\stock_parts.php(40): CodeIgniter\Debug\Exceptions->errorHandler(8, 'Undefined index...', 'D:\\MATERI_KULIA...', 40, Array)
#1 D:\MATERI_KULIAH\INFORMATIKA\Semester 6\Pemrograman Framework\SI-Bengkel-master\vendor\codeigniter4\framework\system\View\View.php(230): include('D:\\MATERI_KULIA...')
#2 D:\MATERI_KULIAH\INFORMATIKA\Semester 6\Pemrograman Framework\SI-Bengkel-master\vendor\codeigniter4\framework\system\View\View.php(232): CodeIgniter\View\View->CodeIgniter\View\{closure}()
#3 D:\MATERI_KULIAH\INFORMATIKA\Semester 6\Pemrograman Framework\SI-Bengkel-master\vendor\codeigniter4\framework\system\Common.php(1271): CodeIgniter\View\View->render('master/stock_pa...', Array, true)
#4 D:\MATERI_KULIAH\INFORMATIKA\Semester 6\Pemrograman Framework\SI-Bengkel-master\app\Controllers\Master.php(30): view('master/stock_pa...', Array)
#5 D:\MATERI_KULIAH\INFORMATIKA\Semester 6\Pemrograman Framework\SI-Bengkel-master\vendor\codeigniter4\framework\system\CodeIgniter.php(928): App\Controllers\Master->index()
#6 D:\MATERI_KULIAH\INFORMATIKA\Semester 6\Pemrograman Framework\SI-Bengkel-master\vendor\codeigniter4\framework\system\CodeIgniter.php(436): CodeIgniter\CodeIgniter->runController(Object(App\Controllers\Master))
#7 D:\MATERI_KULIAH\INFORMATIKA\Semester 6\Pemrograman Framework\SI-Bengkel-master\vendor\codeigniter4\framework\system\CodeIgniter.php(336): CodeIgniter\CodeIgniter->handleRequest(NULL, Object(Config\Cache), false)
#8 D:\MATERI_KULIAH\INFORMATIKA\Semester 6\Pemrograman Framework\SI-Bengkel-master\public\index.php(37): CodeIgniter\CodeIgniter->run()
#9 D:\MATERI_KULIAH\INFORMATIKA\Semester 6\Pemrograman Framework\SI-Bengkel-master\vendor\codeigniter4\framework\system\Commands\Server\rewrite.php(45): require_once('D:\\MATERI_KULIA...')
#10 {main}
ERROR - 2021-07-19 09:22:55 --> Column 'kd_part' cannot be null
CRITICAL - 2021-07-19 09:22:55 --> Column 'kd_part' cannot be null
#0 D:\MATERI_KULIAH\INFORMATIKA\Semester 6\Pemrograman Framework\SI-Bengkel-master\vendor\codeigniter4\framework\system\Database\MySQLi\Connection.php(329): mysqli->query('INSERT INTO `st...')
#1 D:\MATERI_KULIAH\INFORMATIKA\Semester 6\Pemrograman Framework\SI-Bengkel-master\vendor\codeigniter4\framework\system\Database\BaseConnection.php(732): CodeIgniter\Database\MySQLi\Connection->execute('INSERT INTO `st...')
#2 D:\MATERI_KULIAH\INFORMATIKA\Semester 6\Pemrograman Framework\SI-Bengkel-master\vendor\codeigniter4\framework\system\Database\BaseConnection.php(647): CodeIgniter\Database\BaseConnection->simpleQuery('INSERT INTO `st...')
#3 D:\MATERI_KULIAH\INFORMATIKA\Semester 6\Pemrograman Framework\SI-Bengkel-master\vendor\codeigniter4\framework\system\Database\BaseBuilder.php(2277): CodeIgniter\Database\BaseConnection->query('INSERT INTO `st...', Array, false)
#4 D:\MATERI_KULIAH\INFORMATIKA\Semester 6\Pemrograman Framework\SI-Bengkel-master\vendor\codeigniter4\framework\system\Model.php(259): CodeIgniter\Database\BaseBuilder->insert()
#5 D:\MATERI_KULIAH\INFORMATIKA\Semester 6\Pemrograman Framework\SI-Bengkel-master\vendor\codeigniter4\framework\system\BaseModel.php(774): CodeIgniter\Model->doInsert(Array)
#6 D:\MATERI_KULIAH\INFORMATIKA\Semester 6\Pemrograman Framework\SI-Bengkel-master\vendor\codeigniter4\framework\system\Model.php(686): CodeIgniter\BaseModel->insert(Array, true)
#7 D:\MATERI_KULIAH\INFORMATIKA\Semester 6\Pemrograman Framework\SI-Bengkel-master\app\Controllers\Master.php(42): CodeIgniter\Model->insert(Array)
#8 D:\MATERI_KULIAH\INFORMATIKA\Semester 6\Pemrograman Framework\SI-Bengkel-master\vendor\codeigniter4\framework\system\CodeIgniter.php(928): App\Controllers\Master->addParts()
#9 D:\MATERI_KULIAH\INFORMATIKA\Semester 6\Pemrograman Framework\SI-Bengkel-master\vendor\codeigniter4\framework\system\CodeIgniter.php(436): CodeIgniter\CodeIgniter->runController(Object(App\Controllers\Master))
#10 D:\MATERI_KULIAH\INFORMATIKA\Semester 6\Pemrograman Framework\SI-Bengkel-master\vendor\codeigniter4\framework\system\CodeIgniter.php(336): CodeIgniter\CodeIgniter->handleRequest(NULL, Object(Config\Cache), false)
#11 D:\MATERI_KULIAH\INFORMATIKA\Semester 6\Pemrograman Framework\SI-Bengkel-master\public\index.php(37): CodeIgniter\CodeIgniter->run()
#12 D:\MATERI_KULIAH\INFORMATIKA\Semester 6\Pemrograman Framework\SI-Bengkel-master\vendor\codeigniter4\framework\system\Commands\Server\rewrite.php(45): require_once('D:\\MATERI_KULIA...')
#13 {main}
ERROR - 2021-07-19 09:23:29 --> Column 'kd_part' cannot be null
CRITICAL - 2021-07-19 09:23:29 --> Column 'kd_part' cannot be null
#0 D:\MATERI_KULIAH\INFORMATIKA\Semester 6\Pemrograman Framework\SI-Bengkel-master\vendor\codeigniter4\framework\system\Database\MySQLi\Connection.php(329): mysqli->query('INSERT INTO `st...')
#1 D:\MATERI_KULIAH\INFORMATIKA\Semester 6\Pemrograman Framework\SI-Bengkel-master\vendor\codeigniter4\framework\system\Database\BaseConnection.php(732): CodeIgniter\Database\MySQLi\Connection->execute('INSERT INTO `st...')
#2 D:\MATERI_KULIAH\INFORMATIKA\Semester 6\Pemrograman Framework\SI-Bengkel-master\vendor\codeigniter4\framework\system\Database\BaseConnection.php(647): CodeIgniter\Database\BaseConnection->simpleQuery('INSERT INTO `st...')
#3 D:\MATERI_KULIAH\INFORMATIKA\Semester 6\Pemrograman Framework\SI-Bengkel-master\vendor\codeigniter4\framework\system\Database\BaseBuilder.php(2277): CodeIgniter\Database\BaseConnection->query('INSERT INTO `st...', Array, false)
#4 D:\MATERI_KULIAH\INFORMATIKA\Semester 6\Pemrograman Framework\SI-Bengkel-master\vendor\codeigniter4\framework\system\Model.php(259): CodeIgniter\Database\BaseBuilder->insert()
#5 D:\MATERI_KULIAH\INFORMATIKA\Semester 6\Pemrograman Framework\SI-Bengkel-master\vendor\codeigniter4\framework\system\BaseModel.php(774): CodeIgniter\Model->doInsert(Array)
#6 D:\MATERI_KULIAH\INFORMATIKA\Semester 6\Pemrograman Framework\SI-Bengkel-master\vendor\codeigniter4\framework\system\Model.php(686): CodeIgniter\BaseModel->insert(Array, true)
#7 D:\MATERI_KULIAH\INFORMATIKA\Semester 6\Pemrograman Framework\SI-Bengkel-master\app\Controllers\Master.php(42): CodeIgniter\Model->insert(Array)
#8 D:\MATERI_KULIAH\INFORMATIKA\Semester 6\Pemrograman Framework\SI-Bengkel-master\vendor\codeigniter4\framework\system\CodeIgniter.php(928): App\Controllers\Master->addParts()
#9 D:\MATERI_KULIAH\INFORMATIKA\Semester 6\Pemrograman Framework\SI-Bengkel-master\vendor\codeigniter4\framework\system\CodeIgniter.php(436): CodeIgniter\CodeIgniter->runController(Object(App\Controllers\Master))
#10 D:\MATERI_KULIAH\INFORMATIKA\Semester 6\Pemrograman Framework\SI-Bengkel-master\vendor\codeigniter4\framework\system\CodeIgniter.php(336): CodeIgniter\CodeIgniter->handleRequest(NULL, Object(Config\Cache), false)
#11 D:\MATERI_KULIAH\INFORMATIKA\Semester 6\Pemrograman Framework\SI-Bengkel-master\public\index.php(37): CodeIgniter\CodeIgniter->run()
#12 D:\MATERI_KULIAH\INFORMATIKA\Semester 6\Pemrograman Framework\SI-Bengkel-master\vendor\codeigniter4\framework\system\Commands\Server\rewrite.php(45): require_once('D:\\MATERI_KULIA...')
#13 {main}
ERROR - 2021-07-19 09:25:04 --> Column 'kd_part' cannot be null
CRITICAL - 2021-07-19 09:25:04 --> Column 'kd_part' cannot be null
#0 D:\MATERI_KULIAH\INFORMATIKA\Semester 6\Pemrograman Framework\SI-Bengkel-master\vendor\codeigniter4\framework\system\Database\MySQLi\Connection.php(329): mysqli->query('INSERT INTO `st...')
#1 D:\MATERI_KULIAH\INFORMATIKA\Semester 6\Pemrograman Framework\SI-Bengkel-master\vendor\codeigniter4\framework\system\Database\BaseConnection.php(732): CodeIgniter\Database\MySQLi\Connection->execute('INSERT INTO `st...')
#2 D:\MATERI_KULIAH\INFORMATIKA\Semester 6\Pemrograman Framework\SI-Bengkel-master\vendor\codeigniter4\framework\system\Database\BaseConnection.php(647): CodeIgniter\Database\BaseConnection->simpleQuery('INSERT INTO `st...')
#3 D:\MATERI_KULIAH\INFORMATIKA\Semester 6\Pemrograman Framework\SI-Bengkel-master\vendor\codeigniter4\framework\system\Database\BaseBuilder.php(2277): CodeIgniter\Database\BaseConnection->query('INSERT INTO `st...', Array, false)
#4 D:\MATERI_KULIAH\INFORMATIKA\Semester 6\Pemrograman Framework\SI-Bengkel-master\vendor\codeigniter4\framework\system\Model.php(259): CodeIgniter\Database\BaseBuilder->insert()
#5 D:\MATERI_KULIAH\INFORMATIKA\Semester 6\Pemrograman Framework\SI-Bengkel-master\vendor\codeigniter4\framework\system\BaseModel.php(774): CodeIgniter\Model->doInsert(Array)
#6 D:\MATERI_KULIAH\INFORMATIKA\Semester 6\Pemrograman Framework\SI-Bengkel-master\vendor\codeigniter4\framework\system\Model.php(686): CodeIgniter\BaseModel->insert(Array, true)
#7 D:\MATERI_KULIAH\INFORMATIKA\Semester 6\Pemrograman Framework\SI-Bengkel-master\app\Controllers\Master.php(42): CodeIgniter\Model->insert(Array)
#8 D:\MATERI_KULIAH\INFORMATIKA\Semester 6\Pemrograman Framework\SI-Bengkel-master\vendor\codeigniter4\framework\system\CodeIgniter.php(928): App\Controllers\Master->addParts()
#9 D:\MATERI_KULIAH\INFORMATIKA\Semester 6\Pemrograman Framework\SI-Bengkel-master\vendor\codeigniter4\framework\system\CodeIgniter.php(436): CodeIgniter\CodeIgniter->runController(Object(App\Controllers\Master))
#10 D:\MATERI_KULIAH\INFORMATIKA\Semester 6\Pemrograman Framework\SI-Bengkel-master\vendor\codeigniter4\framework\system\CodeIgniter.php(336): CodeIgniter\CodeIgniter->handleRequest(NULL, Object(Config\Cache), false)
#11 D:\MATERI_KULIAH\INFORMATIKA\Semester 6\Pemrograman Framework\SI-Bengkel-master\public\index.php(37): CodeIgniter\CodeIgniter->run()
#12 D:\MATERI_KULIAH\INFORMATIKA\Semester 6\Pemrograman Framework\SI-Bengkel-master\vendor\codeigniter4\framework\system\Commands\Server\rewrite.php(45): require_once('D:\\MATERI_KULIA...')
#13 {main}
ERROR - 2021-07-19 09:25:13 --> Column 'kd_part' cannot be null
CRITICAL - 2021-07-19 09:25:13 --> Column 'kd_part' cannot be null
#0 D:\MATERI_KULIAH\INFORMATIKA\Semester 6\Pemrograman Framework\SI-Bengkel-master\vendor\codeigniter4\framework\system\Database\MySQLi\Connection.php(329): mysqli->query('INSERT INTO `st...')
#1 D:\MATERI_KULIAH\INFORMATIKA\Semester 6\Pemrograman Framework\SI-Bengkel-master\vendor\codeigniter4\framework\system\Database\BaseConnection.php(732): CodeIgniter\Database\MySQLi\Connection->execute('INSERT INTO `st...')
#2 D:\MATERI_KULIAH\INFORMATIKA\Semester 6\Pemrograman Framework\SI-Bengkel-master\vendor\codeigniter4\framework\system\Database\BaseConnection.php(647): CodeIgniter\Database\BaseConnection->simpleQuery('INSERT INTO `st...')
#3 D:\MATERI_KULIAH\INFORMATIKA\Semester 6\Pemrograman Framework\SI-Bengkel-master\vendor\codeigniter4\framework\system\Database\BaseBuilder.php(2277): CodeIgniter\Database\BaseConnection->query('INSERT INTO `st...', Array, false)
#4 D:\MATERI_KULIAH\INFORMATIKA\Semester 6\Pemrograman Framework\SI-Bengkel-master\vendor\codeigniter4\framework\system\Model.php(259): CodeIgniter\Database\BaseBuilder->insert()
#5 D:\MATERI_KULIAH\INFORMATIKA\Semester 6\Pemrograman Framework\SI-Bengkel-master\vendor\codeigniter4\framework\system\BaseModel.php(774): CodeIgniter\Model->doInsert(Array)
#6 D:\MATERI_KULIAH\INFORMATIKA\Semester 6\Pemrograman Framework\SI-Bengkel-master\vendor\codeigniter4\framework\system\Model.php(686): CodeIgniter\BaseModel->insert(Array, true)
#7 D:\MATERI_KULIAH\INFORMATIKA\Semester 6\Pemrograman Framework\SI-Bengkel-master\app\Controllers\Master.php(42): CodeIgniter\Model->insert(Array)
#8 D:\MATERI_KULIAH\INFORMATIKA\Semester 6\Pemrograman Framework\SI-Bengkel-master\vendor\codeigniter4\framework\system\CodeIgniter.php(928): App\Controllers\Master->addParts()
#9 D:\MATERI_KULIAH\INFORMATIKA\Semester 6\Pemrograman Framework\SI-Bengkel-master\vendor\codeigniter4\framework\system\CodeIgniter.php(436): CodeIgniter\CodeIgniter->runController(Object(App\Controllers\Master))
#10 D:\MATERI_KULIAH\INFORMATIKA\Semester 6\Pemrograman Framework\SI-Bengkel-master\vendor\codeigniter4\framework\system\CodeIgniter.php(336): CodeIgniter\CodeIgniter->handleRequest(NULL, Object(Config\Cache), false)
#11 D:\MATERI_KULIAH\INFORMATIKA\Semester 6\Pemrograman Framework\SI-Bengkel-master\public\index.php(37): CodeIgniter\CodeIgniter->run()
#12 D:\MATERI_KULIAH\INFORMATIKA\Semester 6\Pemrograman Framework\SI-Bengkel-master\vendor\codeigniter4\framework\system\Commands\Server\rewrite.php(45): require_once('D:\\MATERI_KULIA...')
#13 {main}
CRITICAL - 2021-07-19 14:39:09 --> Illegal offset type
#0 D:\MATERI_KULIAH\INFORMATIKA\Semester 6\Pemrograman Framework\SI-Bengkel-master\vendor\codeigniter4\framework\system\Session\Session.php(489): CodeIgniter\Debug\Exceptions->errorHandler(2, 'Illegal offset ...', 'D:\\MATERI_KULIA...', 489, Array)
#1 D:\MATERI_KULIAH\INFORMATIKA\Semester 6\Pemrograman Framework\SI-Bengkel-master\vendor\codeigniter4\framework\system\Session\Session.php(669): CodeIgniter\Session\Session->set(Array, Array)
#2 D:\MATERI_KULIAH\INFORMATIKA\Semester 6\Pemrograman Framework\SI-Bengkel-master\app\Controllers\Master.php(58): CodeIgniter\Session\Session->setFlashdata(Array)
#3 D:\MATERI_KULIAH\INFORMATIKA\Semester 6\Pemrograman Framework\SI-Bengkel-master\vendor\codeigniter4\framework\system\CodeIgniter.php(928): App\Controllers\Master->mekanik()
#4 D:\MATERI_KULIAH\INFORMATIKA\Semester 6\Pemrograman Framework\SI-Bengkel-master\vendor\codeigniter4\framework\system\CodeIgniter.php(436): CodeIgniter\CodeIgniter->runController(Object(App\Controllers\Master))
#5 D:\MATERI_KULIAH\INFORMATIKA\Semester 6\Pemrograman Framework\SI-Bengkel-master\vendor\codeigniter4\framework\system\CodeIgniter.php(336): CodeIgniter\CodeIgniter->handleRequest(NULL, Object(Config\Cache), false)
#6 D:\MATERI_KULIAH\INFORMATIKA\Semester 6\Pemrograman Framework\SI-Bengkel-master\public\index.php(37): CodeIgniter\CodeIgniter->run()
#7 D:\MATERI_KULIAH\INFORMATIKA\Semester 6\Pemrograman Framework\SI-Bengkel-master\vendor\codeigniter4\framework\system\Commands\Server\rewrite.php(45): require_once('D:\\MATERI_KULIA...')
#8 {main}
CRITICAL - 2021-07-19 14:39:12 --> Illegal offset type
#0 D:\MATERI_KULIAH\INFORMATIKA\Semester 6\Pemrograman Framework\SI-Bengkel-master\vendor\codeigniter4\framework\system\Session\Session.php(489): CodeIgniter\Debug\Exceptions->errorHandler(2, 'Illegal offset ...', 'D:\\MATERI_KULIA...', 489, Array)
#1 D:\MATERI_KULIAH\INFORMATIKA\Semester 6\Pemrograman Framework\SI-Bengkel-master\vendor\codeigniter4\framework\system\Session\Session.php(669): CodeIgniter\Session\Session->set(Array, Array)
#2 D:\MATERI_KULIAH\INFORMATIKA\Semester 6\Pemrograman Framework\SI-Bengkel-master\app\Controllers\Master.php(58): CodeIgniter\Session\Session->setFlashdata(Array)
#3 D:\MATERI_KULIAH\INFORMATIKA\Semester 6\Pemrograman Framework\SI-Bengkel-master\vendor\codeigniter4\framework\system\CodeIgniter.php(928): App\Controllers\Master->mekanik()
#4 D:\MATERI_KULIAH\INFORMATIKA\Semester 6\Pemrograman Framework\SI-Bengkel-master\vendor\codeigniter4\framework\system\CodeIgniter.php(436): CodeIgniter\CodeIgniter->runController(Object(App\Controllers\Master))
#5 D:\MATERI_KULIAH\INFORMATIKA\Semester 6\Pemrograman Framework\SI-Bengkel-master\vendor\codeigniter4\framework\system\CodeIgniter.php(336): CodeIgniter\CodeIgniter->handleRequest(NULL, Object(Config\Cache), false)
#6 D:\MATERI_KULIAH\INFORMATIKA\Semester 6\Pemrograman Framework\SI-Bengkel-master\public\index.php(37): CodeIgniter\CodeIgniter->run()
#7 D:\MATERI_KULIAH\INFORMATIKA\Semester 6\Pemrograman Framework\SI-Bengkel-master\vendor\codeigniter4\framework\system\Commands\Server\rewrite.php(45): require_once('D:\\MATERI_KULIA...')
#8 {main}
CRITICAL - 2021-07-19 14:39:13 --> Illegal offset type
#0 D:\MATERI_KULIAH\INFORMATIKA\Semester 6\Pemrograman Framework\SI-Bengkel-master\vendor\codeigniter4\framework\system\Session\Session.php(489): CodeIgniter\Debug\Exceptions->errorHandler(2, 'Illegal offset ...', 'D:\\MATERI_KULIA...', 489, Array)
#1 D:\MATERI_KULIAH\INFORMATIKA\Semester 6\Pemrograman Framework\SI-Bengkel-master\vendor\codeigniter4\framework\system\Session\Session.php(669): CodeIgniter\Session\Session->set(Array, Array)
#2 D:\MATERI_KULIAH\INFORMATIKA\Semester 6\Pemrograman Framework\SI-Bengkel-master\app\Controllers\Master.php(58): CodeIgniter\Session\Session->setFlashdata(Array)
#3 D:\MATERI_KULIAH\INFORMATIKA\Semester 6\Pemrograman Framework\SI-Bengkel-master\vendor\codeigniter4\framework\system\CodeIgniter.php(928): App\Controllers\Master->mekanik()
#4 D:\MATERI_KULIAH\INFORMATIKA\Semester 6\Pemrograman Framework\SI-Bengkel-master\vendor\codeigniter4\framework\system\CodeIgniter.php(436): CodeIgniter\CodeIgniter->runController(Object(App\Controllers\Master))
#5 D:\MATERI_KULIAH\INFORMATIKA\Semester 6\Pemrograman Framework\SI-Bengkel-master\vendor\codeigniter4\framework\system\CodeIgniter.php(336): CodeIgniter\CodeIgniter->handleRequest(NULL, Object(Config\Cache), false)
#6 D:\MATERI_KULIAH\INFORMATIKA\Semester 6\Pemrograman Framework\SI-Bengkel-master\public\index.php(37): CodeIgniter\CodeIgniter->run()
#7 D:\MATERI_KULIAH\INFORMATIKA\Semester 6\Pemrograman Framework\SI-Bengkel-master\vendor\codeigniter4\framework\system\Commands\Server\rewrite.php(45): require_once('D:\\MATERI_KULIA...')
#8 {main}
CRITICAL - 2021-07-19 14:39:14 --> Illegal offset type
#0 D:\MATERI_KULIAH\INFORMATIKA\Semester 6\Pemrograman Framework\SI-Bengkel-master\vendor\codeigniter4\framework\system\Session\Session.php(489): CodeIgniter\Debug\Exceptions->errorHandler(2, 'Illegal offset ...', 'D:\\MATERI_KULIA...', 489, Array)
#1 D:\MATERI_KULIAH\INFORMATIKA\Semester 6\Pemrograman Framework\SI-Bengkel-master\vendor\codeigniter4\framework\system\Session\Session.php(669): CodeIgniter\Session\Session->set(Array, Array)
#2 D:\MATERI_KULIAH\INFORMATIKA\Semester 6\Pemrograman Framework\SI-Bengkel-master\app\Controllers\Master.php(58): CodeIgniter\Session\Session->setFlashdata(Array)
#3 D:\MATERI_KULIAH\INFORMATIKA\Semester 6\Pemrograman Framework\SI-Bengkel-master\vendor\codeigniter4\framework\system\CodeIgniter.php(928): App\Controllers\Master->mekanik()
#4 D:\MATERI_KULIAH\INFORMATIKA\Semester 6\Pemrograman Framework\SI-Bengkel-master\vendor\codeigniter4\framework\system\CodeIgniter.php(436): CodeIgniter\CodeIgniter->runController(Object(App\Controllers\Master))
#5 D:\MATERI_KULIAH\INFORMATIKA\Semester 6\Pemrograman Framework\SI-Bengkel-master\vendor\codeigniter4\framework\system\CodeIgniter.php(336): CodeIgniter\CodeIgniter->handleRequest(NULL, Object(Config\Cache), false)
#6 D:\MATERI_KULIAH\INFORMATIKA\Semester 6\Pemrograman Framework\SI-Bengkel-master\public\index.php(37): CodeIgniter\CodeIgniter->run()
#7 D:\MATERI_KULIAH\INFORMATIKA\Semester 6\Pemrograman Framework\SI-Bengkel-master\vendor\codeigniter4\framework\system\Commands\Server\rewrite.php(45): require_once('D:\\MATERI_KULIA...')
#8 {main}
CRITICAL - 2021-07-19 14:39:21 --> Illegal offset type
#0 D:\MATERI_KULIAH\INFORMATIKA\Semester 6\Pemrograman Framework\SI-Bengkel-master\vendor\codeigniter4\framework\system\Session\Session.php(489): CodeIgniter\Debug\Exceptions->errorHandler(2, 'Illegal offset ...', 'D:\\MATERI_KULIA...', 489, Array)
#1 D:\MATERI_KULIAH\INFORMATIKA\Semester 6\Pemrograman Framework\SI-Bengkel-master\vendor\codeigniter4\framework\system\Session\Session.php(669): CodeIgniter\Session\Session->set(Array, Array)
#2 D:\MATERI_KULIAH\INFORMATIKA\Semester 6\Pemrograman Framework\SI-Bengkel-master\app\Controllers\Master.php(58): CodeIgniter\Session\Session->setFlashdata(Array)
#3 D:\MATERI_KULIAH\INFORMATIKA\Semester 6\Pemrograman Framework\SI-Bengkel-master\vendor\codeigniter4\framework\system\CodeIgniter.php(928): App\Controllers\Master->mekanik()
#4 D:\MATERI_KULIAH\INFORMATIKA\Semester 6\Pemrograman Framework\SI-Bengkel-master\vendor\codeigniter4\framework\system\CodeIgniter.php(436): CodeIgniter\CodeIgniter->runController(Object(App\Controllers\Master))
#5 D:\MATERI_KULIAH\INFORMATIKA\Semester 6\Pemrograman Framework\SI-Bengkel-master\vendor\codeigniter4\framework\system\CodeIgniter.php(336): CodeIgniter\CodeIgniter->handleRequest(NULL, Object(Config\Cache), false)
#6 D:\MATERI_KULIAH\INFORMATIKA\Semester 6\Pemrograman Framework\SI-Bengkel-master\public\index.php(37): CodeIgniter\CodeIgniter->run()
#7 D:\MATERI_KULIAH\INFORMATIKA\Semester 6\Pemrograman Framework\SI-Bengkel-master\vendor\codeigniter4\framework\system\Commands\Server\rewrite.php(45): require_once('D:\\MATERI_KULIA...')
#8 {main}
CRITICAL - 2021-07-19 14:39:55 --> Illegal offset type
#0 D:\MATERI_KULIAH\INFORMATIKA\Semester 6\Pemrograman Framework\SI-Bengkel-master\vendor\codeigniter4\framework\system\Session\Session.php(489): CodeIgniter\Debug\Exceptions->errorHandler(2, 'Illegal offset ...', 'D:\\MATERI_KULIA...', 489, Array)
#1 D:\MATERI_KULIAH\INFORMATIKA\Semester 6\Pemrograman Framework\SI-Bengkel-master\app\Controllers\Master.php(58): CodeIgniter\Session\Session->set(Array)
#2 D:\MATERI_KULIAH\INFORMATIKA\Semester 6\Pemrograman Framework\SI-Bengkel-master\vendor\codeigniter4\framework\system\CodeIgniter.php(928): App\Controllers\Master->mekanik()
#3 D:\MATERI_KULIAH\INFORMATIKA\Semester 6\Pemrograman Framework\SI-Bengkel-master\vendor\codeigniter4\framework\system\CodeIgniter.php(436): CodeIgniter\CodeIgniter->runController(Object(App\Controllers\Master))
#4 D:\MATERI_KULIAH\INFORMATIKA\Semester 6\Pemrograman Framework\SI-Bengkel-master\vendor\codeigniter4\framework\system\CodeIgniter.php(336): CodeIgniter\CodeIgniter->handleRequest(NULL, Object(Config\Cache), false)
#5 D:\MATERI_KULIAH\INFORMATIKA\Semester 6\Pemrograman Framework\SI-Bengkel-master\public\index.php(37): CodeIgniter\CodeIgniter->run()
#6 D:\MATERI_KULIAH\INFORMATIKA\Semester 6\Pemrograman Framework\SI-Bengkel-master\vendor\codeigniter4\framework\system\Commands\Server\rewrite.php(45): require_once('D:\\MATERI_KULIA...')
#7 {main}
CRITICAL - 2021-07-19 14:40:39 --> Illegal offset type
#0 D:\MATERI_KULIAH\INFORMATIKA\Semester 6\Pemrograman Framework\SI-Bengkel-master\vendor\codeigniter4\framework\system\Session\Session.php(489): CodeIgniter\Debug\Exceptions->errorHandler(2, 'Illegal offset ...', 'D:\\MATERI_KULIA...', 489, Array)
#1 D:\MATERI_KULIAH\INFORMATIKA\Semester 6\Pemrograman Framework\SI-Bengkel-master\app\Controllers\Master.php(58): CodeIgniter\Session\Session->set(Array)
#2 D:\MATERI_KULIAH\INFORMATIKA\Semester 6\Pemrograman Framework\SI-Bengkel-master\vendor\codeigniter4\framework\system\CodeIgniter.php(928): App\Controllers\Master->mekanik()
#3 D:\MATERI_KULIAH\INFORMATIKA\Semester 6\Pemrograman Framework\SI-Bengkel-master\vendor\codeigniter4\framework\system\CodeIgniter.php(436): CodeIgniter\CodeIgniter->runController(Object(App\Controllers\Master))
#4 D:\MATERI_KULIAH\INFORMATIKA\Semester 6\Pemrograman Framework\SI-Bengkel-master\vendor\codeigniter4\framework\system\CodeIgniter.php(336): CodeIgniter\CodeIgniter->handleRequest(NULL, Object(Config\Cache), false)
#5 D:\MATERI_KULIAH\INFORMATIKA\Semester 6\Pemrograman Framework\SI-Bengkel-master\public\index.php(37): CodeIgniter\CodeIgniter->run()
#6 D:\MATERI_KULIAH\INFORMATIKA\Semester 6\Pemrograman Framework\SI-Bengkel-master\vendor\codeigniter4\framework\system\Commands\Server\rewrite.php(45): require_once('D:\\MATERI_KULIA...')
#7 {main}
CRITICAL - 2021-07-19 14:42:25 --> Illegal offset type
#0 D:\MATERI_KULIAH\INFORMATIKA\Semester 6\Pemrograman Framework\SI-Bengkel-master\vendor\codeigniter4\framework\system\Session\Session.php(489): CodeIgniter\Debug\Exceptions->errorHandler(2, 'Illegal offset ...', 'D:\\MATERI_KULIA...', 489, Array)
#1 D:\MATERI_KULIAH\INFORMATIKA\Semester 6\Pemrograman Framework\SI-Bengkel-master\app\Controllers\Master.php(58): CodeIgniter\Session\Session->set(Array)
#2 D:\MATERI_KULIAH\INFORMATIKA\Semester 6\Pemrograman Framework\SI-Bengkel-master\vendor\codeigniter4\framework\system\CodeIgniter.php(928): App\Controllers\Master->mekanik()
#3 D:\MATERI_KULIAH\INFORMATIKA\Semester 6\Pemrograman Framework\SI-Bengkel-master\vendor\codeigniter4\framework\system\CodeIgniter.php(436): CodeIgniter\CodeIgniter->runController(Object(App\Controllers\Master))
#4 D:\MATERI_KULIAH\INFORMATIKA\Semester 6\Pemrograman Framework\SI-Bengkel-master\vendor\codeigniter4\framework\system\CodeIgniter.php(336): CodeIgniter\CodeIgniter->handleRequest(NULL, Object(Config\Cache), false)
#5 D:\MATERI_KULIAH\INFORMATIKA\Semester 6\Pemrograman Framework\SI-Bengkel-master\public\index.php(37): CodeIgniter\CodeIgniter->run()
#6 D:\MATERI_KULIAH\INFORMATIKA\Semester 6\Pemrograman Framework\SI-Bengkel-master\vendor\codeigniter4\framework\system\Commands\Server\rewrite.php(45): require_once('D:\\MATERI_KULIA...')
#7 {main}
