CRITICAL - 2021-07-21 09:33:37 --> Undefined variable: nameMekanik
#0 D:\MATERI_KULIAH\INFORMATIKA\Semester 6\Pemrograman Framework\SI-Bengkel-master\app\Views\customer\req_order.php(56): CodeIgniter\Debug\Exceptions->errorHandler(8, 'Undefined varia...', 'D:\\MATERI_KULIA...', 56, Array)
#1 D:\MATERI_KULIAH\INFORMATIKA\Semester 6\Pemrograman Framework\SI-Bengkel-master\vendor\codeigniter4\framework\system\View\View.php(230): include('D:\\MATERI_KULIA...')
#2 D:\MATERI_KULIAH\INFORMATIKA\Semester 6\Pemrograman Framework\SI-Bengkel-master\vendor\codeigniter4\framework\system\View\View.php(232): CodeIgniter\View\View->CodeIgniter\View\{closure}()
#3 D:\MATERI_KULIAH\INFORMATIKA\Semester 6\Pemrograman Framework\SI-Bengkel-master\vendor\codeigniter4\framework\system\Common.php(1271): CodeIgniter\View\View->render('customer/req_or...', Array, true)
#4 D:\MATERI_KULIAH\INFORMATIKA\Semester 6\Pemrograman Framework\SI-Bengkel-master\app\Controllers\Customer.php(78): view('customer/req_or...', Array)
#5 D:\MATERI_KULIAH\INFORMATIKA\Semester 6\Pemrograman Framework\SI-Bengkel-master\vendor\codeigniter4\framework\system\CodeIgniter.php(928): App\Controllers\Customer->request()
#6 D:\MATERI_KULIAH\INFORMATIKA\Semester 6\Pemrograman Framework\SI-Bengkel-master\vendor\codeigniter4\framework\system\CodeIgniter.php(436): CodeIgniter\CodeIgniter->runController(Object(App\Controllers\Customer))
#7 D:\MATERI_KULIAH\INFORMATIKA\Semester 6\Pemrograman Framework\SI-Bengkel-master\vendor\codeigniter4\framework\system\CodeIgniter.php(336): CodeIgniter\CodeIgniter->handleRequest(NULL, Object(Config\Cache), false)
#8 D:\MATERI_KULIAH\INFORMATIKA\Semester 6\Pemrograman Framework\SI-Bengkel-master\public\index.php(37): CodeIgniter\CodeIgniter->run()
#9 D:\MATERI_KULIAH\INFORMATIKA\Semester 6\Pemrograman Framework\SI-Bengkel-master\vendor\codeigniter4\framework\system\Commands\Server\rewrite.php(45): require_once('D:\\MATERI_KULIA...')
#10 {main}
ERROR - 2021-07-21 10:06:40 --> Unknown column 'updated_at' in 'field list'
CRITICAL - 2021-07-21 10:06:40 --> Unknown column 'updated_at' in 'field list'
#0 D:\MATERI_KULIAH\INFORMATIKA\Semester6\PemrogramanFramework\SI-Bengkel-master\vendor\codeigniter4\framework\system\Database\MySQLi\Connection.php(329): mysqli->query('INSERT INTO `sp...')
#1 D:\MATERI_KULIAH\INFORMATIKA\Semester6\PemrogramanFramework\SI-Bengkel-master\vendor\codeigniter4\framework\system\Database\BaseConnection.php(732): CodeIgniter\Database\MySQLi\Connection->execute('INSERT INTO `sp...')
#2 D:\MATERI_KULIAH\INFORMATIKA\Semester6\PemrogramanFramework\SI-Bengkel-master\vendor\codeigniter4\framework\system\Database\BaseConnection.php(647): CodeIgniter\Database\BaseConnection->simpleQuery('INSERT INTO `sp...')
#3 D:\MATERI_KULIAH\INFORMATIKA\Semester6\PemrogramanFramework\SI-Bengkel-master\vendor\codeigniter4\framework\system\Database\BaseBuilder.php(2277): CodeIgniter\Database\BaseConnection->query('INSERT INTO `sp...', Array, false)
#4 D:\MATERI_KULIAH\INFORMATIKA\Semester6\PemrogramanFramework\SI-Bengkel-master\vendor\codeigniter4\framework\system\Model.php(259): CodeIgniter\Database\BaseBuilder->insert()
#5 D:\MATERI_KULIAH\INFORMATIKA\Semester6\PemrogramanFramework\SI-Bengkel-master\vendor\codeigniter4\framework\system\BaseModel.php(774): CodeIgniter\Model->doInsert(Array)
#6 D:\MATERI_KULIAH\INFORMATIKA\Semester6\PemrogramanFramework\SI-Bengkel-master\vendor\codeigniter4\framework\system\Model.php(686): CodeIgniter\BaseModel->insert(Array, true)
#7 D:\MATERI_KULIAH\INFORMATIKA\Semester6\PemrogramanFramework\SI-Bengkel-master\app\Controllers\Customer.php(66): CodeIgniter\Model->insert(Array)
#8 D:\MATERI_KULIAH\INFORMATIKA\Semester6\PemrogramanFramework\SI-Bengkel-master\vendor\codeigniter4\framework\system\CodeIgniter.php(928): App\Controllers\Customer->createSpk()
#9 D:\MATERI_KULIAH\INFORMATIKA\Semester6\PemrogramanFramework\SI-Bengkel-master\vendor\codeigniter4\framework\system\CodeIgniter.php(436): CodeIgniter\CodeIgniter->runController(Object(App\Controllers\Customer))
#10 D:\MATERI_KULIAH\INFORMATIKA\Semester6\PemrogramanFramework\SI-Bengkel-master\vendor\codeigniter4\framework\system\CodeIgniter.php(336): CodeIgniter\CodeIgniter->handleRequest(NULL, Object(Config\Cache), false)
#11 D:\MATERI_KULIAH\INFORMATIKA\Semester6\PemrogramanFramework\SI-Bengkel-master\public\index.php(37): CodeIgniter\CodeIgniter->run()
#12 D:\MATERI_KULIAH\INFORMATIKA\Semester6\PemrogramanFramework\SI-Bengkel-master\vendor\codeigniter4\framework\system\Commands\Server\rewrite.php(45): require_once('D:\\MATERI_KULIA...')
#13 {main}
ERROR - 2021-07-21 10:13:38 --> Column 'created_at' cannot be null
CRITICAL - 2021-07-21 10:13:38 --> Column 'created_at' cannot be null
#0 D:\MATERI_KULIAH\INFORMATIKA\Semester6\PemrogramanFramework\SI-Bengkel-master\vendor\codeigniter4\framework\system\Database\MySQLi\Connection.php(329): mysqli->query('INSERT INTO `sp...')
#1 D:\MATERI_KULIAH\INFORMATIKA\Semester6\PemrogramanFramework\SI-Bengkel-master\vendor\codeigniter4\framework\system\Database\BaseConnection.php(732): CodeIgniter\Database\MySQLi\Connection->execute('INSERT INTO `sp...')
#2 D:\MATERI_KULIAH\INFORMATIKA\Semester6\PemrogramanFramework\SI-Bengkel-master\vendor\codeigniter4\framework\system\Database\BaseConnection.php(647): CodeIgniter\Database\BaseConnection->simpleQuery('INSERT INTO `sp...')
#3 D:\MATERI_KULIAH\INFORMATIKA\Semester6\PemrogramanFramework\SI-Bengkel-master\vendor\codeigniter4\framework\system\Database\BaseBuilder.php(2277): CodeIgniter\Database\BaseConnection->query('INSERT INTO `sp...', Array, false)
#4 D:\MATERI_KULIAH\INFORMATIKA\Semester6\PemrogramanFramework\SI-Bengkel-master\vendor\codeigniter4\framework\system\Model.php(259): CodeIgniter\Database\BaseBuilder->insert()
#5 D:\MATERI_KULIAH\INFORMATIKA\Semester6\PemrogramanFramework\SI-Bengkel-master\vendor\codeigniter4\framework\system\BaseModel.php(774): CodeIgniter\Model->doInsert(Array)
#6 D:\MATERI_KULIAH\INFORMATIKA\Semester6\PemrogramanFramework\SI-Bengkel-master\vendor\codeigniter4\framework\system\Model.php(686): CodeIgniter\BaseModel->insert(Array, true)
#7 D:\MATERI_KULIAH\INFORMATIKA\Semester6\PemrogramanFramework\SI-Bengkel-master\app\Controllers\Customer.php(67): CodeIgniter\Model->insert(Array)
#8 D:\MATERI_KULIAH\INFORMATIKA\Semester6\PemrogramanFramework\SI-Bengkel-master\vendor\codeigniter4\framework\system\CodeIgniter.php(928): App\Controllers\Customer->createSpk()
#9 D:\MATERI_KULIAH\INFORMATIKA\Semester6\PemrogramanFramework\SI-Bengkel-master\vendor\codeigniter4\framework\system\CodeIgniter.php(436): CodeIgniter\CodeIgniter->runController(Object(App\Controllers\Customer))
#10 D:\MATERI_KULIAH\INFORMATIKA\Semester6\PemrogramanFramework\SI-Bengkel-master\vendor\codeigniter4\framework\system\CodeIgniter.php(336): CodeIgniter\CodeIgniter->handleRequest(NULL, Object(Config\Cache), false)
#11 D:\MATERI_KULIAH\INFORMATIKA\Semester6\PemrogramanFramework\SI-Bengkel-master\public\index.php(37): CodeIgniter\CodeIgniter->run()
#12 D:\MATERI_KULIAH\INFORMATIKA\Semester6\PemrogramanFramework\SI-Bengkel-master\vendor\codeigniter4\framework\system\Commands\Server\rewrite.php(45): require_once('D:\\MATERI_KULIA...')
#13 {main}
ERROR - 2021-07-21 10:15:20 --> Column 'created_at' cannot be null
CRITICAL - 2021-07-21 10:15:20 --> Column 'created_at' cannot be null
#0 D:\MATERI_KULIAH\INFORMATIKA\Semester6\PemrogramanFramework\SI-Bengkel-master\vendor\codeigniter4\framework\system\Database\MySQLi\Connection.php(329): mysqli->query('INSERT INTO `sp...')
#1 D:\MATERI_KULIAH\INFORMATIKA\Semester6\PemrogramanFramework\SI-Bengkel-master\vendor\codeigniter4\framework\system\Database\BaseConnection.php(732): CodeIgniter\Database\MySQLi\Connection->execute('INSERT INTO `sp...')
#2 D:\MATERI_KULIAH\INFORMATIKA\Semester6\PemrogramanFramework\SI-Bengkel-master\vendor\codeigniter4\framework\system\Database\BaseConnection.php(647): CodeIgniter\Database\BaseConnection->simpleQuery('INSERT INTO `sp...')
#3 D:\MATERI_KULIAH\INFORMATIKA\Semester6\PemrogramanFramework\SI-Bengkel-master\vendor\codeigniter4\framework\system\Database\BaseBuilder.php(2277): CodeIgniter\Database\BaseConnection->query('INSERT INTO `sp...', Array, false)
#4 D:\MATERI_KULIAH\INFORMATIKA\Semester6\PemrogramanFramework\SI-Bengkel-master\vendor\codeigniter4\framework\system\Model.php(259): CodeIgniter\Database\BaseBuilder->insert()
#5 D:\MATERI_KULIAH\INFORMATIKA\Semester6\PemrogramanFramework\SI-Bengkel-master\vendor\codeigniter4\framework\system\BaseModel.php(774): CodeIgniter\Model->doInsert(Array)
#6 D:\MATERI_KULIAH\INFORMATIKA\Semester6\PemrogramanFramework\SI-Bengkel-master\vendor\codeigniter4\framework\system\Model.php(686): CodeIgniter\BaseModel->insert(Array, true)
#7 D:\MATERI_KULIAH\INFORMATIKA\Semester6\PemrogramanFramework\SI-Bengkel-master\app\Controllers\Customer.php(67): CodeIgniter\Model->insert(Array)
#8 D:\MATERI_KULIAH\INFORMATIKA\Semester6\PemrogramanFramework\SI-Bengkel-master\vendor\codeigniter4\framework\system\CodeIgniter.php(928): App\Controllers\Customer->createSpk()
#9 D:\MATERI_KULIAH\INFORMATIKA\Semester6\PemrogramanFramework\SI-Bengkel-master\vendor\codeigniter4\framework\system\CodeIgniter.php(436): CodeIgniter\CodeIgniter->runController(Object(App\Controllers\Customer))
#10 D:\MATERI_KULIAH\INFORMATIKA\Semester6\PemrogramanFramework\SI-Bengkel-master\vendor\codeigniter4\framework\system\CodeIgniter.php(336): CodeIgniter\CodeIgniter->handleRequest(NULL, Object(Config\Cache), false)
#11 D:\MATERI_KULIAH\INFORMATIKA\Semester6\PemrogramanFramework\SI-Bengkel-master\public\index.php(37): CodeIgniter\CodeIgniter->run()
#12 D:\MATERI_KULIAH\INFORMATIKA\Semester6\PemrogramanFramework\SI-Bengkel-master\vendor\codeigniter4\framework\system\Commands\Server\rewrite.php(45): require_once('D:\\MATERI_KULIA...')
#13 {main}
CRITICAL - 2021-07-21 10:55:00 --> Undefined variable: nameMekanik
#0 D:\MATERI_KULIAH\INFORMATIKA\Semester6\PemrogramanFramework\SI-Bengkel-master\app\Views\customer\req_order.php(60): CodeIgniter\Debug\Exceptions->errorHandler(8, 'Undefined varia...', 'D:\\MATERI_KULIA...', 60, Array)
#1 D:\MATERI_KULIAH\INFORMATIKA\Semester6\PemrogramanFramework\SI-Bengkel-master\vendor\codeigniter4\framework\system\View\View.php(230): include('D:\\MATERI_KULIA...')
#2 D:\MATERI_KULIAH\INFORMATIKA\Semester6\PemrogramanFramework\SI-Bengkel-master\vendor\codeigniter4\framework\system\View\View.php(232): CodeIgniter\View\View->CodeIgniter\View\{closure}()
#3 D:\MATERI_KULIAH\INFORMATIKA\Semester6\PemrogramanFramework\SI-Bengkel-master\vendor\codeigniter4\framework\system\Common.php(1271): CodeIgniter\View\View->render('customer/req_or...', Array, true)
#4 D:\MATERI_KULIAH\INFORMATIKA\Semester6\PemrogramanFramework\SI-Bengkel-master\app\Controllers\Customer.php(83): view('customer/req_or...', Array)
#5 D:\MATERI_KULIAH\INFORMATIKA\Semester6\PemrogramanFramework\SI-Bengkel-master\vendor\codeigniter4\framework\system\CodeIgniter.php(928): App\Controllers\Customer->request()
#6 D:\MATERI_KULIAH\INFORMATIKA\Semester6\PemrogramanFramework\SI-Bengkel-master\vendor\codeigniter4\framework\system\CodeIgniter.php(436): CodeIgniter\CodeIgniter->runController(Object(App\Controllers\Customer))
#7 D:\MATERI_KULIAH\INFORMATIKA\Semester6\PemrogramanFramework\SI-Bengkel-master\vendor\codeigniter4\framework\system\CodeIgniter.php(336): CodeIgniter\CodeIgniter->handleRequest(NULL, Object(Config\Cache), false)
#8 D:\MATERI_KULIAH\INFORMATIKA\Semester6\PemrogramanFramework\SI-Bengkel-master\public\index.php(37): CodeIgniter\CodeIgniter->run()
#9 D:\MATERI_KULIAH\INFORMATIKA\Semester6\PemrogramanFramework\SI-Bengkel-master\vendor\codeigniter4\framework\system\Commands\Server\rewrite.php(45): require_once('D:\\MATERI_KULIA...')
#10 {main}
