CRITICAL - 2021-07-17 11:45:17 --> Undefined variable: name
#0 D:\MATERI_KULIAH\INFORMATIKA\Semester 6\Pemrograman Framework\SI-Bengkel-master\app\Views\layout\navbar.php(21): CodeIgniter\Debug\Exceptions->errorHandler(8, 'Undefined varia...', 'D:\\MATERI_KULIA...', 21, Array)
#1 D:\MATERI_KULIAH\INFORMATIKA\Semester 6\Pemrograman Framework\SI-Bengkel-master\vendor\codeigniter4\framework\system\View\View.php(230): include('D:\\MATERI_KULIA...')
#2 D:\MATERI_KULIAH\INFORMATIKA\Semester 6\Pemrograman Framework\SI-Bengkel-master\vendor\codeigniter4\framework\system\View\View.php(232): CodeIgniter\View\View->CodeIgniter\View\{closure}()
#3 D:\MATERI_KULIAH\INFORMATIKA\Semester 6\Pemrograman Framework\SI-Bengkel-master\vendor\codeigniter4\framework\system\View\View.php(487): CodeIgniter\View\View->render('layout/navbar', NULL, true)
#4 D:\MATERI_KULIAH\INFORMATIKA\Semester 6\Pemrograman Framework\SI-Bengkel-master\app\Views\layout\wrapper.php(21): CodeIgniter\View\View->include('layout/navbar')
#5 D:\MATERI_KULIAH\INFORMATIKA\Semester 6\Pemrograman Framework\SI-Bengkel-master\vendor\codeigniter4\framework\system\View\View.php(230): include('D:\\MATERI_KULIA...')
#6 D:\MATERI_KULIAH\INFORMATIKA\Semester 6\Pemrograman Framework\SI-Bengkel-master\vendor\codeigniter4\framework\system\View\View.php(232): CodeIgniter\View\View->CodeIgniter\View\{closure}()
#7 D:\MATERI_KULIAH\INFORMATIKA\Semester 6\Pemrograman Framework\SI-Bengkel-master\vendor\codeigniter4\framework\system\View\View.php(246): CodeIgniter\View\View->render('layout/wrapper', Array, true)
#8 D:\MATERI_KULIAH\INFORMATIKA\Semester 6\Pemrograman Framework\SI-Bengkel-master\vendor\codeigniter4\framework\system\Common.php(1271): CodeIgniter\View\View->render('master/stock_pa...', Array, true)
#9 D:\MATERI_KULIAH\INFORMATIKA\Semester 6\Pemrograman Framework\SI-Bengkel-master\app\Controllers\Master.php(14): view('master/stock_pa...', Array)
#10 D:\MATERI_KULIAH\INFORMATIKA\Semester 6\Pemrograman Framework\SI-Bengkel-master\vendor\codeigniter4\framework\system\CodeIgniter.php(928): App\Controllers\Master->index()
#11 D:\MATERI_KULIAH\INFORMATIKA\Semester 6\Pemrograman Framework\SI-Bengkel-master\vendor\codeigniter4\framework\system\CodeIgniter.php(436): CodeIgniter\CodeIgniter->runController(Object(App\Controllers\Master))
#12 D:\MATERI_KULIAH\INFORMATIKA\Semester 6\Pemrograman Framework\SI-Bengkel-master\vendor\codeigniter4\framework\system\CodeIgniter.php(336): CodeIgniter\CodeIgniter->handleRequest(NULL, Object(Config\Cache), false)
#13 D:\MATERI_KULIAH\INFORMATIKA\Semester 6\Pemrograman Framework\SI-Bengkel-master\public\index.php(37): CodeIgniter\CodeIgniter->run()
#14 D:\MATERI_KULIAH\INFORMATIKA\Semester 6\Pemrograman Framework\SI-Bengkel-master\vendor\codeigniter4\framework\system\Commands\Server\rewrite.php(45): require_once('D:\\MATERI_KULIA...')
#15 {main}
CRITICAL - 2021-07-17 11:45:45 --> Undefined variable: query
#0 D:\MATERI_KULIAH\INFORMATIKA\Semester 6\Pemrograman Framework\SI-Bengkel-master\app\Views\layout\navbar.php(21): CodeIgniter\Debug\Exceptions->errorHandler(8, 'Undefined varia...', 'D:\\MATERI_KULIA...', 21, Array)
#1 D:\MATERI_KULIAH\INFORMATIKA\Semester 6\Pemrograman Framework\SI-Bengkel-master\vendor\codeigniter4\framework\system\View\View.php(230): include('D:\\MATERI_KULIA...')
#2 D:\MATERI_KULIAH\INFORMATIKA\Semester 6\Pemrograman Framework\SI-Bengkel-master\vendor\codeigniter4\framework\system\View\View.php(232): CodeIgniter\View\View->CodeIgniter\View\{closure}()
#3 D:\MATERI_KULIAH\INFORMATIKA\Semester 6\Pemrograman Framework\SI-Bengkel-master\vendor\codeigniter4\framework\system\View\View.php(487): CodeIgniter\View\View->render('layout/navbar', NULL, true)
#4 D:\MATERI_KULIAH\INFORMATIKA\Semester 6\Pemrograman Framework\SI-Bengkel-master\app\Views\layout\wrapper.php(21): CodeIgniter\View\View->include('layout/navbar')
#5 D:\MATERI_KULIAH\INFORMATIKA\Semester 6\Pemrograman Framework\SI-Bengkel-master\vendor\codeigniter4\framework\system\View\View.php(230): include('D:\\MATERI_KULIA...')
#6 D:\MATERI_KULIAH\INFORMATIKA\Semester 6\Pemrograman Framework\SI-Bengkel-master\vendor\codeigniter4\framework\system\View\View.php(232): CodeIgniter\View\View->CodeIgniter\View\{closure}()
#7 D:\MATERI_KULIAH\INFORMATIKA\Semester 6\Pemrograman Framework\SI-Bengkel-master\vendor\codeigniter4\framework\system\View\View.php(246): CodeIgniter\View\View->render('layout/wrapper', Array, true)
#8 D:\MATERI_KULIAH\INFORMATIKA\Semester 6\Pemrograman Framework\SI-Bengkel-master\vendor\codeigniter4\framework\system\Common.php(1271): CodeIgniter\View\View->render('master/stock_pa...', Array, true)
#9 D:\MATERI_KULIAH\INFORMATIKA\Semester 6\Pemrograman Framework\SI-Bengkel-master\app\Controllers\Master.php(14): view('master/stock_pa...', Array)
#10 D:\MATERI_KULIAH\INFORMATIKA\Semester 6\Pemrograman Framework\SI-Bengkel-master\vendor\codeigniter4\framework\system\CodeIgniter.php(928): App\Controllers\Master->index()
#11 D:\MATERI_KULIAH\INFORMATIKA\Semester 6\Pemrograman Framework\SI-Bengkel-master\vendor\codeigniter4\framework\system\CodeIgniter.php(436): CodeIgniter\CodeIgniter->runController(Object(App\Controllers\Master))
#12 D:\MATERI_KULIAH\INFORMATIKA\Semester 6\Pemrograman Framework\SI-Bengkel-master\vendor\codeigniter4\framework\system\CodeIgniter.php(336): CodeIgniter\CodeIgniter->handleRequest(NULL, Object(Config\Cache), false)
#13 D:\MATERI_KULIAH\INFORMATIKA\Semester 6\Pemrograman Framework\SI-Bengkel-master\public\index.php(37): CodeIgniter\CodeIgniter->run()
#14 D:\MATERI_KULIAH\INFORMATIKA\Semester 6\Pemrograman Framework\SI-Bengkel-master\vendor\codeigniter4\framework\system\Commands\Server\rewrite.php(45): require_once('D:\\MATERI_KULIA...')
#15 {main}
CRITICAL - 2021-07-17 11:47:25 --> Undefined variable: query
#0 D:\MATERI_KULIAH\INFORMATIKA\Semester 6\Pemrograman Framework\SI-Bengkel-master\app\Views\layout\navbar.php(21): CodeIgniter\Debug\Exceptions->errorHandler(8, 'Undefined varia...', 'D:\\MATERI_KULIA...', 21, Array)
#1 D:\MATERI_KULIAH\INFORMATIKA\Semester 6\Pemrograman Framework\SI-Bengkel-master\vendor\codeigniter4\framework\system\View\View.php(230): include('D:\\MATERI_KULIA...')
#2 D:\MATERI_KULIAH\INFORMATIKA\Semester 6\Pemrograman Framework\SI-Bengkel-master\vendor\codeigniter4\framework\system\View\View.php(232): CodeIgniter\View\View->CodeIgniter\View\{closure}()
#3 D:\MATERI_KULIAH\INFORMATIKA\Semester 6\Pemrograman Framework\SI-Bengkel-master\vendor\codeigniter4\framework\system\View\View.php(487): CodeIgniter\View\View->render('layout/navbar', NULL, true)
#4 D:\MATERI_KULIAH\INFORMATIKA\Semester 6\Pemrograman Framework\SI-Bengkel-master\app\Views\layout\wrapper.php(21): CodeIgniter\View\View->include('layout/navbar')
#5 D:\MATERI_KULIAH\INFORMATIKA\Semester 6\Pemrograman Framework\SI-Bengkel-master\vendor\codeigniter4\framework\system\View\View.php(230): include('D:\\MATERI_KULIA...')
#6 D:\MATERI_KULIAH\INFORMATIKA\Semester 6\Pemrograman Framework\SI-Bengkel-master\vendor\codeigniter4\framework\system\View\View.php(232): CodeIgniter\View\View->CodeIgniter\View\{closure}()
#7 D:\MATERI_KULIAH\INFORMATIKA\Semester 6\Pemrograman Framework\SI-Bengkel-master\vendor\codeigniter4\framework\system\View\View.php(246): CodeIgniter\View\View->render('layout/wrapper', Array, true)
#8 D:\MATERI_KULIAH\INFORMATIKA\Semester 6\Pemrograman Framework\SI-Bengkel-master\vendor\codeigniter4\framework\system\Common.php(1271): CodeIgniter\View\View->render('master/stock_pa...', Array, true)
#9 D:\MATERI_KULIAH\INFORMATIKA\Semester 6\Pemrograman Framework\SI-Bengkel-master\app\Controllers\Master.php(14): view('master/stock_pa...', Array)
#10 D:\MATERI_KULIAH\INFORMATIKA\Semester 6\Pemrograman Framework\SI-Bengkel-master\vendor\codeigniter4\framework\system\CodeIgniter.php(928): App\Controllers\Master->index()
#11 D:\MATERI_KULIAH\INFORMATIKA\Semester 6\Pemrograman Framework\SI-Bengkel-master\vendor\codeigniter4\framework\system\CodeIgniter.php(436): CodeIgniter\CodeIgniter->runController(Object(App\Controllers\Master))
#12 D:\MATERI_KULIAH\INFORMATIKA\Semester 6\Pemrograman Framework\SI-Bengkel-master\vendor\codeigniter4\framework\system\CodeIgniter.php(336): CodeIgniter\CodeIgniter->handleRequest(NULL, Object(Config\Cache), false)
#13 D:\MATERI_KULIAH\INFORMATIKA\Semester 6\Pemrograman Framework\SI-Bengkel-master\public\index.php(37): CodeIgniter\CodeIgniter->run()
#14 D:\MATERI_KULIAH\INFORMATIKA\Semester 6\Pemrograman Framework\SI-Bengkel-master\vendor\codeigniter4\framework\system\Commands\Server\rewrite.php(45): require_once('D:\\MATERI_KULIA...')
#15 {main}
CRITICAL - 2021-07-17 11:47:46 --> Undefined variable: name
#0 D:\MATERI_KULIAH\INFORMATIKA\Semester 6\Pemrograman Framework\SI-Bengkel-master\app\Views\layout\navbar.php(21): CodeIgniter\Debug\Exceptions->errorHandler(8, 'Undefined varia...', 'D:\\MATERI_KULIA...', 21, Array)
#1 D:\MATERI_KULIAH\INFORMATIKA\Semester 6\Pemrograman Framework\SI-Bengkel-master\vendor\codeigniter4\framework\system\View\View.php(230): include('D:\\MATERI_KULIA...')
#2 D:\MATERI_KULIAH\INFORMATIKA\Semester 6\Pemrograman Framework\SI-Bengkel-master\vendor\codeigniter4\framework\system\View\View.php(232): CodeIgniter\View\View->CodeIgniter\View\{closure}()
#3 D:\MATERI_KULIAH\INFORMATIKA\Semester 6\Pemrograman Framework\SI-Bengkel-master\vendor\codeigniter4\framework\system\View\View.php(487): CodeIgniter\View\View->render('layout/navbar', NULL, true)
#4 D:\MATERI_KULIAH\INFORMATIKA\Semester 6\Pemrograman Framework\SI-Bengkel-master\app\Views\layout\wrapper.php(21): CodeIgniter\View\View->include('layout/navbar')
#5 D:\MATERI_KULIAH\INFORMATIKA\Semester 6\Pemrograman Framework\SI-Bengkel-master\vendor\codeigniter4\framework\system\View\View.php(230): include('D:\\MATERI_KULIA...')
#6 D:\MATERI_KULIAH\INFORMATIKA\Semester 6\Pemrograman Framework\SI-Bengkel-master\vendor\codeigniter4\framework\system\View\View.php(232): CodeIgniter\View\View->CodeIgniter\View\{closure}()
#7 D:\MATERI_KULIAH\INFORMATIKA\Semester 6\Pemrograman Framework\SI-Bengkel-master\vendor\codeigniter4\framework\system\View\View.php(246): CodeIgniter\View\View->render('layout/wrapper', Array, true)
#8 D:\MATERI_KULIAH\INFORMATIKA\Semester 6\Pemrograman Framework\SI-Bengkel-master\vendor\codeigniter4\framework\system\Common.php(1271): CodeIgniter\View\View->render('master/stock_pa...', Array, true)
#9 D:\MATERI_KULIAH\INFORMATIKA\Semester 6\Pemrograman Framework\SI-Bengkel-master\app\Controllers\Master.php(14): view('master/stock_pa...', Array)
#10 D:\MATERI_KULIAH\INFORMATIKA\Semester 6\Pemrograman Framework\SI-Bengkel-master\vendor\codeigniter4\framework\system\CodeIgniter.php(928): App\Controllers\Master->index()
#11 D:\MATERI_KULIAH\INFORMATIKA\Semester 6\Pemrograman Framework\SI-Bengkel-master\vendor\codeigniter4\framework\system\CodeIgniter.php(436): CodeIgniter\CodeIgniter->runController(Object(App\Controllers\Master))
#12 D:\MATERI_KULIAH\INFORMATIKA\Semester 6\Pemrograman Framework\SI-Bengkel-master\vendor\codeigniter4\framework\system\CodeIgniter.php(336): CodeIgniter\CodeIgniter->handleRequest(NULL, Object(Config\Cache), false)
#13 D:\MATERI_KULIAH\INFORMATIKA\Semester 6\Pemrograman Framework\SI-Bengkel-master\public\index.php(37): CodeIgniter\CodeIgniter->run()
#14 D:\MATERI_KULIAH\INFORMATIKA\Semester 6\Pemrograman Framework\SI-Bengkel-master\vendor\codeigniter4\framework\system\Commands\Server\rewrite.php(45): require_once('D:\\MATERI_KULIA...')
#15 {main}
CRITICAL - 2021-07-17 11:48:26 --> Undefined variable: data
#0 D:\MATERI_KULIAH\INFORMATIKA\Semester 6\Pemrograman Framework\SI-Bengkel-master\app\Views\layout\navbar.php(21): CodeIgniter\Debug\Exceptions->errorHandler(8, 'Undefined varia...', 'D:\\MATERI_KULIA...', 21, Array)
#1 D:\MATERI_KULIAH\INFORMATIKA\Semester 6\Pemrograman Framework\SI-Bengkel-master\vendor\codeigniter4\framework\system\View\View.php(230): include('D:\\MATERI_KULIA...')
#2 D:\MATERI_KULIAH\INFORMATIKA\Semester 6\Pemrograman Framework\SI-Bengkel-master\vendor\codeigniter4\framework\system\View\View.php(232): CodeIgniter\View\View->CodeIgniter\View\{closure}()
#3 D:\MATERI_KULIAH\INFORMATIKA\Semester 6\Pemrograman Framework\SI-Bengkel-master\vendor\codeigniter4\framework\system\View\View.php(487): CodeIgniter\View\View->render('layout/navbar', NULL, true)
#4 D:\MATERI_KULIAH\INFORMATIKA\Semester 6\Pemrograman Framework\SI-Bengkel-master\app\Views\layout\wrapper.php(21): CodeIgniter\View\View->include('layout/navbar')
#5 D:\MATERI_KULIAH\INFORMATIKA\Semester 6\Pemrograman Framework\SI-Bengkel-master\vendor\codeigniter4\framework\system\View\View.php(230): include('D:\\MATERI_KULIA...')
#6 D:\MATERI_KULIAH\INFORMATIKA\Semester 6\Pemrograman Framework\SI-Bengkel-master\vendor\codeigniter4\framework\system\View\View.php(232): CodeIgniter\View\View->CodeIgniter\View\{closure}()
#7 D:\MATERI_KULIAH\INFORMATIKA\Semester 6\Pemrograman Framework\SI-Bengkel-master\vendor\codeigniter4\framework\system\View\View.php(246): CodeIgniter\View\View->render('layout/wrapper', Array, true)
#8 D:\MATERI_KULIAH\INFORMATIKA\Semester 6\Pemrograman Framework\SI-Bengkel-master\vendor\codeigniter4\framework\system\Common.php(1271): CodeIgniter\View\View->render('master/stock_pa...', Array, true)
#9 D:\MATERI_KULIAH\INFORMATIKA\Semester 6\Pemrograman Framework\SI-Bengkel-master\app\Controllers\Master.php(14): view('master/stock_pa...', Array)
#10 D:\MATERI_KULIAH\INFORMATIKA\Semester 6\Pemrograman Framework\SI-Bengkel-master\vendor\codeigniter4\framework\system\CodeIgniter.php(928): App\Controllers\Master->index()
#11 D:\MATERI_KULIAH\INFORMATIKA\Semester 6\Pemrograman Framework\SI-Bengkel-master\vendor\codeigniter4\framework\system\CodeIgniter.php(436): CodeIgniter\CodeIgniter->runController(Object(App\Controllers\Master))
#12 D:\MATERI_KULIAH\INFORMATIKA\Semester 6\Pemrograman Framework\SI-Bengkel-master\vendor\codeigniter4\framework\system\CodeIgniter.php(336): CodeIgniter\CodeIgniter->handleRequest(NULL, Object(Config\Cache), false)
#13 D:\MATERI_KULIAH\INFORMATIKA\Semester 6\Pemrograman Framework\SI-Bengkel-master\public\index.php(37): CodeIgniter\CodeIgniter->run()
#14 D:\MATERI_KULIAH\INFORMATIKA\Semester 6\Pemrograman Framework\SI-Bengkel-master\vendor\codeigniter4\framework\system\Commands\Server\rewrite.php(45): require_once('D:\\MATERI_KULIA...')
#15 {main}
CRITICAL - 2021-07-17 11:51:47 --> Undefined variable: query
#0 D:\MATERI_KULIAH\INFORMATIKA\Semester 6\Pemrograman Framework\SI-Bengkel-master\app\Views\layout\navbar.php(21): CodeIgniter\Debug\Exceptions->errorHandler(8, 'Undefined varia...', 'D:\\MATERI_KULIA...', 21, Array)
#1 D:\MATERI_KULIAH\INFORMATIKA\Semester 6\Pemrograman Framework\SI-Bengkel-master\vendor\codeigniter4\framework\system\View\View.php(230): include('D:\\MATERI_KULIA...')
#2 D:\MATERI_KULIAH\INFORMATIKA\Semester 6\Pemrograman Framework\SI-Bengkel-master\vendor\codeigniter4\framework\system\View\View.php(232): CodeIgniter\View\View->CodeIgniter\View\{closure}()
#3 D:\MATERI_KULIAH\INFORMATIKA\Semester 6\Pemrograman Framework\SI-Bengkel-master\vendor\codeigniter4\framework\system\View\View.php(487): CodeIgniter\View\View->render('layout/navbar', NULL, true)
#4 D:\MATERI_KULIAH\INFORMATIKA\Semester 6\Pemrograman Framework\SI-Bengkel-master\app\Views\layout\wrapper.php(21): CodeIgniter\View\View->include('layout/navbar')
#5 D:\MATERI_KULIAH\INFORMATIKA\Semester 6\Pemrograman Framework\SI-Bengkel-master\vendor\codeigniter4\framework\system\View\View.php(230): include('D:\\MATERI_KULIA...')
#6 D:\MATERI_KULIAH\INFORMATIKA\Semester 6\Pemrograman Framework\SI-Bengkel-master\vendor\codeigniter4\framework\system\View\View.php(232): CodeIgniter\View\View->CodeIgniter\View\{closure}()
#7 D:\MATERI_KULIAH\INFORMATIKA\Semester 6\Pemrograman Framework\SI-Bengkel-master\vendor\codeigniter4\framework\system\View\View.php(246): CodeIgniter\View\View->render('layout/wrapper', Array, true)
#8 D:\MATERI_KULIAH\INFORMATIKA\Semester 6\Pemrograman Framework\SI-Bengkel-master\vendor\codeigniter4\framework\system\Common.php(1271): CodeIgniter\View\View->render('master/stock_pa...', Array, true)
#9 D:\MATERI_KULIAH\INFORMATIKA\Semester 6\Pemrograman Framework\SI-Bengkel-master\app\Controllers\Master.php(14): view('master/stock_pa...', Array)
#10 D:\MATERI_KULIAH\INFORMATIKA\Semester 6\Pemrograman Framework\SI-Bengkel-master\vendor\codeigniter4\framework\system\CodeIgniter.php(928): App\Controllers\Master->index()
#11 D:\MATERI_KULIAH\INFORMATIKA\Semester 6\Pemrograman Framework\SI-Bengkel-master\vendor\codeigniter4\framework\system\CodeIgniter.php(436): CodeIgniter\CodeIgniter->runController(Object(App\Controllers\Master))
#12 D:\MATERI_KULIAH\INFORMATIKA\Semester 6\Pemrograman Framework\SI-Bengkel-master\vendor\codeigniter4\framework\system\CodeIgniter.php(336): CodeIgniter\CodeIgniter->handleRequest(NULL, Object(Config\Cache), false)
#13 D:\MATERI_KULIAH\INFORMATIKA\Semester 6\Pemrograman Framework\SI-Bengkel-master\public\index.php(37): CodeIgniter\CodeIgniter->run()
#14 D:\MATERI_KULIAH\INFORMATIKA\Semester 6\Pemrograman Framework\SI-Bengkel-master\vendor\codeigniter4\framework\system\Commands\Server\rewrite.php(45): require_once('D:\\MATERI_KULIA...')
#15 {main}
CRITICAL - 2021-07-17 11:53:12 --> Undefined variable: query
#0 D:\MATERI_KULIAH\INFORMATIKA\Semester 6\Pemrograman Framework\SI-Bengkel-master\app\Views\layout\navbar.php(21): CodeIgniter\Debug\Exceptions->errorHandler(8, 'Undefined varia...', 'D:\\MATERI_KULIA...', 21, Array)
#1 D:\MATERI_KULIAH\INFORMATIKA\Semester 6\Pemrograman Framework\SI-Bengkel-master\vendor\codeigniter4\framework\system\View\View.php(230): include('D:\\MATERI_KULIA...')
#2 D:\MATERI_KULIAH\INFORMATIKA\Semester 6\Pemrograman Framework\SI-Bengkel-master\vendor\codeigniter4\framework\system\View\View.php(232): CodeIgniter\View\View->CodeIgniter\View\{closure}()
#3 D:\MATERI_KULIAH\INFORMATIKA\Semester 6\Pemrograman Framework\SI-Bengkel-master\vendor\codeigniter4\framework\system\View\View.php(487): CodeIgniter\View\View->render('layout/navbar', NULL, true)
#4 D:\MATERI_KULIAH\INFORMATIKA\Semester 6\Pemrograman Framework\SI-Bengkel-master\app\Views\layout\wrapper.php(21): CodeIgniter\View\View->include('layout/navbar')
#5 D:\MATERI_KULIAH\INFORMATIKA\Semester 6\Pemrograman Framework\SI-Bengkel-master\vendor\codeigniter4\framework\system\View\View.php(230): include('D:\\MATERI_KULIA...')
#6 D:\MATERI_KULIAH\INFORMATIKA\Semester 6\Pemrograman Framework\SI-Bengkel-master\vendor\codeigniter4\framework\system\View\View.php(232): CodeIgniter\View\View->CodeIgniter\View\{closure}()
#7 D:\MATERI_KULIAH\INFORMATIKA\Semester 6\Pemrograman Framework\SI-Bengkel-master\vendor\codeigniter4\framework\system\View\View.php(246): CodeIgniter\View\View->render('layout/wrapper', Array, true)
#8 D:\MATERI_KULIAH\INFORMATIKA\Semester 6\Pemrograman Framework\SI-Bengkel-master\vendor\codeigniter4\framework\system\Common.php(1271): CodeIgniter\View\View->render('master/stock_pa...', Array, true)
#9 D:\MATERI_KULIAH\INFORMATIKA\Semester 6\Pemrograman Framework\SI-Bengkel-master\app\Controllers\Master.php(18): view('master/stock_pa...', Array)
#10 D:\MATERI_KULIAH\INFORMATIKA\Semester 6\Pemrograman Framework\SI-Bengkel-master\vendor\codeigniter4\framework\system\CodeIgniter.php(928): App\Controllers\Master->index()
#11 D:\MATERI_KULIAH\INFORMATIKA\Semester 6\Pemrograman Framework\SI-Bengkel-master\vendor\codeigniter4\framework\system\CodeIgniter.php(436): CodeIgniter\CodeIgniter->runController(Object(App\Controllers\Master))
#12 D:\MATERI_KULIAH\INFORMATIKA\Semester 6\Pemrograman Framework\SI-Bengkel-master\vendor\codeigniter4\framework\system\CodeIgniter.php(336): CodeIgniter\CodeIgniter->handleRequest(NULL, Object(Config\Cache), false)
#13 D:\MATERI_KULIAH\INFORMATIKA\Semester 6\Pemrograman Framework\SI-Bengkel-master\public\index.php(37): CodeIgniter\CodeIgniter->run()
#14 D:\MATERI_KULIAH\INFORMATIKA\Semester 6\Pemrograman Framework\SI-Bengkel-master\vendor\codeigniter4\framework\system\Commands\Server\rewrite.php(45): require_once('D:\\MATERI_KULIA...')
#15 {main}
CRITICAL - 2021-07-17 11:53:14 --> Undefined variable: query
#0 D:\MATERI_KULIAH\INFORMATIKA\Semester 6\Pemrograman Framework\SI-Bengkel-master\app\Views\layout\navbar.php(21): CodeIgniter\Debug\Exceptions->errorHandler(8, 'Undefined varia...', 'D:\\MATERI_KULIA...', 21, Array)
#1 D:\MATERI_KULIAH\INFORMATIKA\Semester 6\Pemrograman Framework\SI-Bengkel-master\vendor\codeigniter4\framework\system\View\View.php(230): include('D:\\MATERI_KULIA...')
#2 D:\MATERI_KULIAH\INFORMATIKA\Semester 6\Pemrograman Framework\SI-Bengkel-master\vendor\codeigniter4\framework\system\View\View.php(232): CodeIgniter\View\View->CodeIgniter\View\{closure}()
#3 D:\MATERI_KULIAH\INFORMATIKA\Semester 6\Pemrograman Framework\SI-Bengkel-master\vendor\codeigniter4\framework\system\View\View.php(487): CodeIgniter\View\View->render('layout/navbar', NULL, true)
#4 D:\MATERI_KULIAH\INFORMATIKA\Semester 6\Pemrograman Framework\SI-Bengkel-master\app\Views\layout\wrapper.php(21): CodeIgniter\View\View->include('layout/navbar')
#5 D:\MATERI_KULIAH\INFORMATIKA\Semester 6\Pemrograman Framework\SI-Bengkel-master\vendor\codeigniter4\framework\system\View\View.php(230): include('D:\\MATERI_KULIA...')
#6 D:\MATERI_KULIAH\INFORMATIKA\Semester 6\Pemrograman Framework\SI-Bengkel-master\vendor\codeigniter4\framework\system\View\View.php(232): CodeIgniter\View\View->CodeIgniter\View\{closure}()
#7 D:\MATERI_KULIAH\INFORMATIKA\Semester 6\Pemrograman Framework\SI-Bengkel-master\vendor\codeigniter4\framework\system\View\View.php(246): CodeIgniter\View\View->render('layout/wrapper', Array, true)
#8 D:\MATERI_KULIAH\INFORMATIKA\Semester 6\Pemrograman Framework\SI-Bengkel-master\vendor\codeigniter4\framework\system\Common.php(1271): CodeIgniter\View\View->render('master/stock_pa...', Array, true)
#9 D:\MATERI_KULIAH\INFORMATIKA\Semester 6\Pemrograman Framework\SI-Bengkel-master\app\Controllers\Master.php(18): view('master/stock_pa...', Array)
#10 D:\MATERI_KULIAH\INFORMATIKA\Semester 6\Pemrograman Framework\SI-Bengkel-master\vendor\codeigniter4\framework\system\CodeIgniter.php(928): App\Controllers\Master->index()
#11 D:\MATERI_KULIAH\INFORMATIKA\Semester 6\Pemrograman Framework\SI-Bengkel-master\vendor\codeigniter4\framework\system\CodeIgniter.php(436): CodeIgniter\CodeIgniter->runController(Object(App\Controllers\Master))
#12 D:\MATERI_KULIAH\INFORMATIKA\Semester 6\Pemrograman Framework\SI-Bengkel-master\vendor\codeigniter4\framework\system\CodeIgniter.php(336): CodeIgniter\CodeIgniter->handleRequest(NULL, Object(Config\Cache), false)
#13 D:\MATERI_KULIAH\INFORMATIKA\Semester 6\Pemrograman Framework\SI-Bengkel-master\public\index.php(37): CodeIgniter\CodeIgniter->run()
#14 D:\MATERI_KULIAH\INFORMATIKA\Semester 6\Pemrograman Framework\SI-Bengkel-master\vendor\codeigniter4\framework\system\Commands\Server\rewrite.php(45): require_once('D:\\MATERI_KULIA...')
#15 {main}
CRITICAL - 2021-07-17 11:57:26 --> Undefined variable: user
#0 D:\MATERI_KULIAH\INFORMATIKA\Semester 6\Pemrograman Framework\SI-Bengkel-master\app\Views\layout\navbar.php(21): CodeIgniter\Debug\Exceptions->errorHandler(8, 'Undefined varia...', 'D:\\MATERI_KULIA...', 21, Array)
#1 D:\MATERI_KULIAH\INFORMATIKA\Semester 6\Pemrograman Framework\SI-Bengkel-master\vendor\codeigniter4\framework\system\View\View.php(230): include('D:\\MATERI_KULIA...')
#2 D:\MATERI_KULIAH\INFORMATIKA\Semester 6\Pemrograman Framework\SI-Bengkel-master\vendor\codeigniter4\framework\system\View\View.php(232): CodeIgniter\View\View->CodeIgniter\View\{closure}()
#3 D:\MATERI_KULIAH\INFORMATIKA\Semester 6\Pemrograman Framework\SI-Bengkel-master\vendor\codeigniter4\framework\system\View\View.php(487): CodeIgniter\View\View->render('layout/navbar', NULL, true)
#4 D:\MATERI_KULIAH\INFORMATIKA\Semester 6\Pemrograman Framework\SI-Bengkel-master\app\Views\layout\wrapper.php(21): CodeIgniter\View\View->include('layout/navbar')
#5 D:\MATERI_KULIAH\INFORMATIKA\Semester 6\Pemrograman Framework\SI-Bengkel-master\vendor\codeigniter4\framework\system\View\View.php(230): include('D:\\MATERI_KULIA...')
#6 D:\MATERI_KULIAH\INFORMATIKA\Semester 6\Pemrograman Framework\SI-Bengkel-master\vendor\codeigniter4\framework\system\View\View.php(232): CodeIgniter\View\View->CodeIgniter\View\{closure}()
#7 D:\MATERI_KULIAH\INFORMATIKA\Semester 6\Pemrograman Framework\SI-Bengkel-master\vendor\codeigniter4\framework\system\View\View.php(246): CodeIgniter\View\View->render('layout/wrapper', Array, true)
#8 D:\MATERI_KULIAH\INFORMATIKA\Semester 6\Pemrograman Framework\SI-Bengkel-master\vendor\codeigniter4\framework\system\Common.php(1271): CodeIgniter\View\View->render('customer/cust_s...', Array, true)
#9 D:\MATERI_KULIAH\INFORMATIKA\Semester 6\Pemrograman Framework\SI-Bengkel-master\app\Controllers\Customer.php(12): view('customer/cust_s...', Array)
#10 D:\MATERI_KULIAH\INFORMATIKA\Semester 6\Pemrograman Framework\SI-Bengkel-master\vendor\codeigniter4\framework\system\CodeIgniter.php(928): App\Controllers\Customer->index()
#11 D:\MATERI_KULIAH\INFORMATIKA\Semester 6\Pemrograman Framework\SI-Bengkel-master\vendor\codeigniter4\framework\system\CodeIgniter.php(436): CodeIgniter\CodeIgniter->runController(Object(App\Controllers\Customer))
#12 D:\MATERI_KULIAH\INFORMATIKA\Semester 6\Pemrograman Framework\SI-Bengkel-master\vendor\codeigniter4\framework\system\CodeIgniter.php(336): CodeIgniter\CodeIgniter->handleRequest(NULL, Object(Config\Cache), false)
#13 D:\MATERI_KULIAH\INFORMATIKA\Semester 6\Pemrograman Framework\SI-Bengkel-master\public\index.php(37): CodeIgniter\CodeIgniter->run()
#14 D:\MATERI_KULIAH\INFORMATIKA\Semester 6\Pemrograman Framework\SI-Bengkel-master\vendor\codeigniter4\framework\system\Commands\Server\rewrite.php(45): require_once('D:\\MATERI_KULIA...')
#15 {main}
CRITICAL - 2021-07-17 11:58:03 --> Undefined variable: user
#0 D:\MATERI_KULIAH\INFORMATIKA\Semester 6\Pemrograman Framework\SI-Bengkel-master\app\Views\layout\navbar.php(21): CodeIgniter\Debug\Exceptions->errorHandler(8, 'Undefined varia...', 'D:\\MATERI_KULIA...', 21, Array)
#1 D:\MATERI_KULIAH\INFORMATIKA\Semester 6\Pemrograman Framework\SI-Bengkel-master\vendor\codeigniter4\framework\system\View\View.php(230): include('D:\\MATERI_KULIA...')
#2 D:\MATERI_KULIAH\INFORMATIKA\Semester 6\Pemrograman Framework\SI-Bengkel-master\vendor\codeigniter4\framework\system\View\View.php(232): CodeIgniter\View\View->CodeIgniter\View\{closure}()
#3 D:\MATERI_KULIAH\INFORMATIKA\Semester 6\Pemrograman Framework\SI-Bengkel-master\vendor\codeigniter4\framework\system\View\View.php(487): CodeIgniter\View\View->render('layout/navbar', NULL, true)
#4 D:\MATERI_KULIAH\INFORMATIKA\Semester 6\Pemrograman Framework\SI-Bengkel-master\app\Views\layout\wrapper.php(21): CodeIgniter\View\View->include('layout/navbar')
#5 D:\MATERI_KULIAH\INFORMATIKA\Semester 6\Pemrograman Framework\SI-Bengkel-master\vendor\codeigniter4\framework\system\View\View.php(230): include('D:\\MATERI_KULIA...')
#6 D:\MATERI_KULIAH\INFORMATIKA\Semester 6\Pemrograman Framework\SI-Bengkel-master\vendor\codeigniter4\framework\system\View\View.php(232): CodeIgniter\View\View->CodeIgniter\View\{closure}()
#7 D:\MATERI_KULIAH\INFORMATIKA\Semester 6\Pemrograman Framework\SI-Bengkel-master\vendor\codeigniter4\framework\system\View\View.php(246): CodeIgniter\View\View->render('layout/wrapper', Array, true)
#8 D:\MATERI_KULIAH\INFORMATIKA\Semester 6\Pemrograman Framework\SI-Bengkel-master\vendor\codeigniter4\framework\system\Common.php(1271): CodeIgniter\View\View->render('customer/cust_s...', Array, true)
#9 D:\MATERI_KULIAH\INFORMATIKA\Semester 6\Pemrograman Framework\SI-Bengkel-master\app\Controllers\Customer.php(12): view('customer/cust_s...', Array)
#10 D:\MATERI_KULIAH\INFORMATIKA\Semester 6\Pemrograman Framework\SI-Bengkel-master\vendor\codeigniter4\framework\system\CodeIgniter.php(928): App\Controllers\Customer->index()
#11 D:\MATERI_KULIAH\INFORMATIKA\Semester 6\Pemrograman Framework\SI-Bengkel-master\vendor\codeigniter4\framework\system\CodeIgniter.php(436): CodeIgniter\CodeIgniter->runController(Object(App\Controllers\Customer))
#12 D:\MATERI_KULIAH\INFORMATIKA\Semester 6\Pemrograman Framework\SI-Bengkel-master\vendor\codeigniter4\framework\system\CodeIgniter.php(336): CodeIgniter\CodeIgniter->handleRequest(NULL, Object(Config\Cache), false)
#13 D:\MATERI_KULIAH\INFORMATIKA\Semester 6\Pemrograman Framework\SI-Bengkel-master\public\index.php(37): CodeIgniter\CodeIgniter->run()
#14 D:\MATERI_KULIAH\INFORMATIKA\Semester 6\Pemrograman Framework\SI-Bengkel-master\vendor\codeigniter4\framework\system\Commands\Server\rewrite.php(45): require_once('D:\\MATERI_KULIA...')
#15 {main}
CRITICAL - 2021-07-17 11:59:28 --> Undefined variable: user
#0 D:\MATERI_KULIAH\INFORMATIKA\Semester 6\Pemrograman Framework\SI-Bengkel-master\app\Views\layout\navbar.php(21): CodeIgniter\Debug\Exceptions->errorHandler(8, 'Undefined varia...', 'D:\\MATERI_KULIA...', 21, Array)
#1 D:\MATERI_KULIAH\INFORMATIKA\Semester 6\Pemrograman Framework\SI-Bengkel-master\vendor\codeigniter4\framework\system\View\View.php(230): include('D:\\MATERI_KULIA...')
#2 D:\MATERI_KULIAH\INFORMATIKA\Semester 6\Pemrograman Framework\SI-Bengkel-master\vendor\codeigniter4\framework\system\View\View.php(232): CodeIgniter\View\View->CodeIgniter\View\{closure}()
#3 D:\MATERI_KULIAH\INFORMATIKA\Semester 6\Pemrograman Framework\SI-Bengkel-master\vendor\codeigniter4\framework\system\View\View.php(487): CodeIgniter\View\View->render('layout/navbar', NULL, true)
#4 D:\MATERI_KULIAH\INFORMATIKA\Semester 6\Pemrograman Framework\SI-Bengkel-master\app\Views\layout\wrapper.php(21): CodeIgniter\View\View->include('layout/navbar')
#5 D:\MATERI_KULIAH\INFORMATIKA\Semester 6\Pemrograman Framework\SI-Bengkel-master\vendor\codeigniter4\framework\system\View\View.php(230): include('D:\\MATERI_KULIA...')
#6 D:\MATERI_KULIAH\INFORMATIKA\Semester 6\Pemrograman Framework\SI-Bengkel-master\vendor\codeigniter4\framework\system\View\View.php(232): CodeIgniter\View\View->CodeIgniter\View\{closure}()
#7 D:\MATERI_KULIAH\INFORMATIKA\Semester 6\Pemrograman Framework\SI-Bengkel-master\vendor\codeigniter4\framework\system\View\View.php(246): CodeIgniter\View\View->render('layout/wrapper', Array, true)
#8 D:\MATERI_KULIAH\INFORMATIKA\Semester 6\Pemrograman Framework\SI-Bengkel-master\vendor\codeigniter4\framework\system\Common.php(1271): CodeIgniter\View\View->render('master/list_mek...', Array, true)
#9 D:\MATERI_KULIAH\INFORMATIKA\Semester 6\Pemrograman Framework\SI-Bengkel-master\app\Controllers\Master.php(27): view('master/list_mek...', Array)
#10 D:\MATERI_KULIAH\INFORMATIKA\Semester 6\Pemrograman Framework\SI-Bengkel-master\vendor\codeigniter4\framework\system\CodeIgniter.php(928): App\Controllers\Master->mekanik()
#11 D:\MATERI_KULIAH\INFORMATIKA\Semester 6\Pemrograman Framework\SI-Bengkel-master\vendor\codeigniter4\framework\system\CodeIgniter.php(436): CodeIgniter\CodeIgniter->runController(Object(App\Controllers\Master))
#12 D:\MATERI_KULIAH\INFORMATIKA\Semester 6\Pemrograman Framework\SI-Bengkel-master\vendor\codeigniter4\framework\system\CodeIgniter.php(336): CodeIgniter\CodeIgniter->handleRequest(NULL, Object(Config\Cache), false)
#13 D:\MATERI_KULIAH\INFORMATIKA\Semester 6\Pemrograman Framework\SI-Bengkel-master\public\index.php(37): CodeIgniter\CodeIgniter->run()
#14 D:\MATERI_KULIAH\INFORMATIKA\Semester 6\Pemrograman Framework\SI-Bengkel-master\vendor\codeigniter4\framework\system\Commands\Server\rewrite.php(45): require_once('D:\\MATERI_KULIA...')
#15 {main}
CRITICAL - 2021-07-17 12:04:37 --> Illegal string offset 'name'
#0 D:\MATERI_KULIAH\INFORMATIKA\Semester 6\Pemrograman Framework\SI-Bengkel-master\app\Views\layout\navbar.php(21): CodeIgniter\Debug\Exceptions->errorHandler(2, 'Illegal string ...', 'D:\\MATERI_KULIA...', 21, Array)
#1 D:\MATERI_KULIAH\INFORMATIKA\Semester 6\Pemrograman Framework\SI-Bengkel-master\vendor\codeigniter4\framework\system\View\View.php(230): include('D:\\MATERI_KULIA...')
#2 D:\MATERI_KULIAH\INFORMATIKA\Semester 6\Pemrograman Framework\SI-Bengkel-master\vendor\codeigniter4\framework\system\View\View.php(232): CodeIgniter\View\View->CodeIgniter\View\{closure}()
#3 D:\MATERI_KULIAH\INFORMATIKA\Semester 6\Pemrograman Framework\SI-Bengkel-master\vendor\codeigniter4\framework\system\View\View.php(487): CodeIgniter\View\View->render('layout/navbar', NULL, true)
#4 D:\MATERI_KULIAH\INFORMATIKA\Semester 6\Pemrograman Framework\SI-Bengkel-master\app\Views\layout\wrapper.php(21): CodeIgniter\View\View->include('layout/navbar')
#5 D:\MATERI_KULIAH\INFORMATIKA\Semester 6\Pemrograman Framework\SI-Bengkel-master\vendor\codeigniter4\framework\system\View\View.php(230): include('D:\\MATERI_KULIA...')
#6 D:\MATERI_KULIAH\INFORMATIKA\Semester 6\Pemrograman Framework\SI-Bengkel-master\vendor\codeigniter4\framework\system\View\View.php(232): CodeIgniter\View\View->CodeIgniter\View\{closure}()
#7 D:\MATERI_KULIAH\INFORMATIKA\Semester 6\Pemrograman Framework\SI-Bengkel-master\vendor\codeigniter4\framework\system\View\View.php(246): CodeIgniter\View\View->render('layout/wrapper', Array, true)
#8 D:\MATERI_KULIAH\INFORMATIKA\Semester 6\Pemrograman Framework\SI-Bengkel-master\vendor\codeigniter4\framework\system\Common.php(1271): CodeIgniter\View\View->render('master/list_mek...', Array, true)
#9 D:\MATERI_KULIAH\INFORMATIKA\Semester 6\Pemrograman Framework\SI-Bengkel-master\app\Controllers\Master.php(29): view('master/list_mek...', Array)
#10 D:\MATERI_KULIAH\INFORMATIKA\Semester 6\Pemrograman Framework\SI-Bengkel-master\vendor\codeigniter4\framework\system\CodeIgniter.php(928): App\Controllers\Master->mekanik()
#11 D:\MATERI_KULIAH\INFORMATIKA\Semester 6\Pemrograman Framework\SI-Bengkel-master\vendor\codeigniter4\framework\system\CodeIgniter.php(436): CodeIgniter\CodeIgniter->runController(Object(App\Controllers\Master))
#12 D:\MATERI_KULIAH\INFORMATIKA\Semester 6\Pemrograman Framework\SI-Bengkel-master\vendor\codeigniter4\framework\system\CodeIgniter.php(336): CodeIgniter\CodeIgniter->handleRequest(NULL, Object(Config\Cache), false)
#13 D:\MATERI_KULIAH\INFORMATIKA\Semester 6\Pemrograman Framework\SI-Bengkel-master\public\index.php(37): CodeIgniter\CodeIgniter->run()
#14 D:\MATERI_KULIAH\INFORMATIKA\Semester 6\Pemrograman Framework\SI-Bengkel-master\vendor\codeigniter4\framework\system\Commands\Server\rewrite.php(45): require_once('D:\\MATERI_KULIA...')
#15 {main}
CRITICAL - 2021-07-17 12:05:06 --> Illegal string offset 'name'
#0 D:\MATERI_KULIAH\INFORMATIKA\Semester 6\Pemrograman Framework\SI-Bengkel-master\app\Views\layout\navbar.php(21): CodeIgniter\Debug\Exceptions->errorHandler(2, 'Illegal string ...', 'D:\\MATERI_KULIA...', 21, Array)
#1 D:\MATERI_KULIAH\INFORMATIKA\Semester 6\Pemrograman Framework\SI-Bengkel-master\vendor\codeigniter4\framework\system\View\View.php(230): include('D:\\MATERI_KULIA...')
#2 D:\MATERI_KULIAH\INFORMATIKA\Semester 6\Pemrograman Framework\SI-Bengkel-master\vendor\codeigniter4\framework\system\View\View.php(232): CodeIgniter\View\View->CodeIgniter\View\{closure}()
#3 D:\MATERI_KULIAH\INFORMATIKA\Semester 6\Pemrograman Framework\SI-Bengkel-master\vendor\codeigniter4\framework\system\View\View.php(487): CodeIgniter\View\View->render('layout/navbar', NULL, true)
#4 D:\MATERI_KULIAH\INFORMATIKA\Semester 6\Pemrograman Framework\SI-Bengkel-master\app\Views\layout\wrapper.php(21): CodeIgniter\View\View->include('layout/navbar')
#5 D:\MATERI_KULIAH\INFORMATIKA\Semester 6\Pemrograman Framework\SI-Bengkel-master\vendor\codeigniter4\framework\system\View\View.php(230): include('D:\\MATERI_KULIA...')
#6 D:\MATERI_KULIAH\INFORMATIKA\Semester 6\Pemrograman Framework\SI-Bengkel-master\vendor\codeigniter4\framework\system\View\View.php(232): CodeIgniter\View\View->CodeIgniter\View\{closure}()
#7 D:\MATERI_KULIAH\INFORMATIKA\Semester 6\Pemrograman Framework\SI-Bengkel-master\vendor\codeigniter4\framework\system\View\View.php(246): CodeIgniter\View\View->render('layout/wrapper', Array, true)
#8 D:\MATERI_KULIAH\INFORMATIKA\Semester 6\Pemrograman Framework\SI-Bengkel-master\vendor\codeigniter4\framework\system\Common.php(1271): CodeIgniter\View\View->render('master/list_mek...', Array, true)
#9 D:\MATERI_KULIAH\INFORMATIKA\Semester 6\Pemrograman Framework\SI-Bengkel-master\app\Controllers\Master.php(29): view('master/list_mek...', Array)
#10 D:\MATERI_KULIAH\INFORMATIKA\Semester 6\Pemrograman Framework\SI-Bengkel-master\vendor\codeigniter4\framework\system\CodeIgniter.php(928): App\Controllers\Master->mekanik()
#11 D:\MATERI_KULIAH\INFORMATIKA\Semester 6\Pemrograman Framework\SI-Bengkel-master\vendor\codeigniter4\framework\system\CodeIgniter.php(436): CodeIgniter\CodeIgniter->runController(Object(App\Controllers\Master))
#12 D:\MATERI_KULIAH\INFORMATIKA\Semester 6\Pemrograman Framework\SI-Bengkel-master\vendor\codeigniter4\framework\system\CodeIgniter.php(336): CodeIgniter\CodeIgniter->handleRequest(NULL, Object(Config\Cache), false)
#13 D:\MATERI_KULIAH\INFORMATIKA\Semester 6\Pemrograman Framework\SI-Bengkel-master\public\index.php(37): CodeIgniter\CodeIgniter->run()
#14 D:\MATERI_KULIAH\INFORMATIKA\Semester 6\Pemrograman Framework\SI-Bengkel-master\vendor\codeigniter4\framework\system\Commands\Server\rewrite.php(45): require_once('D:\\MATERI_KULIA...')
#15 {main}
CRITICAL - 2021-07-17 12:09:39 --> Undefined variable: user
#0 D:\MATERI_KULIAH\INFORMATIKA\Semester 6\Pemrograman Framework\SI-Bengkel-master\app\Views\layout\navbar.php(21): CodeIgniter\Debug\Exceptions->errorHandler(8, 'Undefined varia...', 'D:\\MATERI_KULIA...', 21, Array)
#1 D:\MATERI_KULIAH\INFORMATIKA\Semester 6\Pemrograman Framework\SI-Bengkel-master\vendor\codeigniter4\framework\system\View\View.php(230): include('D:\\MATERI_KULIA...')
#2 D:\MATERI_KULIAH\INFORMATIKA\Semester 6\Pemrograman Framework\SI-Bengkel-master\vendor\codeigniter4\framework\system\View\View.php(232): CodeIgniter\View\View->CodeIgniter\View\{closure}()
#3 D:\MATERI_KULIAH\INFORMATIKA\Semester 6\Pemrograman Framework\SI-Bengkel-master\vendor\codeigniter4\framework\system\View\View.php(487): CodeIgniter\View\View->render('layout/navbar', NULL, true)
#4 D:\MATERI_KULIAH\INFORMATIKA\Semester 6\Pemrograman Framework\SI-Bengkel-master\app\Views\layout\wrapper.php(21): CodeIgniter\View\View->include('layout/navbar')
#5 D:\MATERI_KULIAH\INFORMATIKA\Semester 6\Pemrograman Framework\SI-Bengkel-master\vendor\codeigniter4\framework\system\View\View.php(230): include('D:\\MATERI_KULIA...')
#6 D:\MATERI_KULIAH\INFORMATIKA\Semester 6\Pemrograman Framework\SI-Bengkel-master\vendor\codeigniter4\framework\system\View\View.php(232): CodeIgniter\View\View->CodeIgniter\View\{closure}()
#7 D:\MATERI_KULIAH\INFORMATIKA\Semester 6\Pemrograman Framework\SI-Bengkel-master\vendor\codeigniter4\framework\system\View\View.php(246): CodeIgniter\View\View->render('layout/wrapper', Array, true)
#8 D:\MATERI_KULIAH\INFORMATIKA\Semester 6\Pemrograman Framework\SI-Bengkel-master\vendor\codeigniter4\framework\system\Common.php(1271): CodeIgniter\View\View->render('history/data_se...', Array, true)
#9 D:\MATERI_KULIAH\INFORMATIKA\Semester 6\Pemrograman Framework\SI-Bengkel-master\app\Controllers\History.php(12): view('history/data_se...', Array)
#10 D:\MATERI_KULIAH\INFORMATIKA\Semester 6\Pemrograman Framework\SI-Bengkel-master\vendor\codeigniter4\framework\system\CodeIgniter.php(928): App\Controllers\History->index()
#11 D:\MATERI_KULIAH\INFORMATIKA\Semester 6\Pemrograman Framework\SI-Bengkel-master\vendor\codeigniter4\framework\system\CodeIgniter.php(436): CodeIgniter\CodeIgniter->runController(Object(App\Controllers\History))
#12 D:\MATERI_KULIAH\INFORMATIKA\Semester 6\Pemrograman Framework\SI-Bengkel-master\vendor\codeigniter4\framework\system\CodeIgniter.php(336): CodeIgniter\CodeIgniter->handleRequest(NULL, Object(Config\Cache), false)
#13 D:\MATERI_KULIAH\INFORMATIKA\Semester 6\Pemrograman Framework\SI-Bengkel-master\public\index.php(37): CodeIgniter\CodeIgniter->run()
#14 D:\MATERI_KULIAH\INFORMATIKA\Semester 6\Pemrograman Framework\SI-Bengkel-master\vendor\codeigniter4\framework\system\Commands\Server\rewrite.php(45): require_once('D:\\MATERI_KULIA...')
#15 {main}
CRITICAL - 2021-07-17 12:25:53 --> "j-M-Y" is not a valid datetime format
#0 D:\MATERI_KULIAH\INFORMATIKA\Semester 6\Pemrograman Framework\SI-Bengkel-master\vendor\codeigniter4\framework\system\I18n\Time.php(280): CodeIgniter\I18n\Exceptions\I18nException::forInvalidFormat('j-M-Y')
#1 D:\MATERI_KULIAH\INFORMATIKA\Semester 6\Pemrograman Framework\SI-Bengkel-master\app\Controllers\Customer.php(12): CodeIgniter\I18n\Time::createFromFormat('j-M-Y', 'now', 'Asia/Jakarta')
#2 D:\MATERI_KULIAH\INFORMATIKA\Semester 6\Pemrograman Framework\SI-Bengkel-master\vendor\codeigniter4\framework\system\CodeIgniter.php(928): App\Controllers\Customer->index()
#3 D:\MATERI_KULIAH\INFORMATIKA\Semester 6\Pemrograman Framework\SI-Bengkel-master\vendor\codeigniter4\framework\system\CodeIgniter.php(436): CodeIgniter\CodeIgniter->runController(Object(App\Controllers\Customer))
#4 D:\MATERI_KULIAH\INFORMATIKA\Semester 6\Pemrograman Framework\SI-Bengkel-master\vendor\codeigniter4\framework\system\CodeIgniter.php(336): CodeIgniter\CodeIgniter->handleRequest(NULL, Object(Config\Cache), false)
#5 D:\MATERI_KULIAH\INFORMATIKA\Semester 6\Pemrograman Framework\SI-Bengkel-master\public\index.php(37): CodeIgniter\CodeIgniter->run()
#6 D:\MATERI_KULIAH\INFORMATIKA\Semester 6\Pemrograman Framework\SI-Bengkel-master\vendor\codeigniter4\framework\system\Commands\Server\rewrite.php(45): require_once('D:\\MATERI_KULIA...')
#7 {main}
