CRITICAL - 2021-07-24 09:28:05 --> Undefined variable: pager
#0 D:\MATERI_KULIAH\INFORMATIKA\Semester6\PemrogramanFramework\SI-Bengkel-master\app\Views\master\list_mekanik.php(68): CodeIgniter\Debug\Exceptions->errorHandler(8, 'Undefined varia...', 'D:\\MATERI_KULIA...', 68, Array)
#1 D:\MATERI_KULIAH\INFORMATIKA\Semester6\PemrogramanFramework\SI-Bengkel-master\vendor\codeigniter4\framework\system\View\View.php(230): include('D:\\MATERI_KULIA...')
#2 D:\MATERI_KULIAH\INFORMATIKA\Semester6\PemrogramanFramework\SI-Bengkel-master\vendor\codeigniter4\framework\system\View\View.php(232): CodeIgniter\View\View->CodeIgniter\View\{closure}()
#3 D:\MATERI_KULIAH\INFORMATIKA\Semester6\PemrogramanFramework\SI-Bengkel-master\vendor\codeigniter4\framework\system\Common.php(1271): CodeIgniter\View\View->render('master/list_mek...', Array, true)
#4 D:\MATERI_KULIAH\INFORMATIKA\Semester6\PemrogramanFramework\SI-Bengkel-master\app\Controllers\Master.php(61): view('master/list_mek...', Array)
#5 D:\MATERI_KULIAH\INFORMATIKA\Semester6\PemrogramanFramework\SI-Bengkel-master\vendor\codeigniter4\framework\system\CodeIgniter.php(928): App\Controllers\Master->mekanik()
#6 D:\MATERI_KULIAH\INFORMATIKA\Semester6\PemrogramanFramework\SI-Bengkel-master\vendor\codeigniter4\framework\system\CodeIgniter.php(436): CodeIgniter\CodeIgniter->runController(Object(App\Controllers\Master))
#7 D:\MATERI_KULIAH\INFORMATIKA\Semester6\PemrogramanFramework\SI-Bengkel-master\vendor\codeigniter4\framework\system\CodeIgniter.php(336): CodeIgniter\CodeIgniter->handleRequest(NULL, Object(Config\Cache), false)
#8 D:\MATERI_KULIAH\INFORMATIKA\Semester6\PemrogramanFramework\SI-Bengkel-master\public\index.php(37): CodeIgniter\CodeIgniter->run()
#9 D:\MATERI_KULIAH\INFORMATIKA\Semester6\PemrogramanFramework\SI-Bengkel-master\vendor\codeigniter4\framework\system\Commands\Server\rewrite.php(45): require_once('D:\\MATERI_KULIA...')
#10 {main}
CRITICAL - 2021-07-24 09:29:25 --> orang_pagination is not a valid Pager template.
#0 D:\MATERI_KULIAH\INFORMATIKA\Semester6\PemrogramanFramework\SI-Bengkel-master\vendor\codeigniter4\framework\system\Pager\Pager.php(152): CodeIgniter\Pager\Exceptions\PagerException::forInvalidTemplate('orang_paginatio...')
#1 D:\MATERI_KULIAH\INFORMATIKA\Semester6\PemrogramanFramework\SI-Bengkel-master\vendor\codeigniter4\framework\system\Pager\Pager.php(93): CodeIgniter\Pager\Pager->displayLinks('orang', 'orang_paginatio...')
#2 D:\MATERI_KULIAH\INFORMATIKA\Semester6\PemrogramanFramework\SI-Bengkel-master\app\Views\master\list_mekanik.php(68): CodeIgniter\Pager\Pager->links('orang', 'orang_paginatio...')
#3 D:\MATERI_KULIAH\INFORMATIKA\Semester6\PemrogramanFramework\SI-Bengkel-master\vendor\codeigniter4\framework\system\View\View.php(230): include('D:\\MATERI_KULIA...')
#4 D:\MATERI_KULIAH\INFORMATIKA\Semester6\PemrogramanFramework\SI-Bengkel-master\vendor\codeigniter4\framework\system\View\View.php(232): CodeIgniter\View\View->CodeIgniter\View\{closure}()
#5 D:\MATERI_KULIAH\INFORMATIKA\Semester6\PemrogramanFramework\SI-Bengkel-master\vendor\codeigniter4\framework\system\Common.php(1271): CodeIgniter\View\View->render('master/list_mek...', Array, true)
#6 D:\MATERI_KULIAH\INFORMATIKA\Semester6\PemrogramanFramework\SI-Bengkel-master\app\Controllers\Master.php(62): view('master/list_mek...', Array)
#7 D:\MATERI_KULIAH\INFORMATIKA\Semester6\PemrogramanFramework\SI-Bengkel-master\vendor\codeigniter4\framework\system\CodeIgniter.php(928): App\Controllers\Master->mekanik()
#8 D:\MATERI_KULIAH\INFORMATIKA\Semester6\PemrogramanFramework\SI-Bengkel-master\vendor\codeigniter4\framework\system\CodeIgniter.php(436): CodeIgniter\CodeIgniter->runController(Object(App\Controllers\Master))
#9 D:\MATERI_KULIAH\INFORMATIKA\Semester6\PemrogramanFramework\SI-Bengkel-master\vendor\codeigniter4\framework\system\CodeIgniter.php(336): CodeIgniter\CodeIgniter->handleRequest(NULL, Object(Config\Cache), false)
#10 D:\MATERI_KULIAH\INFORMATIKA\Semester6\PemrogramanFramework\SI-Bengkel-master\public\index.php(37): CodeIgniter\CodeIgniter->run()
#11 D:\MATERI_KULIAH\INFORMATIKA\Semester6\PemrogramanFramework\SI-Bengkel-master\vendor\codeigniter4\framework\system\Commands\Server\rewrite.php(45): require_once('D:\\MATERI_KULIA...')
#12 {main}
CRITICAL - 2021-07-24 09:30:58 --> orang_pagination is not a valid Pager template.
#0 D:\MATERI_KULIAH\INFORMATIKA\Semester6\PemrogramanFramework\SI-Bengkel-master\vendor\codeigniter4\framework\system\Pager\Pager.php(152): CodeIgniter\Pager\Exceptions\PagerException::forInvalidTemplate('orang_paginatio...')
#1 D:\MATERI_KULIAH\INFORMATIKA\Semester6\PemrogramanFramework\SI-Bengkel-master\vendor\codeigniter4\framework\system\Pager\Pager.php(93): CodeIgniter\Pager\Pager->displayLinks('orang', 'orang_paginatio...')
#2 D:\MATERI_KULIAH\INFORMATIKA\Semester6\PemrogramanFramework\SI-Bengkel-master\app\Views\master\list_mekanik.php(68): CodeIgniter\Pager\Pager->links('orang', 'orang_paginatio...')
#3 D:\MATERI_KULIAH\INFORMATIKA\Semester6\PemrogramanFramework\SI-Bengkel-master\vendor\codeigniter4\framework\system\View\View.php(230): include('D:\\MATERI_KULIA...')
#4 D:\MATERI_KULIAH\INFORMATIKA\Semester6\PemrogramanFramework\SI-Bengkel-master\vendor\codeigniter4\framework\system\View\View.php(232): CodeIgniter\View\View->CodeIgniter\View\{closure}()
#5 D:\MATERI_KULIAH\INFORMATIKA\Semester6\PemrogramanFramework\SI-Bengkel-master\vendor\codeigniter4\framework\system\Common.php(1271): CodeIgniter\View\View->render('master/list_mek...', Array, true)
#6 D:\MATERI_KULIAH\INFORMATIKA\Semester6\PemrogramanFramework\SI-Bengkel-master\app\Controllers\Master.php(62): view('master/list_mek...', Array)
#7 D:\MATERI_KULIAH\INFORMATIKA\Semester6\PemrogramanFramework\SI-Bengkel-master\vendor\codeigniter4\framework\system\CodeIgniter.php(928): App\Controllers\Master->mekanik()
#8 D:\MATERI_KULIAH\INFORMATIKA\Semester6\PemrogramanFramework\SI-Bengkel-master\vendor\codeigniter4\framework\system\CodeIgniter.php(436): CodeIgniter\CodeIgniter->runController(Object(App\Controllers\Master))
#9 D:\MATERI_KULIAH\INFORMATIKA\Semester6\PemrogramanFramework\SI-Bengkel-master\vendor\codeigniter4\framework\system\CodeIgniter.php(336): CodeIgniter\CodeIgniter->handleRequest(NULL, Object(Config\Cache), false)
#10 D:\MATERI_KULIAH\INFORMATIKA\Semester6\PemrogramanFramework\SI-Bengkel-master\public\index.php(37): CodeIgniter\CodeIgniter->run()
#11 D:\MATERI_KULIAH\INFORMATIKA\Semester6\PemrogramanFramework\SI-Bengkel-master\vendor\codeigniter4\framework\system\Commands\Server\rewrite.php(45): require_once('D:\\MATERI_KULIA...')
#12 {main}
CRITICAL - 2021-07-24 09:33:44 --> orang_pagination is not a valid Pager template.
#0 D:\MATERI_KULIAH\INFORMATIKA\Semester6\PemrogramanFramework\SI-Bengkel-master\vendor\codeigniter4\framework\system\Pager\Pager.php(152): CodeIgniter\Pager\Exceptions\PagerException::forInvalidTemplate('orang_paginatio...')
#1 D:\MATERI_KULIAH\INFORMATIKA\Semester6\PemrogramanFramework\SI-Bengkel-master\vendor\codeigniter4\framework\system\Pager\Pager.php(93): CodeIgniter\Pager\Pager->displayLinks('orang', 'orang_paginatio...')
#2 D:\MATERI_KULIAH\INFORMATIKA\Semester6\PemrogramanFramework\SI-Bengkel-master\app\Views\master\list_mekanik.php(68): CodeIgniter\Pager\Pager->links('orang', 'orang_paginatio...')
#3 D:\MATERI_KULIAH\INFORMATIKA\Semester6\PemrogramanFramework\SI-Bengkel-master\vendor\codeigniter4\framework\system\View\View.php(230): include('D:\\MATERI_KULIA...')
#4 D:\MATERI_KULIAH\INFORMATIKA\Semester6\PemrogramanFramework\SI-Bengkel-master\vendor\codeigniter4\framework\system\View\View.php(232): CodeIgniter\View\View->CodeIgniter\View\{closure}()
#5 D:\MATERI_KULIAH\INFORMATIKA\Semester6\PemrogramanFramework\SI-Bengkel-master\vendor\codeigniter4\framework\system\Common.php(1271): CodeIgniter\View\View->render('master/list_mek...', Array, true)
#6 D:\MATERI_KULIAH\INFORMATIKA\Semester6\PemrogramanFramework\SI-Bengkel-master\app\Controllers\Master.php(62): view('master/list_mek...', Array)
#7 D:\MATERI_KULIAH\INFORMATIKA\Semester6\PemrogramanFramework\SI-Bengkel-master\vendor\codeigniter4\framework\system\CodeIgniter.php(928): App\Controllers\Master->mekanik()
#8 D:\MATERI_KULIAH\INFORMATIKA\Semester6\PemrogramanFramework\SI-Bengkel-master\vendor\codeigniter4\framework\system\CodeIgniter.php(436): CodeIgniter\CodeIgniter->runController(Object(App\Controllers\Master))
#9 D:\MATERI_KULIAH\INFORMATIKA\Semester6\PemrogramanFramework\SI-Bengkel-master\vendor\codeigniter4\framework\system\CodeIgniter.php(336): CodeIgniter\CodeIgniter->handleRequest(NULL, Object(Config\Cache), false)
#10 D:\MATERI_KULIAH\INFORMATIKA\Semester6\PemrogramanFramework\SI-Bengkel-master\public\index.php(37): CodeIgniter\CodeIgniter->run()
#11 D:\MATERI_KULIAH\INFORMATIKA\Semester6\PemrogramanFramework\SI-Bengkel-master\vendor\codeigniter4\framework\system\Commands\Server\rewrite.php(45): require_once('D:\\MATERI_KULIA...')
#12 {main}
CRITICAL - 2021-07-24 09:34:28 --> orang_pagination is not a valid Pager template.
#0 D:\MATERI_KULIAH\INFORMATIKA\Semester6\PemrogramanFramework\SI-Bengkel-master\vendor\codeigniter4\framework\system\Pager\Pager.php(152): CodeIgniter\Pager\Exceptions\PagerException::forInvalidTemplate('orang_paginatio...')
#1 D:\MATERI_KULIAH\INFORMATIKA\Semester6\PemrogramanFramework\SI-Bengkel-master\vendor\codeigniter4\framework\system\Pager\Pager.php(93): CodeIgniter\Pager\Pager->displayLinks('orang', 'orang_paginatio...')
#2 D:\MATERI_KULIAH\INFORMATIKA\Semester6\PemrogramanFramework\SI-Bengkel-master\app\Views\master\list_mekanik.php(68): CodeIgniter\Pager\Pager->links('orang', 'orang_paginatio...')
#3 D:\MATERI_KULIAH\INFORMATIKA\Semester6\PemrogramanFramework\SI-Bengkel-master\vendor\codeigniter4\framework\system\View\View.php(230): include('D:\\MATERI_KULIA...')
#4 D:\MATERI_KULIAH\INFORMATIKA\Semester6\PemrogramanFramework\SI-Bengkel-master\vendor\codeigniter4\framework\system\View\View.php(232): CodeIgniter\View\View->CodeIgniter\View\{closure}()
#5 D:\MATERI_KULIAH\INFORMATIKA\Semester6\PemrogramanFramework\SI-Bengkel-master\vendor\codeigniter4\framework\system\Common.php(1271): CodeIgniter\View\View->render('master/list_mek...', Array, true)
#6 D:\MATERI_KULIAH\INFORMATIKA\Semester6\PemrogramanFramework\SI-Bengkel-master\app\Controllers\Master.php(62): view('master/list_mek...', Array)
#7 D:\MATERI_KULIAH\INFORMATIKA\Semester6\PemrogramanFramework\SI-Bengkel-master\vendor\codeigniter4\framework\system\CodeIgniter.php(928): App\Controllers\Master->mekanik()
#8 D:\MATERI_KULIAH\INFORMATIKA\Semester6\PemrogramanFramework\SI-Bengkel-master\vendor\codeigniter4\framework\system\CodeIgniter.php(436): CodeIgniter\CodeIgniter->runController(Object(App\Controllers\Master))
#9 D:\MATERI_KULIAH\INFORMATIKA\Semester6\PemrogramanFramework\SI-Bengkel-master\vendor\codeigniter4\framework\system\CodeIgniter.php(336): CodeIgniter\CodeIgniter->handleRequest(NULL, Object(Config\Cache), false)
#10 D:\MATERI_KULIAH\INFORMATIKA\Semester6\PemrogramanFramework\SI-Bengkel-master\public\index.php(37): CodeIgniter\CodeIgniter->run()
#11 D:\MATERI_KULIAH\INFORMATIKA\Semester6\PemrogramanFramework\SI-Bengkel-master\vendor\codeigniter4\framework\system\Commands\Server\rewrite.php(45): require_once('D:\\MATERI_KULIA...')
#12 {main}
CRITICAL - 2021-07-24 09:34:34 --> orang_pagination is not a valid Pager template.
#0 D:\MATERI_KULIAH\INFORMATIKA\Semester6\PemrogramanFramework\SI-Bengkel-master\vendor\codeigniter4\framework\system\Pager\Pager.php(152): CodeIgniter\Pager\Exceptions\PagerException::forInvalidTemplate('orang_paginatio...')
#1 D:\MATERI_KULIAH\INFORMATIKA\Semester6\PemrogramanFramework\SI-Bengkel-master\vendor\codeigniter4\framework\system\Pager\Pager.php(93): CodeIgniter\Pager\Pager->displayLinks('orang', 'orang_paginatio...')
#2 D:\MATERI_KULIAH\INFORMATIKA\Semester6\PemrogramanFramework\SI-Bengkel-master\app\Views\master\list_mekanik.php(68): CodeIgniter\Pager\Pager->links('orang', 'orang_paginatio...')
#3 D:\MATERI_KULIAH\INFORMATIKA\Semester6\PemrogramanFramework\SI-Bengkel-master\vendor\codeigniter4\framework\system\View\View.php(230): include('D:\\MATERI_KULIA...')
#4 D:\MATERI_KULIAH\INFORMATIKA\Semester6\PemrogramanFramework\SI-Bengkel-master\vendor\codeigniter4\framework\system\View\View.php(232): CodeIgniter\View\View->CodeIgniter\View\{closure}()
#5 D:\MATERI_KULIAH\INFORMATIKA\Semester6\PemrogramanFramework\SI-Bengkel-master\vendor\codeigniter4\framework\system\Common.php(1271): CodeIgniter\View\View->render('master/list_mek...', Array, true)
#6 D:\MATERI_KULIAH\INFORMATIKA\Semester6\PemrogramanFramework\SI-Bengkel-master\app\Controllers\Master.php(62): view('master/list_mek...', Array)
#7 D:\MATERI_KULIAH\INFORMATIKA\Semester6\PemrogramanFramework\SI-Bengkel-master\vendor\codeigniter4\framework\system\CodeIgniter.php(928): App\Controllers\Master->mekanik()
#8 D:\MATERI_KULIAH\INFORMATIKA\Semester6\PemrogramanFramework\SI-Bengkel-master\vendor\codeigniter4\framework\system\CodeIgniter.php(436): CodeIgniter\CodeIgniter->runController(Object(App\Controllers\Master))
#9 D:\MATERI_KULIAH\INFORMATIKA\Semester6\PemrogramanFramework\SI-Bengkel-master\vendor\codeigniter4\framework\system\CodeIgniter.php(336): CodeIgniter\CodeIgniter->handleRequest(NULL, Object(Config\Cache), false)
#10 D:\MATERI_KULIAH\INFORMATIKA\Semester6\PemrogramanFramework\SI-Bengkel-master\public\index.php(37): CodeIgniter\CodeIgniter->run()
#11 D:\MATERI_KULIAH\INFORMATIKA\Semester6\PemrogramanFramework\SI-Bengkel-master\vendor\codeigniter4\framework\system\Commands\Server\rewrite.php(45): require_once('D:\\MATERI_KULIA...')
#12 {main}
CRITICAL - 2021-07-24 09:36:27 --> orang_pagination is not a valid Pager template.
#0 D:\MATERI_KULIAH\INFORMATIKA\Semester6\PemrogramanFramework\SI-Bengkel-master\vendor\codeigniter4\framework\system\Pager\Pager.php(152): CodeIgniter\Pager\Exceptions\PagerException::forInvalidTemplate('orang_paginatio...')
#1 D:\MATERI_KULIAH\INFORMATIKA\Semester6\PemrogramanFramework\SI-Bengkel-master\vendor\codeigniter4\framework\system\Pager\Pager.php(93): CodeIgniter\Pager\Pager->displayLinks('orang', 'orang_paginatio...')
#2 D:\MATERI_KULIAH\INFORMATIKA\Semester6\PemrogramanFramework\SI-Bengkel-master\app\Views\master\list_mekanik.php(68): CodeIgniter\Pager\Pager->links('orang', 'orang_paginatio...')
#3 D:\MATERI_KULIAH\INFORMATIKA\Semester6\PemrogramanFramework\SI-Bengkel-master\vendor\codeigniter4\framework\system\View\View.php(230): include('D:\\MATERI_KULIA...')
#4 D:\MATERI_KULIAH\INFORMATIKA\Semester6\PemrogramanFramework\SI-Bengkel-master\vendor\codeigniter4\framework\system\View\View.php(232): CodeIgniter\View\View->CodeIgniter\View\{closure}()
#5 D:\MATERI_KULIAH\INFORMATIKA\Semester6\PemrogramanFramework\SI-Bengkel-master\vendor\codeigniter4\framework\system\Common.php(1271): CodeIgniter\View\View->render('master/list_mek...', Array, true)
#6 D:\MATERI_KULIAH\INFORMATIKA\Semester6\PemrogramanFramework\SI-Bengkel-master\app\Controllers\Master.php(62): view('master/list_mek...', Array)
#7 D:\MATERI_KULIAH\INFORMATIKA\Semester6\PemrogramanFramework\SI-Bengkel-master\vendor\codeigniter4\framework\system\CodeIgniter.php(928): App\Controllers\Master->mekanik()
#8 D:\MATERI_KULIAH\INFORMATIKA\Semester6\PemrogramanFramework\SI-Bengkel-master\vendor\codeigniter4\framework\system\CodeIgniter.php(436): CodeIgniter\CodeIgniter->runController(Object(App\Controllers\Master))
#9 D:\MATERI_KULIAH\INFORMATIKA\Semester6\PemrogramanFramework\SI-Bengkel-master\vendor\codeigniter4\framework\system\CodeIgniter.php(336): CodeIgniter\CodeIgniter->handleRequest(NULL, Object(Config\Cache), false)
#10 D:\MATERI_KULIAH\INFORMATIKA\Semester6\PemrogramanFramework\SI-Bengkel-master\public\index.php(37): CodeIgniter\CodeIgniter->run()
#11 D:\MATERI_KULIAH\INFORMATIKA\Semester6\PemrogramanFramework\SI-Bengkel-master\vendor\codeigniter4\framework\system\Commands\Server\rewrite.php(45): require_once('D:\\MATERI_KULIA...')
#12 {main}
CRITICAL - 2021-07-24 09:36:37 --> orang_pagination is not a valid Pager template.
#0 D:\MATERI_KULIAH\INFORMATIKA\Semester6\PemrogramanFramework\SI-Bengkel-master\vendor\codeigniter4\framework\system\Pager\Pager.php(152): CodeIgniter\Pager\Exceptions\PagerException::forInvalidTemplate('orang_paginatio...')
#1 D:\MATERI_KULIAH\INFORMATIKA\Semester6\PemrogramanFramework\SI-Bengkel-master\vendor\codeigniter4\framework\system\Pager\Pager.php(93): CodeIgniter\Pager\Pager->displayLinks('orang', 'orang_paginatio...')
#2 D:\MATERI_KULIAH\INFORMATIKA\Semester6\PemrogramanFramework\SI-Bengkel-master\app\Views\master\list_mekanik.php(68): CodeIgniter\Pager\Pager->links('orang', 'orang_paginatio...')
#3 D:\MATERI_KULIAH\INFORMATIKA\Semester6\PemrogramanFramework\SI-Bengkel-master\vendor\codeigniter4\framework\system\View\View.php(230): include('D:\\MATERI_KULIA...')
#4 D:\MATERI_KULIAH\INFORMATIKA\Semester6\PemrogramanFramework\SI-Bengkel-master\vendor\codeigniter4\framework\system\View\View.php(232): CodeIgniter\View\View->CodeIgniter\View\{closure}()
#5 D:\MATERI_KULIAH\INFORMATIKA\Semester6\PemrogramanFramework\SI-Bengkel-master\vendor\codeigniter4\framework\system\Common.php(1271): CodeIgniter\View\View->render('master/list_mek...', Array, true)
#6 D:\MATERI_KULIAH\INFORMATIKA\Semester6\PemrogramanFramework\SI-Bengkel-master\app\Controllers\Master.php(62): view('master/list_mek...', Array)
#7 D:\MATERI_KULIAH\INFORMATIKA\Semester6\PemrogramanFramework\SI-Bengkel-master\vendor\codeigniter4\framework\system\CodeIgniter.php(928): App\Controllers\Master->mekanik()
#8 D:\MATERI_KULIAH\INFORMATIKA\Semester6\PemrogramanFramework\SI-Bengkel-master\vendor\codeigniter4\framework\system\CodeIgniter.php(436): CodeIgniter\CodeIgniter->runController(Object(App\Controllers\Master))
#9 D:\MATERI_KULIAH\INFORMATIKA\Semester6\PemrogramanFramework\SI-Bengkel-master\vendor\codeigniter4\framework\system\CodeIgniter.php(336): CodeIgniter\CodeIgniter->handleRequest(NULL, Object(Config\Cache), false)
#10 D:\MATERI_KULIAH\INFORMATIKA\Semester6\PemrogramanFramework\SI-Bengkel-master\public\index.php(37): CodeIgniter\CodeIgniter->run()
#11 D:\MATERI_KULIAH\INFORMATIKA\Semester6\PemrogramanFramework\SI-Bengkel-master\vendor\codeigniter4\framework\system\Commands\Server\rewrite.php(45): require_once('D:\\MATERI_KULIA...')
#12 {main}
CRITICAL - 2021-07-24 09:39:28 -->  is not a valid Pager template.
#0 D:\MATERI_KULIAH\INFORMATIKA\Semester6\PemrogramanFramework\SI-Bengkel-master\vendor\codeigniter4\framework\system\Pager\Pager.php(152): CodeIgniter\Pager\Exceptions\PagerException::forInvalidTemplate('')
#1 D:\MATERI_KULIAH\INFORMATIKA\Semester6\PemrogramanFramework\SI-Bengkel-master\vendor\codeigniter4\framework\system\Pager\Pager.php(93): CodeIgniter\Pager\Pager->displayLinks('orang', '')
#2 D:\MATERI_KULIAH\INFORMATIKA\Semester6\PemrogramanFramework\SI-Bengkel-master\app\Views\master\list_mekanik.php(68): CodeIgniter\Pager\Pager->links('orang', '')
#3 D:\MATERI_KULIAH\INFORMATIKA\Semester6\PemrogramanFramework\SI-Bengkel-master\vendor\codeigniter4\framework\system\View\View.php(230): include('D:\\MATERI_KULIA...')
#4 D:\MATERI_KULIAH\INFORMATIKA\Semester6\PemrogramanFramework\SI-Bengkel-master\vendor\codeigniter4\framework\system\View\View.php(232): CodeIgniter\View\View->CodeIgniter\View\{closure}()
#5 D:\MATERI_KULIAH\INFORMATIKA\Semester6\PemrogramanFramework\SI-Bengkel-master\vendor\codeigniter4\framework\system\Common.php(1271): CodeIgniter\View\View->render('master/list_mek...', Array, true)
#6 D:\MATERI_KULIAH\INFORMATIKA\Semester6\PemrogramanFramework\SI-Bengkel-master\app\Controllers\Master.php(62): view('master/list_mek...', Array)
#7 D:\MATERI_KULIAH\INFORMATIKA\Semester6\PemrogramanFramework\SI-Bengkel-master\vendor\codeigniter4\framework\system\CodeIgniter.php(928): App\Controllers\Master->mekanik()
#8 D:\MATERI_KULIAH\INFORMATIKA\Semester6\PemrogramanFramework\SI-Bengkel-master\vendor\codeigniter4\framework\system\CodeIgniter.php(436): CodeIgniter\CodeIgniter->runController(Object(App\Controllers\Master))
#9 D:\MATERI_KULIAH\INFORMATIKA\Semester6\PemrogramanFramework\SI-Bengkel-master\vendor\codeigniter4\framework\system\CodeIgniter.php(336): CodeIgniter\CodeIgniter->handleRequest(NULL, Object(Config\Cache), false)
#10 D:\MATERI_KULIAH\INFORMATIKA\Semester6\PemrogramanFramework\SI-Bengkel-master\public\index.php(37): CodeIgniter\CodeIgniter->run()
#11 D:\MATERI_KULIAH\INFORMATIKA\Semester6\PemrogramanFramework\SI-Bengkel-master\vendor\codeigniter4\framework\system\Commands\Server\rewrite.php(45): require_once('D:\\MATERI_KULIA...')
#12 {main}
CRITICAL - 2021-07-24 09:40:52 --> orang_pagination is not a valid Pager template.
#0 D:\MATERI_KULIAH\INFORMATIKA\Semester6\PemrogramanFramework\SI-Bengkel-master\vendor\codeigniter4\framework\system\Pager\Pager.php(152): CodeIgniter\Pager\Exceptions\PagerException::forInvalidTemplate('orang_paginatio...')
#1 D:\MATERI_KULIAH\INFORMATIKA\Semester6\PemrogramanFramework\SI-Bengkel-master\vendor\codeigniter4\framework\system\Pager\Pager.php(93): CodeIgniter\Pager\Pager->displayLinks('orang', 'orang_paginatio...')
#2 D:\MATERI_KULIAH\INFORMATIKA\Semester6\PemrogramanFramework\SI-Bengkel-master\app\Views\master\list_mekanik.php(68): CodeIgniter\Pager\Pager->links('orang', 'orang_paginatio...')
#3 D:\MATERI_KULIAH\INFORMATIKA\Semester6\PemrogramanFramework\SI-Bengkel-master\vendor\codeigniter4\framework\system\View\View.php(230): include('D:\\MATERI_KULIA...')
#4 D:\MATERI_KULIAH\INFORMATIKA\Semester6\PemrogramanFramework\SI-Bengkel-master\vendor\codeigniter4\framework\system\View\View.php(232): CodeIgniter\View\View->CodeIgniter\View\{closure}()
#5 D:\MATERI_KULIAH\INFORMATIKA\Semester6\PemrogramanFramework\SI-Bengkel-master\vendor\codeigniter4\framework\system\Common.php(1271): CodeIgniter\View\View->render('master/list_mek...', Array, true)
#6 D:\MATERI_KULIAH\INFORMATIKA\Semester6\PemrogramanFramework\SI-Bengkel-master\app\Controllers\Master.php(62): view('master/list_mek...', Array)
#7 D:\MATERI_KULIAH\INFORMATIKA\Semester6\PemrogramanFramework\SI-Bengkel-master\vendor\codeigniter4\framework\system\CodeIgniter.php(928): App\Controllers\Master->mekanik()
#8 D:\MATERI_KULIAH\INFORMATIKA\Semester6\PemrogramanFramework\SI-Bengkel-master\vendor\codeigniter4\framework\system\CodeIgniter.php(436): CodeIgniter\CodeIgniter->runController(Object(App\Controllers\Master))
#9 D:\MATERI_KULIAH\INFORMATIKA\Semester6\PemrogramanFramework\SI-Bengkel-master\vendor\codeigniter4\framework\system\CodeIgniter.php(336): CodeIgniter\CodeIgniter->handleRequest(NULL, Object(Config\Cache), false)
#10 D:\MATERI_KULIAH\INFORMATIKA\Semester6\PemrogramanFramework\SI-Bengkel-master\public\index.php(37): CodeIgniter\CodeIgniter->run()
#11 D:\MATERI_KULIAH\INFORMATIKA\Semester6\PemrogramanFramework\SI-Bengkel-master\vendor\codeigniter4\framework\system\Commands\Server\rewrite.php(45): require_once('D:\\MATERI_KULIA...')
#12 {main}
CRITICAL - 2021-07-24 09:50:57 --> Call to a member function paginate() on array
#0 D:\MATERI_KULIAH\INFORMATIKA\Semester6\PemrogramanFramework\SI-Bengkel-master\vendor\codeigniter4\framework\system\CodeIgniter.php(928): App\Controllers\Master->mekanik()
#1 D:\MATERI_KULIAH\INFORMATIKA\Semester6\PemrogramanFramework\SI-Bengkel-master\vendor\codeigniter4\framework\system\CodeIgniter.php(436): CodeIgniter\CodeIgniter->runController(Object(App\Controllers\Master))
#2 D:\MATERI_KULIAH\INFORMATIKA\Semester6\PemrogramanFramework\SI-Bengkel-master\vendor\codeigniter4\framework\system\CodeIgniter.php(336): CodeIgniter\CodeIgniter->handleRequest(NULL, Object(Config\Cache), false)
#3 D:\MATERI_KULIAH\INFORMATIKA\Semester6\PemrogramanFramework\SI-Bengkel-master\public\index.php(37): CodeIgniter\CodeIgniter->run()
#4 D:\MATERI_KULIAH\INFORMATIKA\Semester6\PemrogramanFramework\SI-Bengkel-master\vendor\codeigniter4\framework\system\Commands\Server\rewrite.php(45): require_once('D:\\MATERI_KULIA...')
#5 {main}
CRITICAL - 2021-07-24 09:54:10 --> Undefined variable: dataAllMekanik
#0 D:\MATERI_KULIAH\INFORMATIKA\Semester6\PemrogramanFramework\SI-Bengkel-master\app\Views\master\list_mekanik.php(53): CodeIgniter\Debug\Exceptions->errorHandler(8, 'Undefined varia...', 'D:\\MATERI_KULIA...', 53, Array)
#1 D:\MATERI_KULIAH\INFORMATIKA\Semester6\PemrogramanFramework\SI-Bengkel-master\vendor\codeigniter4\framework\system\View\View.php(230): include('D:\\MATERI_KULIA...')
#2 D:\MATERI_KULIAH\INFORMATIKA\Semester6\PemrogramanFramework\SI-Bengkel-master\vendor\codeigniter4\framework\system\View\View.php(232): CodeIgniter\View\View->CodeIgniter\View\{closure}()
#3 D:\MATERI_KULIAH\INFORMATIKA\Semester6\PemrogramanFramework\SI-Bengkel-master\vendor\codeigniter4\framework\system\Common.php(1271): CodeIgniter\View\View->render('master/list_mek...', Array, true)
#4 D:\MATERI_KULIAH\INFORMATIKA\Semester6\PemrogramanFramework\SI-Bengkel-master\app\Controllers\Master.php(62): view('master/list_mek...', Array)
#5 D:\MATERI_KULIAH\INFORMATIKA\Semester6\PemrogramanFramework\SI-Bengkel-master\vendor\codeigniter4\framework\system\CodeIgniter.php(928): App\Controllers\Master->mekanik()
#6 D:\MATERI_KULIAH\INFORMATIKA\Semester6\PemrogramanFramework\SI-Bengkel-master\vendor\codeigniter4\framework\system\CodeIgniter.php(436): CodeIgniter\CodeIgniter->runController(Object(App\Controllers\Master))
#7 D:\MATERI_KULIAH\INFORMATIKA\Semester6\PemrogramanFramework\SI-Bengkel-master\vendor\codeigniter4\framework\system\CodeIgniter.php(336): CodeIgniter\CodeIgniter->handleRequest(NULL, Object(Config\Cache), false)
#8 D:\MATERI_KULIAH\INFORMATIKA\Semester6\PemrogramanFramework\SI-Bengkel-master\public\index.php(37): CodeIgniter\CodeIgniter->run()
#9 D:\MATERI_KULIAH\INFORMATIKA\Semester6\PemrogramanFramework\SI-Bengkel-master\vendor\codeigniter4\framework\system\Commands\Server\rewrite.php(45): require_once('D:\\MATERI_KULIA...')
#10 {main}
CRITICAL - 2021-07-24 09:59:46 --> Undefined property: App\Controllers\Master::$dataAllMekanik
#0 D:\MATERI_KULIAH\INFORMATIKA\Semester6\PemrogramanFramework\SI-Bengkel-master\app\Controllers\Master.php(59): CodeIgniter\Debug\Exceptions->errorHandler(8, 'Undefined prope...', 'D:\\MATERI_KULIA...', 59, Array)
#1 D:\MATERI_KULIAH\INFORMATIKA\Semester6\PemrogramanFramework\SI-Bengkel-master\vendor\codeigniter4\framework\system\CodeIgniter.php(928): App\Controllers\Master->mekanik()
#2 D:\MATERI_KULIAH\INFORMATIKA\Semester6\PemrogramanFramework\SI-Bengkel-master\vendor\codeigniter4\framework\system\CodeIgniter.php(436): CodeIgniter\CodeIgniter->runController(Object(App\Controllers\Master))
#3 D:\MATERI_KULIAH\INFORMATIKA\Semester6\PemrogramanFramework\SI-Bengkel-master\vendor\codeigniter4\framework\system\CodeIgniter.php(336): CodeIgniter\CodeIgniter->handleRequest(NULL, Object(Config\Cache), false)
#4 D:\MATERI_KULIAH\INFORMATIKA\Semester6\PemrogramanFramework\SI-Bengkel-master\public\index.php(37): CodeIgniter\CodeIgniter->run()
#5 D:\MATERI_KULIAH\INFORMATIKA\Semester6\PemrogramanFramework\SI-Bengkel-master\vendor\codeigniter4\framework\system\Commands\Server\rewrite.php(45): require_once('D:\\MATERI_KULIA...')
#6 {main}
CRITICAL - 2021-07-24 10:00:06 --> Call to a member function paginate() on array
#0 D:\MATERI_KULIAH\INFORMATIKA\Semester6\PemrogramanFramework\SI-Bengkel-master\vendor\codeigniter4\framework\system\CodeIgniter.php(928): App\Controllers\Master->mekanik()
#1 D:\MATERI_KULIAH\INFORMATIKA\Semester6\PemrogramanFramework\SI-Bengkel-master\vendor\codeigniter4\framework\system\CodeIgniter.php(436): CodeIgniter\CodeIgniter->runController(Object(App\Controllers\Master))
#2 D:\MATERI_KULIAH\INFORMATIKA\Semester6\PemrogramanFramework\SI-Bengkel-master\vendor\codeigniter4\framework\system\CodeIgniter.php(336): CodeIgniter\CodeIgniter->handleRequest(NULL, Object(Config\Cache), false)
#3 D:\MATERI_KULIAH\INFORMATIKA\Semester6\PemrogramanFramework\SI-Bengkel-master\public\index.php(37): CodeIgniter\CodeIgniter->run()
#4 D:\MATERI_KULIAH\INFORMATIKA\Semester6\PemrogramanFramework\SI-Bengkel-master\vendor\codeigniter4\framework\system\Commands\Server\rewrite.php(45): require_once('D:\\MATERI_KULIA...')
#5 {main}
CRITICAL - 2021-07-24 10:01:00 --> Call to a member function paginate() on array
#0 D:\MATERI_KULIAH\INFORMATIKA\Semester6\PemrogramanFramework\SI-Bengkel-master\vendor\codeigniter4\framework\system\CodeIgniter.php(928): App\Controllers\Master->mekanik()
#1 D:\MATERI_KULIAH\INFORMATIKA\Semester6\PemrogramanFramework\SI-Bengkel-master\vendor\codeigniter4\framework\system\CodeIgniter.php(436): CodeIgniter\CodeIgniter->runController(Object(App\Controllers\Master))
#2 D:\MATERI_KULIAH\INFORMATIKA\Semester6\PemrogramanFramework\SI-Bengkel-master\vendor\codeigniter4\framework\system\CodeIgniter.php(336): CodeIgniter\CodeIgniter->handleRequest(NULL, Object(Config\Cache), false)
#3 D:\MATERI_KULIAH\INFORMATIKA\Semester6\PemrogramanFramework\SI-Bengkel-master\public\index.php(37): CodeIgniter\CodeIgniter->run()
#4 D:\MATERI_KULIAH\INFORMATIKA\Semester6\PemrogramanFramework\SI-Bengkel-master\vendor\codeigniter4\framework\system\Commands\Server\rewrite.php(45): require_once('D:\\MATERI_KULIA...')
#5 {main}
CRITICAL - 2021-07-24 10:02:23 --> orang_pagination is not a valid Pager template.
#0 D:\MATERI_KULIAH\INFORMATIKA\Semester6\PemrogramanFramework\SI-Bengkel-master\vendor\codeigniter4\framework\system\Pager\Pager.php(152): CodeIgniter\Pager\Exceptions\PagerException::forInvalidTemplate('orang_paginatio...')
#1 D:\MATERI_KULIAH\INFORMATIKA\Semester6\PemrogramanFramework\SI-Bengkel-master\vendor\codeigniter4\framework\system\Pager\Pager.php(93): CodeIgniter\Pager\Pager->displayLinks('dataAllMekanik', 'orang_paginatio...')
#2 D:\MATERI_KULIAH\INFORMATIKA\Semester6\PemrogramanFramework\SI-Bengkel-master\app\Views\master\list_mekanik.php(68): CodeIgniter\Pager\Pager->links('dataAllMekanik', 'orang_paginatio...')
#3 D:\MATERI_KULIAH\INFORMATIKA\Semester6\PemrogramanFramework\SI-Bengkel-master\vendor\codeigniter4\framework\system\View\View.php(230): include('D:\\MATERI_KULIA...')
#4 D:\MATERI_KULIAH\INFORMATIKA\Semester6\PemrogramanFramework\SI-Bengkel-master\vendor\codeigniter4\framework\system\View\View.php(232): CodeIgniter\View\View->CodeIgniter\View\{closure}()
#5 D:\MATERI_KULIAH\INFORMATIKA\Semester6\PemrogramanFramework\SI-Bengkel-master\vendor\codeigniter4\framework\system\Common.php(1271): CodeIgniter\View\View->render('master/list_mek...', Array, true)
#6 D:\MATERI_KULIAH\INFORMATIKA\Semester6\PemrogramanFramework\SI-Bengkel-master\app\Controllers\Master.php(63): view('master/list_mek...', Array)
#7 D:\MATERI_KULIAH\INFORMATIKA\Semester6\PemrogramanFramework\SI-Bengkel-master\vendor\codeigniter4\framework\system\CodeIgniter.php(928): App\Controllers\Master->mekanik()
#8 D:\MATERI_KULIAH\INFORMATIKA\Semester6\PemrogramanFramework\SI-Bengkel-master\vendor\codeigniter4\framework\system\CodeIgniter.php(436): CodeIgniter\CodeIgniter->runController(Object(App\Controllers\Master))
#9 D:\MATERI_KULIAH\INFORMATIKA\Semester6\PemrogramanFramework\SI-Bengkel-master\vendor\codeigniter4\framework\system\CodeIgniter.php(336): CodeIgniter\CodeIgniter->handleRequest(NULL, Object(Config\Cache), false)
#10 D:\MATERI_KULIAH\INFORMATIKA\Semester6\PemrogramanFramework\SI-Bengkel-master\public\index.php(37): CodeIgniter\CodeIgniter->run()
#11 D:\MATERI_KULIAH\INFORMATIKA\Semester6\PemrogramanFramework\SI-Bengkel-master\vendor\codeigniter4\framework\system\Commands\Server\rewrite.php(45): require_once('D:\\MATERI_KULIA...')
#12 {main}
ERROR - 2021-07-24 10:26:12 --> Duplicate entry '16' for key 'PRIMARY'
CRITICAL - 2021-07-24 10:26:12 --> Duplicate entry '16' for key 'PRIMARY'
#0 D:\MATERI_KULIAH\INFORMATIKA\Semester6\PemrogramanFramework\SI-Bengkel-master\vendor\codeigniter4\framework\system\Database\MySQLi\Connection.php(329): mysqli->query('INSERT INTO `st...')
#1 D:\MATERI_KULIAH\INFORMATIKA\Semester6\PemrogramanFramework\SI-Bengkel-master\vendor\codeigniter4\framework\system\Database\BaseConnection.php(732): CodeIgniter\Database\MySQLi\Connection->execute('INSERT INTO `st...')
#2 D:\MATERI_KULIAH\INFORMATIKA\Semester6\PemrogramanFramework\SI-Bengkel-master\vendor\codeigniter4\framework\system\Database\BaseConnection.php(647): CodeIgniter\Database\BaseConnection->simpleQuery('INSERT INTO `st...')
#3 D:\MATERI_KULIAH\INFORMATIKA\Semester6\PemrogramanFramework\SI-Bengkel-master\vendor\codeigniter4\framework\system\Database\BaseBuilder.php(2277): CodeIgniter\Database\BaseConnection->query('INSERT INTO `st...', Array, false)
#4 D:\MATERI_KULIAH\INFORMATIKA\Semester6\PemrogramanFramework\SI-Bengkel-master\vendor\codeigniter4\framework\system\Model.php(259): CodeIgniter\Database\BaseBuilder->insert()
#5 D:\MATERI_KULIAH\INFORMATIKA\Semester6\PemrogramanFramework\SI-Bengkel-master\vendor\codeigniter4\framework\system\BaseModel.php(774): CodeIgniter\Model->doInsert(Array)
#6 D:\MATERI_KULIAH\INFORMATIKA\Semester6\PemrogramanFramework\SI-Bengkel-master\vendor\codeigniter4\framework\system\Model.php(686): CodeIgniter\BaseModel->insert(Array, true)
#7 D:\MATERI_KULIAH\INFORMATIKA\Semester6\PemrogramanFramework\SI-Bengkel-master\app\Controllers\Master.php(61): CodeIgniter\Model->insert(Array)
#8 D:\MATERI_KULIAH\INFORMATIKA\Semester6\PemrogramanFramework\SI-Bengkel-master\vendor\codeigniter4\framework\system\CodeIgniter.php(928): App\Controllers\Master->addParts()
#9 D:\MATERI_KULIAH\INFORMATIKA\Semester6\PemrogramanFramework\SI-Bengkel-master\vendor\codeigniter4\framework\system\CodeIgniter.php(436): CodeIgniter\CodeIgniter->runController(Object(App\Controllers\Master))
#10 D:\MATERI_KULIAH\INFORMATIKA\Semester6\PemrogramanFramework\SI-Bengkel-master\vendor\codeigniter4\framework\system\CodeIgniter.php(336): CodeIgniter\CodeIgniter->handleRequest(NULL, Object(Config\Cache), false)
#11 D:\MATERI_KULIAH\INFORMATIKA\Semester6\PemrogramanFramework\SI-Bengkel-master\public\index.php(37): CodeIgniter\CodeIgniter->run()
#12 D:\MATERI_KULIAH\INFORMATIKA\Semester6\PemrogramanFramework\SI-Bengkel-master\vendor\codeigniter4\framework\system\Commands\Server\rewrite.php(45): require_once('D:\\MATERI_KULIA...')
#13 {main}
CRITICAL - 2021-07-24 12:14:34 --> Trying to access array offset on value of type null
#0 D:\MATERI_KULIAH\INFORMATIKA\Semester6\PemrogramanFramework\SI-Bengkel-master\app\Views\history\data_service.php(38): CodeIgniter\Debug\Exceptions->errorHandler(8, 'Trying to acces...', 'D:\\MATERI_KULIA...', 38, Array)
#1 D:\MATERI_KULIAH\INFORMATIKA\Semester6\PemrogramanFramework\SI-Bengkel-master\vendor\codeigniter4\framework\system\View\View.php(230): include('D:\\MATERI_KULIA...')
#2 D:\MATERI_KULIAH\INFORMATIKA\Semester6\PemrogramanFramework\SI-Bengkel-master\vendor\codeigniter4\framework\system\View\View.php(232): CodeIgniter\View\View->CodeIgniter\View\{closure}()
#3 D:\MATERI_KULIAH\INFORMATIKA\Semester6\PemrogramanFramework\SI-Bengkel-master\vendor\codeigniter4\framework\system\Common.php(1271): CodeIgniter\View\View->render('history/data_se...', Array, true)
#4 D:\MATERI_KULIAH\INFORMATIKA\Semester6\PemrogramanFramework\SI-Bengkel-master\app\Controllers\History.php(69): view('history/data_se...', Array)
#5 D:\MATERI_KULIAH\INFORMATIKA\Semester6\PemrogramanFramework\SI-Bengkel-master\vendor\codeigniter4\framework\system\CodeIgniter.php(928): App\Controllers\History->historySearch()
#6 D:\MATERI_KULIAH\INFORMATIKA\Semester6\PemrogramanFramework\SI-Bengkel-master\vendor\codeigniter4\framework\system\CodeIgniter.php(436): CodeIgniter\CodeIgniter->runController(Object(App\Controllers\History))
#7 D:\MATERI_KULIAH\INFORMATIKA\Semester6\PemrogramanFramework\SI-Bengkel-master\vendor\codeigniter4\framework\system\CodeIgniter.php(336): CodeIgniter\CodeIgniter->handleRequest(NULL, Object(Config\Cache), false)
#8 D:\MATERI_KULIAH\INFORMATIKA\Semester6\PemrogramanFramework\SI-Bengkel-master\public\index.php(37): CodeIgniter\CodeIgniter->run()
#9 D:\MATERI_KULIAH\INFORMATIKA\Semester6\PemrogramanFramework\SI-Bengkel-master\vendor\codeigniter4\framework\system\Commands\Server\rewrite.php(45): require_once('D:\\MATERI_KULIA...')
#10 {main}
CRITICAL - 2021-07-24 12:14:48 --> Trying to access array offset on value of type null
#0 D:\MATERI_KULIAH\INFORMATIKA\Semester6\PemrogramanFramework\SI-Bengkel-master\app\Views\history\data_service.php(38): CodeIgniter\Debug\Exceptions->errorHandler(8, 'Trying to acces...', 'D:\\MATERI_KULIA...', 38, Array)
#1 D:\MATERI_KULIAH\INFORMATIKA\Semester6\PemrogramanFramework\SI-Bengkel-master\vendor\codeigniter4\framework\system\View\View.php(230): include('D:\\MATERI_KULIA...')
#2 D:\MATERI_KULIAH\INFORMATIKA\Semester6\PemrogramanFramework\SI-Bengkel-master\vendor\codeigniter4\framework\system\View\View.php(232): CodeIgniter\View\View->CodeIgniter\View\{closure}()
#3 D:\MATERI_KULIAH\INFORMATIKA\Semester6\PemrogramanFramework\SI-Bengkel-master\vendor\codeigniter4\framework\system\Common.php(1271): CodeIgniter\View\View->render('history/data_se...', Array, true)
#4 D:\MATERI_KULIAH\INFORMATIKA\Semester6\PemrogramanFramework\SI-Bengkel-master\app\Controllers\History.php(69): view('history/data_se...', Array)
#5 D:\MATERI_KULIAH\INFORMATIKA\Semester6\PemrogramanFramework\SI-Bengkel-master\vendor\codeigniter4\framework\system\CodeIgniter.php(928): App\Controllers\History->historySearch()
#6 D:\MATERI_KULIAH\INFORMATIKA\Semester6\PemrogramanFramework\SI-Bengkel-master\vendor\codeigniter4\framework\system\CodeIgniter.php(436): CodeIgniter\CodeIgniter->runController(Object(App\Controllers\History))
#7 D:\MATERI_KULIAH\INFORMATIKA\Semester6\PemrogramanFramework\SI-Bengkel-master\vendor\codeigniter4\framework\system\CodeIgniter.php(336): CodeIgniter\CodeIgniter->handleRequest(NULL, Object(Config\Cache), false)
#8 D:\MATERI_KULIAH\INFORMATIKA\Semester6\PemrogramanFramework\SI-Bengkel-master\public\index.php(37): CodeIgniter\CodeIgniter->run()
#9 D:\MATERI_KULIAH\INFORMATIKA\Semester6\PemrogramanFramework\SI-Bengkel-master\vendor\codeigniter4\framework\system\Commands\Server\rewrite.php(45): require_once('D:\\MATERI_KULIA...')
#10 {main}
CRITICAL - 2021-07-24 12:15:51 --> Trying to access array offset on value of type null
#0 D:\MATERI_KULIAH\INFORMATIKA\Semester6\PemrogramanFramework\SI-Bengkel-master\app\Views\history\data_service.php(38): CodeIgniter\Debug\Exceptions->errorHandler(8, 'Trying to acces...', 'D:\\MATERI_KULIA...', 38, Array)
#1 D:\MATERI_KULIAH\INFORMATIKA\Semester6\PemrogramanFramework\SI-Bengkel-master\vendor\codeigniter4\framework\system\View\View.php(230): include('D:\\MATERI_KULIA...')
#2 D:\MATERI_KULIAH\INFORMATIKA\Semester6\PemrogramanFramework\SI-Bengkel-master\vendor\codeigniter4\framework\system\View\View.php(232): CodeIgniter\View\View->CodeIgniter\View\{closure}()
#3 D:\MATERI_KULIAH\INFORMATIKA\Semester6\PemrogramanFramework\SI-Bengkel-master\vendor\codeigniter4\framework\system\Common.php(1271): CodeIgniter\View\View->render('history/data_se...', Array, true)
#4 D:\MATERI_KULIAH\INFORMATIKA\Semester6\PemrogramanFramework\SI-Bengkel-master\app\Controllers\History.php(69): view('history/data_se...', Array)
#5 D:\MATERI_KULIAH\INFORMATIKA\Semester6\PemrogramanFramework\SI-Bengkel-master\vendor\codeigniter4\framework\system\CodeIgniter.php(928): App\Controllers\History->historySearch()
#6 D:\MATERI_KULIAH\INFORMATIKA\Semester6\PemrogramanFramework\SI-Bengkel-master\vendor\codeigniter4\framework\system\CodeIgniter.php(436): CodeIgniter\CodeIgniter->runController(Object(App\Controllers\History))
#7 D:\MATERI_KULIAH\INFORMATIKA\Semester6\PemrogramanFramework\SI-Bengkel-master\vendor\codeigniter4\framework\system\CodeIgniter.php(336): CodeIgniter\CodeIgniter->handleRequest(NULL, Object(Config\Cache), false)
#8 D:\MATERI_KULIAH\INFORMATIKA\Semester6\PemrogramanFramework\SI-Bengkel-master\public\index.php(37): CodeIgniter\CodeIgniter->run()
#9 D:\MATERI_KULIAH\INFORMATIKA\Semester6\PemrogramanFramework\SI-Bengkel-master\vendor\codeigniter4\framework\system\Commands\Server\rewrite.php(45): require_once('D:\\MATERI_KULIA...')
#10 {main}
CRITICAL - 2021-07-24 12:16:08 --> Trying to access array offset on value of type null
#0 D:\MATERI_KULIAH\INFORMATIKA\Semester6\PemrogramanFramework\SI-Bengkel-master\app\Views\history\data_service.php(38): CodeIgniter\Debug\Exceptions->errorHandler(8, 'Trying to acces...', 'D:\\MATERI_KULIA...', 38, Array)
#1 D:\MATERI_KULIAH\INFORMATIKA\Semester6\PemrogramanFramework\SI-Bengkel-master\vendor\codeigniter4\framework\system\View\View.php(230): include('D:\\MATERI_KULIA...')
#2 D:\MATERI_KULIAH\INFORMATIKA\Semester6\PemrogramanFramework\SI-Bengkel-master\vendor\codeigniter4\framework\system\View\View.php(232): CodeIgniter\View\View->CodeIgniter\View\{closure}()
#3 D:\MATERI_KULIAH\INFORMATIKA\Semester6\PemrogramanFramework\SI-Bengkel-master\vendor\codeigniter4\framework\system\Common.php(1271): CodeIgniter\View\View->render('history/data_se...', Array, true)
#4 D:\MATERI_KULIAH\INFORMATIKA\Semester6\PemrogramanFramework\SI-Bengkel-master\app\Controllers\History.php(69): view('history/data_se...', Array)
#5 D:\MATERI_KULIAH\INFORMATIKA\Semester6\PemrogramanFramework\SI-Bengkel-master\vendor\codeigniter4\framework\system\CodeIgniter.php(928): App\Controllers\History->historySearch()
#6 D:\MATERI_KULIAH\INFORMATIKA\Semester6\PemrogramanFramework\SI-Bengkel-master\vendor\codeigniter4\framework\system\CodeIgniter.php(436): CodeIgniter\CodeIgniter->runController(Object(App\Controllers\History))
#7 D:\MATERI_KULIAH\INFORMATIKA\Semester6\PemrogramanFramework\SI-Bengkel-master\vendor\codeigniter4\framework\system\CodeIgniter.php(336): CodeIgniter\CodeIgniter->handleRequest(NULL, Object(Config\Cache), false)
#8 D:\MATERI_KULIAH\INFORMATIKA\Semester6\PemrogramanFramework\SI-Bengkel-master\public\index.php(37): CodeIgniter\CodeIgniter->run()
#9 D:\MATERI_KULIAH\INFORMATIKA\Semester6\PemrogramanFramework\SI-Bengkel-master\vendor\codeigniter4\framework\system\Commands\Server\rewrite.php(45): require_once('D:\\MATERI_KULIA...')
#10 {main}
