CRITICAL - 2021-07-27 03:59:17 --> Invalid argument supplied for foreach()
#0 D:\MATERI_KULIAH\INFORMATIKA\Semester6\PemrogramanFramework\SI-Bengkel-master\app\Views\customer\create_spk.php(47): CodeIgniter\Debug\Exceptions->errorHandler(2, 'Invalid argumen...', 'D:\\MATERI_KULIA...', 47, Array)
#1 D:\MATERI_KULIAH\INFORMATIKA\Semester6\PemrogramanFramework\SI-Bengkel-master\vendor\codeigniter4\framework\system\View\View.php(230): include('D:\\MATERI_KULIA...')
#2 D:\MATERI_KULIAH\INFORMATIKA\Semester6\PemrogramanFramework\SI-Bengkel-master\vendor\codeigniter4\framework\system\View\View.php(232): CodeIgniter\View\View->CodeIgniter\View\{closure}()
#3 D:\MATERI_KULIAH\INFORMATIKA\Semester6\PemrogramanFramework\SI-Bengkel-master\vendor\codeigniter4\framework\system\Common.php(1271): CodeIgniter\View\View->render('customer/create...', Array, true)
#4 D:\MATERI_KULIAH\INFORMATIKA\Semester6\PemrogramanFramework\SI-Bengkel-master\app\Controllers\Customer.php(68): view('customer/create...', Array)
#5 D:\MATERI_KULIAH\INFORMATIKA\Semester6\PemrogramanFramework\SI-Bengkel-master\vendor\codeigniter4\framework\system\CodeIgniter.php(928): App\Controllers\Customer->spk()
#6 D:\MATERI_KULIAH\INFORMATIKA\Semester6\PemrogramanFramework\SI-Bengkel-master\vendor\codeigniter4\framework\system\CodeIgniter.php(436): CodeIgniter\CodeIgniter->runController(Object(App\Controllers\Customer))
#7 D:\MATERI_KULIAH\INFORMATIKA\Semester6\PemrogramanFramework\SI-Bengkel-master\vendor\codeigniter4\framework\system\CodeIgniter.php(336): CodeIgniter\CodeIgniter->handleRequest(NULL, Object(Config\Cache), false)
#8 D:\MATERI_KULIAH\INFORMATIKA\Semester6\PemrogramanFramework\SI-Bengkel-master\public\index.php(37): CodeIgniter\CodeIgniter->run()
#9 D:\MATERI_KULIAH\INFORMATIKA\Semester6\PemrogramanFramework\SI-Bengkel-master\vendor\codeigniter4\framework\system\Commands\Server\rewrite.php(45): require_once('D:\\MATERI_KULIA...')
#10 {main}
CRITICAL - 2021-07-27 05:29:13 --> Invalid argument supplied for foreach()
#0 D:\MATERI_KULIAH\INFORMATIKA\Semester6\PemrogramanFramework\SI-Bengkel-master\app\Views\customer\create_spk.php(47): CodeIgniter\Debug\Exceptions->errorHandler(2, 'Invalid argumen...', 'D:\\MATERI_KULIA...', 47, Array)
#1 D:\MATERI_KULIAH\INFORMATIKA\Semester6\PemrogramanFramework\SI-Bengkel-master\vendor\codeigniter4\framework\system\View\View.php(230): include('D:\\MATERI_KULIA...')
#2 D:\MATERI_KULIAH\INFORMATIKA\Semester6\PemrogramanFramework\SI-Bengkel-master\vendor\codeigniter4\framework\system\View\View.php(232): CodeIgniter\View\View->CodeIgniter\View\{closure}()
#3 D:\MATERI_KULIAH\INFORMATIKA\Semester6\PemrogramanFramework\SI-Bengkel-master\vendor\codeigniter4\framework\system\Common.php(1271): CodeIgniter\View\View->render('customer/create...', Array, true)
#4 D:\MATERI_KULIAH\INFORMATIKA\Semester6\PemrogramanFramework\SI-Bengkel-master\app\Controllers\Customer.php(68): view('customer/create...', Array)
#5 D:\MATERI_KULIAH\INFORMATIKA\Semester6\PemrogramanFramework\SI-Bengkel-master\vendor\codeigniter4\framework\system\CodeIgniter.php(928): App\Controllers\Customer->spk()
#6 D:\MATERI_KULIAH\INFORMATIKA\Semester6\PemrogramanFramework\SI-Bengkel-master\vendor\codeigniter4\framework\system\CodeIgniter.php(436): CodeIgniter\CodeIgniter->runController(Object(App\Controllers\Customer))
#7 D:\MATERI_KULIAH\INFORMATIKA\Semester6\PemrogramanFramework\SI-Bengkel-master\vendor\codeigniter4\framework\system\CodeIgniter.php(336): CodeIgniter\CodeIgniter->handleRequest(NULL, Object(Config\Cache), false)
#8 D:\MATERI_KULIAH\INFORMATIKA\Semester6\PemrogramanFramework\SI-Bengkel-master\public\index.php(37): CodeIgniter\CodeIgniter->run()
#9 D:\MATERI_KULIAH\INFORMATIKA\Semester6\PemrogramanFramework\SI-Bengkel-master\vendor\codeigniter4\framework\system\Commands\Server\rewrite.php(45): require_once('D:\\MATERI_KULIA...')
#10 {main}
CRITICAL - 2021-07-27 06:53:34 --> Undefined variable: query
#0 D:\MATERI_KULIAH\INFORMATIKA\Semester6\PemrogramanFramework\SI-Bengkel-master\app\Views\history\data_service.php(165): CodeIgniter\Debug\Exceptions->errorHandler(8, 'Undefined varia...', 'D:\\MATERI_KULIA...', 165, Array)
#1 D:\MATERI_KULIAH\INFORMATIKA\Semester6\PemrogramanFramework\SI-Bengkel-master\vendor\codeigniter4\framework\system\View\View.php(230): include('D:\\MATERI_KULIA...')
#2 D:\MATERI_KULIAH\INFORMATIKA\Semester6\PemrogramanFramework\SI-Bengkel-master\vendor\codeigniter4\framework\system\View\View.php(232): CodeIgniter\View\View->CodeIgniter\View\{closure}()
#3 D:\MATERI_KULIAH\INFORMATIKA\Semester6\PemrogramanFramework\SI-Bengkel-master\vendor\codeigniter4\framework\system\Common.php(1271): CodeIgniter\View\View->render('history/data_se...', Array, true)
#4 D:\MATERI_KULIAH\INFORMATIKA\Semester6\PemrogramanFramework\SI-Bengkel-master\app\Controllers\History.php(31): view('history/data_se...', Array)
#5 D:\MATERI_KULIAH\INFORMATIKA\Semester6\PemrogramanFramework\SI-Bengkel-master\vendor\codeigniter4\framework\system\CodeIgniter.php(928): App\Controllers\History->index()
#6 D:\MATERI_KULIAH\INFORMATIKA\Semester6\PemrogramanFramework\SI-Bengkel-master\vendor\codeigniter4\framework\system\CodeIgniter.php(436): CodeIgniter\CodeIgniter->runController(Object(App\Controllers\History))
#7 D:\MATERI_KULIAH\INFORMATIKA\Semester6\PemrogramanFramework\SI-Bengkel-master\vendor\codeigniter4\framework\system\CodeIgniter.php(336): CodeIgniter\CodeIgniter->handleRequest(NULL, Object(Config\Cache), false)
#8 D:\MATERI_KULIAH\INFORMATIKA\Semester6\PemrogramanFramework\SI-Bengkel-master\public\index.php(37): CodeIgniter\CodeIgniter->run()
#9 D:\MATERI_KULIAH\INFORMATIKA\Semester6\PemrogramanFramework\SI-Bengkel-master\vendor\codeigniter4\framework\system\Commands\Server\rewrite.php(45): require_once('D:\\MATERI_KULIA...')
#10 {main}
CRITICAL - 2021-07-27 10:27:40 --> Trying to access array offset on value of type null
#0 D:\MATERI_KULIAH\INFORMATIKA\Semester6\PemrogramanFramework\SI-Bengkel-master\app\Views\history\data_service_by_id.php(122): CodeIgniter\Debug\Exceptions->errorHandler(8, 'Trying to acces...', 'D:\\MATERI_KULIA...', 122, Array)
#1 D:\MATERI_KULIAH\INFORMATIKA\Semester6\PemrogramanFramework\SI-Bengkel-master\vendor\codeigniter4\framework\system\View\View.php(230): include('D:\\MATERI_KULIA...')
#2 D:\MATERI_KULIAH\INFORMATIKA\Semester6\PemrogramanFramework\SI-Bengkel-master\vendor\codeigniter4\framework\system\View\View.php(232): CodeIgniter\View\View->CodeIgniter\View\{closure}()
#3 D:\MATERI_KULIAH\INFORMATIKA\Semester6\PemrogramanFramework\SI-Bengkel-master\vendor\codeigniter4\framework\system\Common.php(1271): CodeIgniter\View\View->render('history/data_se...', Array, true)
#4 D:\MATERI_KULIAH\INFORMATIKA\Semester6\PemrogramanFramework\SI-Bengkel-master\app\Controllers\History.php(56): view('history/data_se...', Array)
#5 D:\MATERI_KULIAH\INFORMATIKA\Semester6\PemrogramanFramework\SI-Bengkel-master\vendor\codeigniter4\framework\system\CodeIgniter.php(928): App\Controllers\History->historySearch()
#6 D:\MATERI_KULIAH\INFORMATIKA\Semester6\PemrogramanFramework\SI-Bengkel-master\vendor\codeigniter4\framework\system\CodeIgniter.php(436): CodeIgniter\CodeIgniter->runController(Object(App\Controllers\History))
#7 D:\MATERI_KULIAH\INFORMATIKA\Semester6\PemrogramanFramework\SI-Bengkel-master\vendor\codeigniter4\framework\system\CodeIgniter.php(336): CodeIgniter\CodeIgniter->handleRequest(NULL, Object(Config\Cache), false)
#8 D:\MATERI_KULIAH\INFORMATIKA\Semester6\PemrogramanFramework\SI-Bengkel-master\public\index.php(37): CodeIgniter\CodeIgniter->run()
#9 D:\MATERI_KULIAH\INFORMATIKA\Semester6\PemrogramanFramework\SI-Bengkel-master\vendor\codeigniter4\framework\system\Commands\Server\rewrite.php(45): require_once('D:\\MATERI_KULIA...')
#10 {main}
ERROR - 2021-07-27 10:54:07 --> Cannot add or update a child row: a foreign key constraint fails (`framework`.`req_order`, CONSTRAINT `fk_vendor` FOREIGN KEY (`id_spk`) REFERENCES `spk` (`id`))
CRITICAL - 2021-07-27 10:54:07 --> Cannot add or update a child row: a foreign key constraint fails (`framework`.`req_order`, CONSTRAINT `fk_vendor` FOREIGN KEY (`id_spk`) REFERENCES `spk` (`id`))
#0 D:\MATERI_KULIAH\INFORMATIKA\Semester6\PemrogramanFramework\SI-Bengkel-master\vendor\codeigniter4\framework\system\Database\MySQLi\Connection.php(329): mysqli->query('INSERT INTO `re...')
#1 D:\MATERI_KULIAH\INFORMATIKA\Semester6\PemrogramanFramework\SI-Bengkel-master\vendor\codeigniter4\framework\system\Database\BaseConnection.php(732): CodeIgniter\Database\MySQLi\Connection->execute('INSERT INTO `re...')
#2 D:\MATERI_KULIAH\INFORMATIKA\Semester6\PemrogramanFramework\SI-Bengkel-master\vendor\codeigniter4\framework\system\Database\BaseConnection.php(647): CodeIgniter\Database\BaseConnection->simpleQuery('INSERT INTO `re...')
#3 D:\MATERI_KULIAH\INFORMATIKA\Semester6\PemrogramanFramework\SI-Bengkel-master\vendor\codeigniter4\framework\system\Database\BaseBuilder.php(2277): CodeIgniter\Database\BaseConnection->query('INSERT INTO `re...', Array, false)
#4 D:\MATERI_KULIAH\INFORMATIKA\Semester6\PemrogramanFramework\SI-Bengkel-master\vendor\codeigniter4\framework\system\Model.php(259): CodeIgniter\Database\BaseBuilder->insert()
#5 D:\MATERI_KULIAH\INFORMATIKA\Semester6\PemrogramanFramework\SI-Bengkel-master\vendor\codeigniter4\framework\system\BaseModel.php(774): CodeIgniter\Model->doInsert(Array)
#6 D:\MATERI_KULIAH\INFORMATIKA\Semester6\PemrogramanFramework\SI-Bengkel-master\vendor\codeigniter4\framework\system\Model.php(686): CodeIgniter\BaseModel->insert(Array, true)
#7 D:\MATERI_KULIAH\INFORMATIKA\Semester6\PemrogramanFramework\SI-Bengkel-master\app\Controllers\Customer.php(139): CodeIgniter\Model->insert(Array)
#8 D:\MATERI_KULIAH\INFORMATIKA\Semester6\PemrogramanFramework\SI-Bengkel-master\vendor\codeigniter4\framework\system\CodeIgniter.php(928): App\Controllers\Customer->addRequestOrder()
#9 D:\MATERI_KULIAH\INFORMATIKA\Semester6\PemrogramanFramework\SI-Bengkel-master\vendor\codeigniter4\framework\system\CodeIgniter.php(436): CodeIgniter\CodeIgniter->runController(Object(App\Controllers\Customer))
#10 D:\MATERI_KULIAH\INFORMATIKA\Semester6\PemrogramanFramework\SI-Bengkel-master\vendor\codeigniter4\framework\system\CodeIgniter.php(336): CodeIgniter\CodeIgniter->handleRequest(NULL, Object(Config\Cache), false)
#11 D:\MATERI_KULIAH\INFORMATIKA\Semester6\PemrogramanFramework\SI-Bengkel-master\public\index.php(37): CodeIgniter\CodeIgniter->run()
#12 D:\MATERI_KULIAH\INFORMATIKA\Semester6\PemrogramanFramework\SI-Bengkel-master\vendor\codeigniter4\framework\system\Commands\Server\rewrite.php(45): require_once('D:\\MATERI_KULIA...')
#13 {main}
ERROR - 2021-07-27 11:28:10 --> Error connecting to the database: No connection could be made because the target machine actively refused it.

CRITICAL - 2021-07-27 11:28:11 --> Unable to connect to the database.
Main connection [MySQLi]: No connection could be made because the target machine actively refused it.

#0 D:\MATERI_KULIAH\INFORMATIKA\Semester6\PemrogramanFramework\SI-Bengkel-master\vendor\codeigniter4\framework\system\Database\BaseConnection.php(625): CodeIgniter\Database\BaseConnection->initialize()
#1 D:\MATERI_KULIAH\INFORMATIKA\Semester6\PemrogramanFramework\SI-Bengkel-master\vendor\codeigniter4\framework\system\Database\BaseBuilder.php(2049): CodeIgniter\Database\BaseConnection->query('SELECT *\nFROM `...', Array, false)
#2 D:\MATERI_KULIAH\INFORMATIKA\Semester6\PemrogramanFramework\SI-Bengkel-master\app\Controllers\Home.php(57): CodeIgniter\Database\BaseBuilder->getWhere(Array)
#3 D:\MATERI_KULIAH\INFORMATIKA\Semester6\PemrogramanFramework\SI-Bengkel-master\vendor\codeigniter4\framework\system\CodeIgniter.php(928): App\Controllers\Home->validateLogin()
#4 D:\MATERI_KULIAH\INFORMATIKA\Semester6\PemrogramanFramework\SI-Bengkel-master\vendor\codeigniter4\framework\system\CodeIgniter.php(436): CodeIgniter\CodeIgniter->runController(Object(App\Controllers\Home))
#5 D:\MATERI_KULIAH\INFORMATIKA\Semester6\PemrogramanFramework\SI-Bengkel-master\vendor\codeigniter4\framework\system\CodeIgniter.php(336): CodeIgniter\CodeIgniter->handleRequest(NULL, Object(Config\Cache), false)
#6 D:\MATERI_KULIAH\INFORMATIKA\Semester6\PemrogramanFramework\SI-Bengkel-master\public\index.php(37): CodeIgniter\CodeIgniter->run()
#7 D:\MATERI_KULIAH\INFORMATIKA\Semester6\PemrogramanFramework\SI-Bengkel-master\vendor\codeigniter4\framework\system\Commands\Server\rewrite.php(45): require_once('D:\\MATERI_KULIA...')
#8 {main}
