CRITICAL - 2021-07-16 11:27:04 --> View themes, no current section.
#0 D:\MATERI_KULIAH\INFORMATIKA\Semester 6\Pemrograman Framework\SI-Bengkel-master\app\Views\login\login.php(41): CodeIgniter\View\View->endSection('content')
#1 D:\MATERI_KULIAH\INFORMATIKA\Semester 6\Pemrograman Framework\SI-Bengkel-master\vendor\codeigniter4\framework\system\View\View.php(230): include('D:\\MATERI_KULIA...')
#2 D:\MATERI_KULIAH\INFORMATIKA\Semester 6\Pemrograman Framework\SI-Bengkel-master\vendor\codeigniter4\framework\system\View\View.php(232): CodeIgniter\View\View->CodeIgniter\View\{closure}()
#3 D:\MATERI_KULIAH\INFORMATIKA\Semester 6\Pemrograman Framework\SI-Bengkel-master\vendor\codeigniter4\framework\system\Common.php(1271): CodeIgniter\View\View->render('login/login', Array, true)
#4 D:\MATERI_KULIAH\INFORMATIKA\Semester 6\Pemrograman Framework\SI-Bengkel-master\app\Controllers\Home.php(19): view('login/login', Array)
#5 D:\MATERI_KULIAH\INFORMATIKA\Semester 6\Pemrograman Framework\SI-Bengkel-master\vendor\codeigniter4\framework\system\CodeIgniter.php(928): App\Controllers\Home->index()
#6 D:\MATERI_KULIAH\INFORMATIKA\Semester 6\Pemrograman Framework\SI-Bengkel-master\vendor\codeigniter4\framework\system\CodeIgniter.php(436): CodeIgniter\CodeIgniter->runController(Object(App\Controllers\Home))
#7 D:\MATERI_KULIAH\INFORMATIKA\Semester 6\Pemrograman Framework\SI-Bengkel-master\vendor\codeigniter4\framework\system\CodeIgniter.php(336): CodeIgniter\CodeIgniter->handleRequest(NULL, Object(Config\Cache), false)
#8 D:\MATERI_KULIAH\INFORMATIKA\Semester 6\Pemrograman Framework\SI-Bengkel-master\public\index.php(37): CodeIgniter\CodeIgniter->run()
#9 D:\MATERI_KULIAH\INFORMATIKA\Semester 6\Pemrograman Framework\SI-Bengkel-master\vendor\codeigniter4\framework\system\Commands\Server\rewrite.php(45): require_once('D:\\MATERI_KULIA...')
#10 {main}
CRITICAL - 2021-07-16 11:32:42 --> Invalid file: templates/sidebar.php
#0 D:\MATERI_KULIAH\INFORMATIKA\Semester 6\Pemrograman Framework\SI-Bengkel-master\vendor\codeigniter4\framework\system\View\View.php(213): CodeIgniter\Exceptions\FrameworkException::forInvalidFile('templates/sideb...')
#1 D:\MATERI_KULIAH\INFORMATIKA\Semester 6\Pemrograman Framework\SI-Bengkel-master\vendor\codeigniter4\framework\system\View\View.php(487): CodeIgniter\View\View->render('templates/sideb...', NULL, true)
#2 D:\MATERI_KULIAH\INFORMATIKA\Semester 6\Pemrograman Framework\SI-Bengkel-master\app\Views\login\login.php(3): CodeIgniter\View\View->include('templates/sideb...')
#3 D:\MATERI_KULIAH\INFORMATIKA\Semester 6\Pemrograman Framework\SI-Bengkel-master\vendor\codeigniter4\framework\system\View\View.php(230): include('D:\\MATERI_KULIA...')
#4 D:\MATERI_KULIAH\INFORMATIKA\Semester 6\Pemrograman Framework\SI-Bengkel-master\vendor\codeigniter4\framework\system\View\View.php(232): CodeIgniter\View\View->CodeIgniter\View\{closure}()
#5 D:\MATERI_KULIAH\INFORMATIKA\Semester 6\Pemrograman Framework\SI-Bengkel-master\vendor\codeigniter4\framework\system\Common.php(1271): CodeIgniter\View\View->render('login/login', Array, true)
#6 D:\MATERI_KULIAH\INFORMATIKA\Semester 6\Pemrograman Framework\SI-Bengkel-master\app\Controllers\Home.php(19): view('login/login', Array)
#7 D:\MATERI_KULIAH\INFORMATIKA\Semester 6\Pemrograman Framework\SI-Bengkel-master\vendor\codeigniter4\framework\system\CodeIgniter.php(928): App\Controllers\Home->index()
#8 D:\MATERI_KULIAH\INFORMATIKA\Semester 6\Pemrograman Framework\SI-Bengkel-master\vendor\codeigniter4\framework\system\CodeIgniter.php(436): CodeIgniter\CodeIgniter->runController(Object(App\Controllers\Home))
#9 D:\MATERI_KULIAH\INFORMATIKA\Semester 6\Pemrograman Framework\SI-Bengkel-master\vendor\codeigniter4\framework\system\CodeIgniter.php(336): CodeIgniter\CodeIgniter->handleRequest(NULL, Object(Config\Cache), false)
#10 D:\MATERI_KULIAH\INFORMATIKA\Semester 6\Pemrograman Framework\SI-Bengkel-master\public\index.php(37): CodeIgniter\CodeIgniter->run()
#11 D:\MATERI_KULIAH\INFORMATIKA\Semester 6\Pemrograman Framework\SI-Bengkel-master\vendor\codeigniter4\framework\system\Commands\Server\rewrite.php(45): require_once('D:\\MATERI_KULIA...')
#12 {main}
