CRITICAL - 2021-07-25 07:48:38 --> Invalid argument supplied for foreach()
#0 D:\MATERI_KULIAH\INFORMATIKA\Semester6\PemrogramanFramework\SI-Bengkel-master\app\Views\customer\create_spk.php(47): CodeIgniter\Debug\Exceptions->errorHandler(2, 'Invalid argumen...', 'D:\\MATERI_KULIA...', 47, Array)
#1 D:\MATERI_KULIAH\INFORMATIKA\Semester6\PemrogramanFramework\SI-Bengkel-master\vendor\codeigniter4\framework\system\View\View.php(230): include('D:\\MATERI_KULIA...')
#2 D:\MATERI_KULIAH\INFORMATIKA\Semester6\PemrogramanFramework\SI-Bengkel-master\vendor\codeigniter4\framework\system\View\View.php(232): CodeIgniter\View\View->CodeIgniter\View\{closure}()
#3 D:\MATERI_KULIAH\INFORMATIKA\Semester6\PemrogramanFramework\SI-Bengkel-master\vendor\codeigniter4\framework\system\Common.php(1271): CodeIgniter\View\View->render('customer/create...', Array, true)
#4 D:\MATERI_KULIAH\INFORMATIKA\Semester6\PemrogramanFramework\SI-Bengkel-master\app\Controllers\Customer.php(61): view('customer/create...', Array)
#5 D:\MATERI_KULIAH\INFORMATIKA\Semester6\PemrogramanFramework\SI-Bengkel-master\vendor\codeigniter4\framework\system\CodeIgniter.php(928): App\Controllers\Customer->spk()
#6 D:\MATERI_KULIAH\INFORMATIKA\Semester6\PemrogramanFramework\SI-Bengkel-master\vendor\codeigniter4\framework\system\CodeIgniter.php(436): CodeIgniter\CodeIgniter->runController(Object(App\Controllers\Customer))
#7 D:\MATERI_KULIAH\INFORMATIKA\Semester6\PemrogramanFramework\SI-Bengkel-master\vendor\codeigniter4\framework\system\CodeIgniter.php(336): CodeIgniter\CodeIgniter->handleRequest(NULL, Object(Config\Cache), false)
#8 D:\MATERI_KULIAH\INFORMATIKA\Semester6\PemrogramanFramework\SI-Bengkel-master\public\index.php(37): CodeIgniter\CodeIgniter->run()
#9 D:\MATERI_KULIAH\INFORMATIKA\Semester6\PemrogramanFramework\SI-Bengkel-master\vendor\codeigniter4\framework\system\Commands\Server\rewrite.php(45): require_once('D:\\MATERI_KULIA...')
#10 {main}
CRITICAL - 2021-07-25 07:58:49 --> Invalid argument supplied for foreach()
#0 D:\MATERI_KULIAH\INFORMATIKA\Semester6\PemrogramanFramework\SI-Bengkel-master\app\Views\customer\create_spk.php(47): CodeIgniter\Debug\Exceptions->errorHandler(2, 'Invalid argumen...', 'D:\\MATERI_KULIA...', 47, Array)
#1 D:\MATERI_KULIAH\INFORMATIKA\Semester6\PemrogramanFramework\SI-Bengkel-master\vendor\codeigniter4\framework\system\View\View.php(230): include('D:\\MATERI_KULIA...')
#2 D:\MATERI_KULIAH\INFORMATIKA\Semester6\PemrogramanFramework\SI-Bengkel-master\vendor\codeigniter4\framework\system\View\View.php(232): CodeIgniter\View\View->CodeIgniter\View\{closure}()
#3 D:\MATERI_KULIAH\INFORMATIKA\Semester6\PemrogramanFramework\SI-Bengkel-master\vendor\codeigniter4\framework\system\Common.php(1271): CodeIgniter\View\View->render('customer/create...', Array, true)
#4 D:\MATERI_KULIAH\INFORMATIKA\Semester6\PemrogramanFramework\SI-Bengkel-master\app\Controllers\Customer.php(61): view('customer/create...', Array)
#5 D:\MATERI_KULIAH\INFORMATIKA\Semester6\PemrogramanFramework\SI-Bengkel-master\vendor\codeigniter4\framework\system\CodeIgniter.php(928): App\Controllers\Customer->spk()
#6 D:\MATERI_KULIAH\INFORMATIKA\Semester6\PemrogramanFramework\SI-Bengkel-master\vendor\codeigniter4\framework\system\CodeIgniter.php(436): CodeIgniter\CodeIgniter->runController(Object(App\Controllers\Customer))
#7 D:\MATERI_KULIAH\INFORMATIKA\Semester6\PemrogramanFramework\SI-Bengkel-master\vendor\codeigniter4\framework\system\CodeIgniter.php(336): CodeIgniter\CodeIgniter->handleRequest(NULL, Object(Config\Cache), false)
#8 D:\MATERI_KULIAH\INFORMATIKA\Semester6\PemrogramanFramework\SI-Bengkel-master\public\index.php(37): CodeIgniter\CodeIgniter->run()
#9 D:\MATERI_KULIAH\INFORMATIKA\Semester6\PemrogramanFramework\SI-Bengkel-master\vendor\codeigniter4\framework\system\Commands\Server\rewrite.php(45): require_once('D:\\MATERI_KULIA...')
#10 {main}
CRITICAL - 2021-07-25 08:26:40 --> Undefined variable: query
#0 D:\MATERI_KULIAH\INFORMATIKA\Semester6\PemrogramanFramework\SI-Bengkel-master\app\Views\history\data_service.php(47): CodeIgniter\Debug\Exceptions->errorHandler(8, 'Undefined varia...', 'D:\\MATERI_KULIA...', 47, Array)
#1 D:\MATERI_KULIAH\INFORMATIKA\Semester6\PemrogramanFramework\SI-Bengkel-master\vendor\codeigniter4\framework\system\View\View.php(230): include('D:\\MATERI_KULIA...')
#2 D:\MATERI_KULIAH\INFORMATIKA\Semester6\PemrogramanFramework\SI-Bengkel-master\vendor\codeigniter4\framework\system\View\View.php(232): CodeIgniter\View\View->CodeIgniter\View\{closure}()
#3 D:\MATERI_KULIAH\INFORMATIKA\Semester6\PemrogramanFramework\SI-Bengkel-master\vendor\codeigniter4\framework\system\Common.php(1271): CodeIgniter\View\View->render('history/data_se...', Array, true)
#4 D:\MATERI_KULIAH\INFORMATIKA\Semester6\PemrogramanFramework\SI-Bengkel-master\app\Controllers\History.php(27): view('history/data_se...', Array)
#5 D:\MATERI_KULIAH\INFORMATIKA\Semester6\PemrogramanFramework\SI-Bengkel-master\vendor\codeigniter4\framework\system\CodeIgniter.php(928): App\Controllers\History->index()
#6 D:\MATERI_KULIAH\INFORMATIKA\Semester6\PemrogramanFramework\SI-Bengkel-master\vendor\codeigniter4\framework\system\CodeIgniter.php(436): CodeIgniter\CodeIgniter->runController(Object(App\Controllers\History))
#7 D:\MATERI_KULIAH\INFORMATIKA\Semester6\PemrogramanFramework\SI-Bengkel-master\vendor\codeigniter4\framework\system\CodeIgniter.php(336): CodeIgniter\CodeIgniter->handleRequest(NULL, Object(Config\Cache), false)
#8 D:\MATERI_KULIAH\INFORMATIKA\Semester6\PemrogramanFramework\SI-Bengkel-master\public\index.php(37): CodeIgniter\CodeIgniter->run()
#9 D:\MATERI_KULIAH\INFORMATIKA\Semester6\PemrogramanFramework\SI-Bengkel-master\vendor\codeigniter4\framework\system\Commands\Server\rewrite.php(45): require_once('D:\\MATERI_KULIA...')
#10 {main}
CRITICAL - 2021-07-25 09:52:44 --> Too few arguments to function App\Controllers\Master::editMekanik(), 0 passed in D:\MATERI_KULIAH\INFORMATIKA\Semester6\PemrogramanFramework\SI-Bengkel-master\vendor\codeigniter4\framework\system\CodeIgniter.php on line 928 and exactly 1 expected
#0 D:\MATERI_KULIAH\INFORMATIKA\Semester6\PemrogramanFramework\SI-Bengkel-master\vendor\codeigniter4\framework\system\CodeIgniter.php(928): App\Controllers\Master->editMekanik()
#1 D:\MATERI_KULIAH\INFORMATIKA\Semester6\PemrogramanFramework\SI-Bengkel-master\vendor\codeigniter4\framework\system\CodeIgniter.php(436): CodeIgniter\CodeIgniter->runController(Object(App\Controllers\Master))
#2 D:\MATERI_KULIAH\INFORMATIKA\Semester6\PemrogramanFramework\SI-Bengkel-master\vendor\codeigniter4\framework\system\CodeIgniter.php(336): CodeIgniter\CodeIgniter->handleRequest(NULL, Object(Config\Cache), false)
#3 D:\MATERI_KULIAH\INFORMATIKA\Semester6\PemrogramanFramework\SI-Bengkel-master\public\index.php(37): CodeIgniter\CodeIgniter->run()
#4 D:\MATERI_KULIAH\INFORMATIKA\Semester6\PemrogramanFramework\SI-Bengkel-master\vendor\codeigniter4\framework\system\Commands\Server\rewrite.php(45): require_once('D:\\MATERI_KULIA...')
#5 {main}
CRITICAL - 2021-07-25 09:52:44 --> Too few arguments to function App\Controllers\Master::editMekanik(), 0 passed in D:\MATERI_KULIAH\INFORMATIKA\Semester6\PemrogramanFramework\SI-Bengkel-master\vendor\codeigniter4\framework\system\CodeIgniter.php on line 928 and exactly 1 expected
#0 D:\MATERI_KULIAH\INFORMATIKA\Semester6\PemrogramanFramework\SI-Bengkel-master\vendor\codeigniter4\framework\system\CodeIgniter.php(928): App\Controllers\Master->editMekanik()
#1 D:\MATERI_KULIAH\INFORMATIKA\Semester6\PemrogramanFramework\SI-Bengkel-master\vendor\codeigniter4\framework\system\CodeIgniter.php(436): CodeIgniter\CodeIgniter->runController(Object(App\Controllers\Master))
#2 D:\MATERI_KULIAH\INFORMATIKA\Semester6\PemrogramanFramework\SI-Bengkel-master\vendor\codeigniter4\framework\system\CodeIgniter.php(336): CodeIgniter\CodeIgniter->handleRequest(NULL, Object(Config\Cache), false)
#3 D:\MATERI_KULIAH\INFORMATIKA\Semester6\PemrogramanFramework\SI-Bengkel-master\public\index.php(37): CodeIgniter\CodeIgniter->run()
#4 D:\MATERI_KULIAH\INFORMATIKA\Semester6\PemrogramanFramework\SI-Bengkel-master\vendor\codeigniter4\framework\system\Commands\Server\rewrite.php(45): require_once('D:\\MATERI_KULIA...')
#5 {main}
CRITICAL - 2021-07-25 09:52:45 --> Too few arguments to function App\Controllers\Master::editMekanik(), 0 passed in D:\MATERI_KULIAH\INFORMATIKA\Semester6\PemrogramanFramework\SI-Bengkel-master\vendor\codeigniter4\framework\system\CodeIgniter.php on line 928 and exactly 1 expected
#0 D:\MATERI_KULIAH\INFORMATIKA\Semester6\PemrogramanFramework\SI-Bengkel-master\vendor\codeigniter4\framework\system\CodeIgniter.php(928): App\Controllers\Master->editMekanik()
#1 D:\MATERI_KULIAH\INFORMATIKA\Semester6\PemrogramanFramework\SI-Bengkel-master\vendor\codeigniter4\framework\system\CodeIgniter.php(436): CodeIgniter\CodeIgniter->runController(Object(App\Controllers\Master))
#2 D:\MATERI_KULIAH\INFORMATIKA\Semester6\PemrogramanFramework\SI-Bengkel-master\vendor\codeigniter4\framework\system\CodeIgniter.php(336): CodeIgniter\CodeIgniter->handleRequest(NULL, Object(Config\Cache), false)
#3 D:\MATERI_KULIAH\INFORMATIKA\Semester6\PemrogramanFramework\SI-Bengkel-master\public\index.php(37): CodeIgniter\CodeIgniter->run()
#4 D:\MATERI_KULIAH\INFORMATIKA\Semester6\PemrogramanFramework\SI-Bengkel-master\vendor\codeigniter4\framework\system\Commands\Server\rewrite.php(45): require_once('D:\\MATERI_KULIA...')
#5 {main}
CRITICAL - 2021-07-25 10:02:48 --> syntax error, unexpected ')', expecting ';' or ','
#0 D:\MATERI_KULIAH\INFORMATIKA\Semester6\PemrogramanFramework\SI-Bengkel-master\vendor\codeigniter4\framework\system\View\View.php(232): CodeIgniter\View\View->CodeIgniter\View\{closure}()
#1 D:\MATERI_KULIAH\INFORMATIKA\Semester6\PemrogramanFramework\SI-Bengkel-master\vendor\codeigniter4\framework\system\Common.php(1271): CodeIgniter\View\View->render('master/list_mek...', Array, true)
#2 D:\MATERI_KULIAH\INFORMATIKA\Semester6\PemrogramanFramework\SI-Bengkel-master\app\Controllers\Master.php(89): view('master/list_mek...', Array)
#3 D:\MATERI_KULIAH\INFORMATIKA\Semester6\PemrogramanFramework\SI-Bengkel-master\vendor\codeigniter4\framework\system\CodeIgniter.php(928): App\Controllers\Master->mekanik()
#4 D:\MATERI_KULIAH\INFORMATIKA\Semester6\PemrogramanFramework\SI-Bengkel-master\vendor\codeigniter4\framework\system\CodeIgniter.php(436): CodeIgniter\CodeIgniter->runController(Object(App\Controllers\Master))
#5 D:\MATERI_KULIAH\INFORMATIKA\Semester6\PemrogramanFramework\SI-Bengkel-master\vendor\codeigniter4\framework\system\CodeIgniter.php(336): CodeIgniter\CodeIgniter->handleRequest(NULL, Object(Config\Cache), false)
#6 D:\MATERI_KULIAH\INFORMATIKA\Semester6\PemrogramanFramework\SI-Bengkel-master\public\index.php(37): CodeIgniter\CodeIgniter->run()
#7 D:\MATERI_KULIAH\INFORMATIKA\Semester6\PemrogramanFramework\SI-Bengkel-master\vendor\codeigniter4\framework\system\Commands\Server\rewrite.php(45): require_once('D:\\MATERI_KULIA...')
#8 {main}
