CRITICAL - 2021-07-23 04:50:02 --> Invalid argument supplied for foreach()
#0 D:\MATERI_KULIAH\INFORMATIKA\Semester6\PemrogramanFramework\SI-Bengkel-master\app\Views\customer\create_spk.php(47): CodeIgniter\Debug\Exceptions->errorHandler(2, 'Invalid argumen...', 'D:\\MATERI_KULIA...', 47, Array)
#1 D:\MATERI_KULIAH\INFORMATIKA\Semester6\PemrogramanFramework\SI-Bengkel-master\vendor\codeigniter4\framework\system\View\View.php(230): include('D:\\MATERI_KULIA...')
#2 D:\MATERI_KULIAH\INFORMATIKA\Semester6\PemrogramanFramework\SI-Bengkel-master\vendor\codeigniter4\framework\system\View\View.php(232): CodeIgniter\View\View->CodeIgniter\View\{closure}()
#3 D:\MATERI_KULIAH\INFORMATIKA\Semester6\PemrogramanFramework\SI-Bengkel-master\vendor\codeigniter4\framework\system\Common.php(1271): CodeIgniter\View\View->render('customer/create...', Array, true)
#4 D:\MATERI_KULIAH\INFORMATIKA\Semester6\PemrogramanFramework\SI-Bengkel-master\app\Controllers\Customer.php(49): view('customer/create...', Array)
#5 D:\MATERI_KULIAH\INFORMATIKA\Semester6\PemrogramanFramework\SI-Bengkel-master\vendor\codeigniter4\framework\system\CodeIgniter.php(928): App\Controllers\Customer->spk()
#6 D:\MATERI_KULIAH\INFORMATIKA\Semester6\PemrogramanFramework\SI-Bengkel-master\vendor\codeigniter4\framework\system\CodeIgniter.php(436): CodeIgniter\CodeIgniter->runController(Object(App\Controllers\Customer))
#7 D:\MATERI_KULIAH\INFORMATIKA\Semester6\PemrogramanFramework\SI-Bengkel-master\vendor\codeigniter4\framework\system\CodeIgniter.php(336): CodeIgniter\CodeIgniter->handleRequest(NULL, Object(Config\Cache), false)
#8 D:\MATERI_KULIAH\INFORMATIKA\Semester6\PemrogramanFramework\SI-Bengkel-master\public\index.php(37): CodeIgniter\CodeIgniter->run()
#9 D:\MATERI_KULIAH\INFORMATIKA\Semester6\PemrogramanFramework\SI-Bengkel-master\vendor\codeigniter4\framework\system\Commands\Server\rewrite.php(45): require_once('D:\\MATERI_KULIA...')
#10 {main}
CRITICAL - 2021-07-23 08:33:14 --> Invalid argument supplied for foreach()
#0 D:\MATERI_KULIAH\INFORMATIKA\Semester6\PemrogramanFramework\SI-Bengkel-master\app\Views\customer\create_spk.php(47): CodeIgniter\Debug\Exceptions->errorHandler(2, 'Invalid argumen...', 'D:\\MATERI_KULIA...', 47, Array)
#1 D:\MATERI_KULIAH\INFORMATIKA\Semester6\PemrogramanFramework\SI-Bengkel-master\vendor\codeigniter4\framework\system\View\View.php(230): include('D:\\MATERI_KULIA...')
#2 D:\MATERI_KULIAH\INFORMATIKA\Semester6\PemrogramanFramework\SI-Bengkel-master\vendor\codeigniter4\framework\system\View\View.php(232): CodeIgniter\View\View->CodeIgniter\View\{closure}()
#3 D:\MATERI_KULIAH\INFORMATIKA\Semester6\PemrogramanFramework\SI-Bengkel-master\vendor\codeigniter4\framework\system\Common.php(1271): CodeIgniter\View\View->render('customer/create...', Array, true)
#4 D:\MATERI_KULIAH\INFORMATIKA\Semester6\PemrogramanFramework\SI-Bengkel-master\app\Controllers\Customer.php(49): view('customer/create...', Array)
#5 D:\MATERI_KULIAH\INFORMATIKA\Semester6\PemrogramanFramework\SI-Bengkel-master\vendor\codeigniter4\framework\system\CodeIgniter.php(928): App\Controllers\Customer->spk()
#6 D:\MATERI_KULIAH\INFORMATIKA\Semester6\PemrogramanFramework\SI-Bengkel-master\vendor\codeigniter4\framework\system\CodeIgniter.php(436): CodeIgniter\CodeIgniter->runController(Object(App\Controllers\Customer))
#7 D:\MATERI_KULIAH\INFORMATIKA\Semester6\PemrogramanFramework\SI-Bengkel-master\vendor\codeigniter4\framework\system\CodeIgniter.php(336): CodeIgniter\CodeIgniter->handleRequest(NULL, Object(Config\Cache), false)
#8 D:\MATERI_KULIAH\INFORMATIKA\Semester6\PemrogramanFramework\SI-Bengkel-master\public\index.php(37): CodeIgniter\CodeIgniter->run()
#9 D:\MATERI_KULIAH\INFORMATIKA\Semester6\PemrogramanFramework\SI-Bengkel-master\vendor\codeigniter4\framework\system\Commands\Server\rewrite.php(45): require_once('D:\\MATERI_KULIA...')
#10 {main}
CRITICAL - 2021-07-23 08:33:28 --> Invalid argument supplied for foreach()
#0 D:\MATERI_KULIAH\INFORMATIKA\Semester6\PemrogramanFramework\SI-Bengkel-master\app\Views\customer\create_spk.php(47): CodeIgniter\Debug\Exceptions->errorHandler(2, 'Invalid argumen...', 'D:\\MATERI_KULIA...', 47, Array)
#1 D:\MATERI_KULIAH\INFORMATIKA\Semester6\PemrogramanFramework\SI-Bengkel-master\vendor\codeigniter4\framework\system\View\View.php(230): include('D:\\MATERI_KULIA...')
#2 D:\MATERI_KULIAH\INFORMATIKA\Semester6\PemrogramanFramework\SI-Bengkel-master\vendor\codeigniter4\framework\system\View\View.php(232): CodeIgniter\View\View->CodeIgniter\View\{closure}()
#3 D:\MATERI_KULIAH\INFORMATIKA\Semester6\PemrogramanFramework\SI-Bengkel-master\vendor\codeigniter4\framework\system\Common.php(1271): CodeIgniter\View\View->render('customer/create...', Array, true)
#4 D:\MATERI_KULIAH\INFORMATIKA\Semester6\PemrogramanFramework\SI-Bengkel-master\app\Controllers\Customer.php(49): view('customer/create...', Array)
#5 D:\MATERI_KULIAH\INFORMATIKA\Semester6\PemrogramanFramework\SI-Bengkel-master\vendor\codeigniter4\framework\system\CodeIgniter.php(928): App\Controllers\Customer->spk()
#6 D:\MATERI_KULIAH\INFORMATIKA\Semester6\PemrogramanFramework\SI-Bengkel-master\vendor\codeigniter4\framework\system\CodeIgniter.php(436): CodeIgniter\CodeIgniter->runController(Object(App\Controllers\Customer))
#7 D:\MATERI_KULIAH\INFORMATIKA\Semester6\PemrogramanFramework\SI-Bengkel-master\vendor\codeigniter4\framework\system\CodeIgniter.php(336): CodeIgniter\CodeIgniter->handleRequest(NULL, Object(Config\Cache), false)
#8 D:\MATERI_KULIAH\INFORMATIKA\Semester6\PemrogramanFramework\SI-Bengkel-master\public\index.php(37): CodeIgniter\CodeIgniter->run()
#9 D:\MATERI_KULIAH\INFORMATIKA\Semester6\PemrogramanFramework\SI-Bengkel-master\vendor\codeigniter4\framework\system\Commands\Server\rewrite.php(45): require_once('D:\\MATERI_KULIA...')
#10 {main}
CRITICAL - 2021-07-23 08:33:34 --> Invalid argument supplied for foreach()
#0 D:\MATERI_KULIAH\INFORMATIKA\Semester6\PemrogramanFramework\SI-Bengkel-master\app\Views\customer\create_spk.php(47): CodeIgniter\Debug\Exceptions->errorHandler(2, 'Invalid argumen...', 'D:\\MATERI_KULIA...', 47, Array)
#1 D:\MATERI_KULIAH\INFORMATIKA\Semester6\PemrogramanFramework\SI-Bengkel-master\vendor\codeigniter4\framework\system\View\View.php(230): include('D:\\MATERI_KULIA...')
#2 D:\MATERI_KULIAH\INFORMATIKA\Semester6\PemrogramanFramework\SI-Bengkel-master\vendor\codeigniter4\framework\system\View\View.php(232): CodeIgniter\View\View->CodeIgniter\View\{closure}()
#3 D:\MATERI_KULIAH\INFORMATIKA\Semester6\PemrogramanFramework\SI-Bengkel-master\vendor\codeigniter4\framework\system\Common.php(1271): CodeIgniter\View\View->render('customer/create...', Array, true)
#4 D:\MATERI_KULIAH\INFORMATIKA\Semester6\PemrogramanFramework\SI-Bengkel-master\app\Controllers\Customer.php(49): view('customer/create...', Array)
#5 D:\MATERI_KULIAH\INFORMATIKA\Semester6\PemrogramanFramework\SI-Bengkel-master\vendor\codeigniter4\framework\system\CodeIgniter.php(928): App\Controllers\Customer->spk()
#6 D:\MATERI_KULIAH\INFORMATIKA\Semester6\PemrogramanFramework\SI-Bengkel-master\vendor\codeigniter4\framework\system\CodeIgniter.php(436): CodeIgniter\CodeIgniter->runController(Object(App\Controllers\Customer))
#7 D:\MATERI_KULIAH\INFORMATIKA\Semester6\PemrogramanFramework\SI-Bengkel-master\vendor\codeigniter4\framework\system\CodeIgniter.php(336): CodeIgniter\CodeIgniter->handleRequest(NULL, Object(Config\Cache), false)
#8 D:\MATERI_KULIAH\INFORMATIKA\Semester6\PemrogramanFramework\SI-Bengkel-master\public\index.php(37): CodeIgniter\CodeIgniter->run()
#9 D:\MATERI_KULIAH\INFORMATIKA\Semester6\PemrogramanFramework\SI-Bengkel-master\vendor\codeigniter4\framework\system\Commands\Server\rewrite.php(45): require_once('D:\\MATERI_KULIA...')
#10 {main}
CRITICAL - 2021-07-23 11:42:34 --> Undefined property: App\Controllers\Customer::$Request_order
#0 D:\MATERI_KULIAH\INFORMATIKA\Semester6\PemrogramanFramework\SI-Bengkel-master\app\Controllers\Customer.php(112): CodeIgniter\Debug\Exceptions->errorHandler(8, 'Undefined prope...', 'D:\\MATERI_KULIA...', 112, Array)
#1 D:\MATERI_KULIAH\INFORMATIKA\Semester6\PemrogramanFramework\SI-Bengkel-master\vendor\codeigniter4\framework\system\CodeIgniter.php(928): App\Controllers\Customer->addRequestOrder()
#2 D:\MATERI_KULIAH\INFORMATIKA\Semester6\PemrogramanFramework\SI-Bengkel-master\vendor\codeigniter4\framework\system\CodeIgniter.php(436): CodeIgniter\CodeIgniter->runController(Object(App\Controllers\Customer))
#3 D:\MATERI_KULIAH\INFORMATIKA\Semester6\PemrogramanFramework\SI-Bengkel-master\vendor\codeigniter4\framework\system\CodeIgniter.php(336): CodeIgniter\CodeIgniter->handleRequest(NULL, Object(Config\Cache), false)
#4 D:\MATERI_KULIAH\INFORMATIKA\Semester6\PemrogramanFramework\SI-Bengkel-master\public\index.php(37): CodeIgniter\CodeIgniter->run()
#5 D:\MATERI_KULIAH\INFORMATIKA\Semester6\PemrogramanFramework\SI-Bengkel-master\vendor\codeigniter4\framework\system\Commands\Server\rewrite.php(45): require_once('D:\\MATERI_KULIA...')
#6 {main}
ERROR - 2021-07-23 11:43:15 --> Unknown column 'no_spk' in 'field list'
CRITICAL - 2021-07-23 11:43:15 --> Unknown column 'no_spk' in 'field list'
#0 D:\MATERI_KULIAH\INFORMATIKA\Semester6\PemrogramanFramework\SI-Bengkel-master\vendor\codeigniter4\framework\system\Database\MySQLi\Connection.php(329): mysqli->query('INSERT INTO `re...')
#1 D:\MATERI_KULIAH\INFORMATIKA\Semester6\PemrogramanFramework\SI-Bengkel-master\vendor\codeigniter4\framework\system\Database\BaseConnection.php(732): CodeIgniter\Database\MySQLi\Connection->execute('INSERT INTO `re...')
#2 D:\MATERI_KULIAH\INFORMATIKA\Semester6\PemrogramanFramework\SI-Bengkel-master\vendor\codeigniter4\framework\system\Database\BaseConnection.php(647): CodeIgniter\Database\BaseConnection->simpleQuery('INSERT INTO `re...')
#3 D:\MATERI_KULIAH\INFORMATIKA\Semester6\PemrogramanFramework\SI-Bengkel-master\vendor\codeigniter4\framework\system\Database\BaseBuilder.php(2277): CodeIgniter\Database\BaseConnection->query('INSERT INTO `re...', Array, false)
#4 D:\MATERI_KULIAH\INFORMATIKA\Semester6\PemrogramanFramework\SI-Bengkel-master\vendor\codeigniter4\framework\system\Model.php(259): CodeIgniter\Database\BaseBuilder->insert()
#5 D:\MATERI_KULIAH\INFORMATIKA\Semester6\PemrogramanFramework\SI-Bengkel-master\vendor\codeigniter4\framework\system\BaseModel.php(774): CodeIgniter\Model->doInsert(Array)
#6 D:\MATERI_KULIAH\INFORMATIKA\Semester6\PemrogramanFramework\SI-Bengkel-master\vendor\codeigniter4\framework\system\Model.php(686): CodeIgniter\BaseModel->insert(Array, true)
#7 D:\MATERI_KULIAH\INFORMATIKA\Semester6\PemrogramanFramework\SI-Bengkel-master\app\Controllers\Customer.php(114): CodeIgniter\Model->insert(Array)
#8 D:\MATERI_KULIAH\INFORMATIKA\Semester6\PemrogramanFramework\SI-Bengkel-master\vendor\codeigniter4\framework\system\CodeIgniter.php(928): App\Controllers\Customer->addRequestOrder()
#9 D:\MATERI_KULIAH\INFORMATIKA\Semester6\PemrogramanFramework\SI-Bengkel-master\vendor\codeigniter4\framework\system\CodeIgniter.php(436): CodeIgniter\CodeIgniter->runController(Object(App\Controllers\Customer))
#10 D:\MATERI_KULIAH\INFORMATIKA\Semester6\PemrogramanFramework\SI-Bengkel-master\vendor\codeigniter4\framework\system\CodeIgniter.php(336): CodeIgniter\CodeIgniter->handleRequest(NULL, Object(Config\Cache), false)
#11 D:\MATERI_KULIAH\INFORMATIKA\Semester6\PemrogramanFramework\SI-Bengkel-master\public\index.php(37): CodeIgniter\CodeIgniter->run()
#12 D:\MATERI_KULIAH\INFORMATIKA\Semester6\PemrogramanFramework\SI-Bengkel-master\vendor\codeigniter4\framework\system\Commands\Server\rewrite.php(45): require_once('D:\\MATERI_KULIA...')
#13 {main}
ERROR - 2021-07-23 11:44:12 --> Column 'total3' cannot be null
CRITICAL - 2021-07-23 11:44:12 --> Column 'total3' cannot be null
#0 D:\MATERI_KULIAH\INFORMATIKA\Semester6\PemrogramanFramework\SI-Bengkel-master\vendor\codeigniter4\framework\system\Database\MySQLi\Connection.php(329): mysqli->query('INSERT INTO `re...')
#1 D:\MATERI_KULIAH\INFORMATIKA\Semester6\PemrogramanFramework\SI-Bengkel-master\vendor\codeigniter4\framework\system\Database\BaseConnection.php(732): CodeIgniter\Database\MySQLi\Connection->execute('INSERT INTO `re...')
#2 D:\MATERI_KULIAH\INFORMATIKA\Semester6\PemrogramanFramework\SI-Bengkel-master\vendor\codeigniter4\framework\system\Database\BaseConnection.php(647): CodeIgniter\Database\BaseConnection->simpleQuery('INSERT INTO `re...')
#3 D:\MATERI_KULIAH\INFORMATIKA\Semester6\PemrogramanFramework\SI-Bengkel-master\vendor\codeigniter4\framework\system\Database\BaseBuilder.php(2277): CodeIgniter\Database\BaseConnection->query('INSERT INTO `re...', Array, false)
#4 D:\MATERI_KULIAH\INFORMATIKA\Semester6\PemrogramanFramework\SI-Bengkel-master\vendor\codeigniter4\framework\system\Model.php(259): CodeIgniter\Database\BaseBuilder->insert()
#5 D:\MATERI_KULIAH\INFORMATIKA\Semester6\PemrogramanFramework\SI-Bengkel-master\vendor\codeigniter4\framework\system\BaseModel.php(774): CodeIgniter\Model->doInsert(Array)
#6 D:\MATERI_KULIAH\INFORMATIKA\Semester6\PemrogramanFramework\SI-Bengkel-master\vendor\codeigniter4\framework\system\Model.php(686): CodeIgniter\BaseModel->insert(Array, true)
#7 D:\MATERI_KULIAH\INFORMATIKA\Semester6\PemrogramanFramework\SI-Bengkel-master\app\Controllers\Customer.php(114): CodeIgniter\Model->insert(Array)
#8 D:\MATERI_KULIAH\INFORMATIKA\Semester6\PemrogramanFramework\SI-Bengkel-master\vendor\codeigniter4\framework\system\CodeIgniter.php(928): App\Controllers\Customer->addRequestOrder()
#9 D:\MATERI_KULIAH\INFORMATIKA\Semester6\PemrogramanFramework\SI-Bengkel-master\vendor\codeigniter4\framework\system\CodeIgniter.php(436): CodeIgniter\CodeIgniter->runController(Object(App\Controllers\Customer))
#10 D:\MATERI_KULIAH\INFORMATIKA\Semester6\PemrogramanFramework\SI-Bengkel-master\vendor\codeigniter4\framework\system\CodeIgniter.php(336): CodeIgniter\CodeIgniter->handleRequest(NULL, Object(Config\Cache), false)
#11 D:\MATERI_KULIAH\INFORMATIKA\Semester6\PemrogramanFramework\SI-Bengkel-master\public\index.php(37): CodeIgniter\CodeIgniter->run()
#12 D:\MATERI_KULIAH\INFORMATIKA\Semester6\PemrogramanFramework\SI-Bengkel-master\vendor\codeigniter4\framework\system\Commands\Server\rewrite.php(45): require_once('D:\\MATERI_KULIA...')
#13 {main}
ERROR - 2021-07-23 11:44:33 --> Column 'total3' cannot be null
CRITICAL - 2021-07-23 11:44:33 --> Column 'total3' cannot be null
#0 D:\MATERI_KULIAH\INFORMATIKA\Semester6\PemrogramanFramework\SI-Bengkel-master\vendor\codeigniter4\framework\system\Database\MySQLi\Connection.php(329): mysqli->query('INSERT INTO `re...')
#1 D:\MATERI_KULIAH\INFORMATIKA\Semester6\PemrogramanFramework\SI-Bengkel-master\vendor\codeigniter4\framework\system\Database\BaseConnection.php(732): CodeIgniter\Database\MySQLi\Connection->execute('INSERT INTO `re...')
#2 D:\MATERI_KULIAH\INFORMATIKA\Semester6\PemrogramanFramework\SI-Bengkel-master\vendor\codeigniter4\framework\system\Database\BaseConnection.php(647): CodeIgniter\Database\BaseConnection->simpleQuery('INSERT INTO `re...')
#3 D:\MATERI_KULIAH\INFORMATIKA\Semester6\PemrogramanFramework\SI-Bengkel-master\vendor\codeigniter4\framework\system\Database\BaseBuilder.php(2277): CodeIgniter\Database\BaseConnection->query('INSERT INTO `re...', Array, false)
#4 D:\MATERI_KULIAH\INFORMATIKA\Semester6\PemrogramanFramework\SI-Bengkel-master\vendor\codeigniter4\framework\system\Model.php(259): CodeIgniter\Database\BaseBuilder->insert()
#5 D:\MATERI_KULIAH\INFORMATIKA\Semester6\PemrogramanFramework\SI-Bengkel-master\vendor\codeigniter4\framework\system\BaseModel.php(774): CodeIgniter\Model->doInsert(Array)
#6 D:\MATERI_KULIAH\INFORMATIKA\Semester6\PemrogramanFramework\SI-Bengkel-master\vendor\codeigniter4\framework\system\Model.php(686): CodeIgniter\BaseModel->insert(Array, true)
#7 D:\MATERI_KULIAH\INFORMATIKA\Semester6\PemrogramanFramework\SI-Bengkel-master\app\Controllers\Customer.php(114): CodeIgniter\Model->insert(Array)
#8 D:\MATERI_KULIAH\INFORMATIKA\Semester6\PemrogramanFramework\SI-Bengkel-master\vendor\codeigniter4\framework\system\CodeIgniter.php(928): App\Controllers\Customer->addRequestOrder()
#9 D:\MATERI_KULIAH\INFORMATIKA\Semester6\PemrogramanFramework\SI-Bengkel-master\vendor\codeigniter4\framework\system\CodeIgniter.php(436): CodeIgniter\CodeIgniter->runController(Object(App\Controllers\Customer))
#10 D:\MATERI_KULIAH\INFORMATIKA\Semester6\PemrogramanFramework\SI-Bengkel-master\vendor\codeigniter4\framework\system\CodeIgniter.php(336): CodeIgniter\CodeIgniter->handleRequest(NULL, Object(Config\Cache), false)
#11 D:\MATERI_KULIAH\INFORMATIKA\Semester6\PemrogramanFramework\SI-Bengkel-master\public\index.php(37): CodeIgniter\CodeIgniter->run()
#12 D:\MATERI_KULIAH\INFORMATIKA\Semester6\PemrogramanFramework\SI-Bengkel-master\vendor\codeigniter4\framework\system\Commands\Server\rewrite.php(45): require_once('D:\\MATERI_KULIA...')
#13 {main}
ERROR - 2021-07-23 11:46:21 --> Column 'id_spk' cannot be null
CRITICAL - 2021-07-23 11:46:21 --> Column 'id_spk' cannot be null
#0 D:\MATERI_KULIAH\INFORMATIKA\Semester6\PemrogramanFramework\SI-Bengkel-master\vendor\codeigniter4\framework\system\Database\MySQLi\Connection.php(329): mysqli->query('INSERT INTO `re...')
#1 D:\MATERI_KULIAH\INFORMATIKA\Semester6\PemrogramanFramework\SI-Bengkel-master\vendor\codeigniter4\framework\system\Database\BaseConnection.php(732): CodeIgniter\Database\MySQLi\Connection->execute('INSERT INTO `re...')
#2 D:\MATERI_KULIAH\INFORMATIKA\Semester6\PemrogramanFramework\SI-Bengkel-master\vendor\codeigniter4\framework\system\Database\BaseConnection.php(647): CodeIgniter\Database\BaseConnection->simpleQuery('INSERT INTO `re...')
#3 D:\MATERI_KULIAH\INFORMATIKA\Semester6\PemrogramanFramework\SI-Bengkel-master\vendor\codeigniter4\framework\system\Database\BaseBuilder.php(2277): CodeIgniter\Database\BaseConnection->query('INSERT INTO `re...', Array, false)
#4 D:\MATERI_KULIAH\INFORMATIKA\Semester6\PemrogramanFramework\SI-Bengkel-master\vendor\codeigniter4\framework\system\Model.php(259): CodeIgniter\Database\BaseBuilder->insert()
#5 D:\MATERI_KULIAH\INFORMATIKA\Semester6\PemrogramanFramework\SI-Bengkel-master\vendor\codeigniter4\framework\system\BaseModel.php(774): CodeIgniter\Model->doInsert(Array)
#6 D:\MATERI_KULIAH\INFORMATIKA\Semester6\PemrogramanFramework\SI-Bengkel-master\vendor\codeigniter4\framework\system\Model.php(686): CodeIgniter\BaseModel->insert(Array, true)
#7 D:\MATERI_KULIAH\INFORMATIKA\Semester6\PemrogramanFramework\SI-Bengkel-master\app\Controllers\Customer.php(114): CodeIgniter\Model->insert(Array)
#8 D:\MATERI_KULIAH\INFORMATIKA\Semester6\PemrogramanFramework\SI-Bengkel-master\vendor\codeigniter4\framework\system\CodeIgniter.php(928): App\Controllers\Customer->addRequestOrder()
#9 D:\MATERI_KULIAH\INFORMATIKA\Semester6\PemrogramanFramework\SI-Bengkel-master\vendor\codeigniter4\framework\system\CodeIgniter.php(436): CodeIgniter\CodeIgniter->runController(Object(App\Controllers\Customer))
#10 D:\MATERI_KULIAH\INFORMATIKA\Semester6\PemrogramanFramework\SI-Bengkel-master\vendor\codeigniter4\framework\system\CodeIgniter.php(336): CodeIgniter\CodeIgniter->handleRequest(NULL, Object(Config\Cache), false)
#11 D:\MATERI_KULIAH\INFORMATIKA\Semester6\PemrogramanFramework\SI-Bengkel-master\public\index.php(37): CodeIgniter\CodeIgniter->run()
#12 D:\MATERI_KULIAH\INFORMATIKA\Semester6\PemrogramanFramework\SI-Bengkel-master\vendor\codeigniter4\framework\system\Commands\Server\rewrite.php(45): require_once('D:\\MATERI_KULIA...')
#13 {main}
ERROR - 2021-07-23 11:47:18 --> Column 'id_spk' cannot be null
CRITICAL - 2021-07-23 11:47:19 --> Column 'id_spk' cannot be null
#0 D:\MATERI_KULIAH\INFORMATIKA\Semester6\PemrogramanFramework\SI-Bengkel-master\vendor\codeigniter4\framework\system\Database\MySQLi\Connection.php(329): mysqli->query('INSERT INTO `re...')
#1 D:\MATERI_KULIAH\INFORMATIKA\Semester6\PemrogramanFramework\SI-Bengkel-master\vendor\codeigniter4\framework\system\Database\BaseConnection.php(732): CodeIgniter\Database\MySQLi\Connection->execute('INSERT INTO `re...')
#2 D:\MATERI_KULIAH\INFORMATIKA\Semester6\PemrogramanFramework\SI-Bengkel-master\vendor\codeigniter4\framework\system\Database\BaseConnection.php(647): CodeIgniter\Database\BaseConnection->simpleQuery('INSERT INTO `re...')
#3 D:\MATERI_KULIAH\INFORMATIKA\Semester6\PemrogramanFramework\SI-Bengkel-master\vendor\codeigniter4\framework\system\Database\BaseBuilder.php(2277): CodeIgniter\Database\BaseConnection->query('INSERT INTO `re...', Array, false)
#4 D:\MATERI_KULIAH\INFORMATIKA\Semester6\PemrogramanFramework\SI-Bengkel-master\vendor\codeigniter4\framework\system\Model.php(259): CodeIgniter\Database\BaseBuilder->insert()
#5 D:\MATERI_KULIAH\INFORMATIKA\Semester6\PemrogramanFramework\SI-Bengkel-master\vendor\codeigniter4\framework\system\BaseModel.php(774): CodeIgniter\Model->doInsert(Array)
#6 D:\MATERI_KULIAH\INFORMATIKA\Semester6\PemrogramanFramework\SI-Bengkel-master\vendor\codeigniter4\framework\system\Model.php(686): CodeIgniter\BaseModel->insert(Array, true)
#7 D:\MATERI_KULIAH\INFORMATIKA\Semester6\PemrogramanFramework\SI-Bengkel-master\app\Controllers\Customer.php(114): CodeIgniter\Model->insert(Array)
#8 D:\MATERI_KULIAH\INFORMATIKA\Semester6\PemrogramanFramework\SI-Bengkel-master\vendor\codeigniter4\framework\system\CodeIgniter.php(928): App\Controllers\Customer->addRequestOrder()
#9 D:\MATERI_KULIAH\INFORMATIKA\Semester6\PemrogramanFramework\SI-Bengkel-master\vendor\codeigniter4\framework\system\CodeIgniter.php(436): CodeIgniter\CodeIgniter->runController(Object(App\Controllers\Customer))
#10 D:\MATERI_KULIAH\INFORMATIKA\Semester6\PemrogramanFramework\SI-Bengkel-master\vendor\codeigniter4\framework\system\CodeIgniter.php(336): CodeIgniter\CodeIgniter->handleRequest(NULL, Object(Config\Cache), false)
#11 D:\MATERI_KULIAH\INFORMATIKA\Semester6\PemrogramanFramework\SI-Bengkel-master\public\index.php(37): CodeIgniter\CodeIgniter->run()
#12 D:\MATERI_KULIAH\INFORMATIKA\Semester6\PemrogramanFramework\SI-Bengkel-master\vendor\codeigniter4\framework\system\Commands\Server\rewrite.php(45): require_once('D:\\MATERI_KULIA...')
#13 {main}
ERROR - 2021-07-23 11:47:20 --> Column 'id_spk' cannot be null
CRITICAL - 2021-07-23 11:47:20 --> Column 'id_spk' cannot be null
#0 D:\MATERI_KULIAH\INFORMATIKA\Semester6\PemrogramanFramework\SI-Bengkel-master\vendor\codeigniter4\framework\system\Database\MySQLi\Connection.php(329): mysqli->query('INSERT INTO `re...')
#1 D:\MATERI_KULIAH\INFORMATIKA\Semester6\PemrogramanFramework\SI-Bengkel-master\vendor\codeigniter4\framework\system\Database\BaseConnection.php(732): CodeIgniter\Database\MySQLi\Connection->execute('INSERT INTO `re...')
#2 D:\MATERI_KULIAH\INFORMATIKA\Semester6\PemrogramanFramework\SI-Bengkel-master\vendor\codeigniter4\framework\system\Database\BaseConnection.php(647): CodeIgniter\Database\BaseConnection->simpleQuery('INSERT INTO `re...')
#3 D:\MATERI_KULIAH\INFORMATIKA\Semester6\PemrogramanFramework\SI-Bengkel-master\vendor\codeigniter4\framework\system\Database\BaseBuilder.php(2277): CodeIgniter\Database\BaseConnection->query('INSERT INTO `re...', Array, false)
#4 D:\MATERI_KULIAH\INFORMATIKA\Semester6\PemrogramanFramework\SI-Bengkel-master\vendor\codeigniter4\framework\system\Model.php(259): CodeIgniter\Database\BaseBuilder->insert()
#5 D:\MATERI_KULIAH\INFORMATIKA\Semester6\PemrogramanFramework\SI-Bengkel-master\vendor\codeigniter4\framework\system\BaseModel.php(774): CodeIgniter\Model->doInsert(Array)
#6 D:\MATERI_KULIAH\INFORMATIKA\Semester6\PemrogramanFramework\SI-Bengkel-master\vendor\codeigniter4\framework\system\Model.php(686): CodeIgniter\BaseModel->insert(Array, true)
#7 D:\MATERI_KULIAH\INFORMATIKA\Semester6\PemrogramanFramework\SI-Bengkel-master\app\Controllers\Customer.php(114): CodeIgniter\Model->insert(Array)
#8 D:\MATERI_KULIAH\INFORMATIKA\Semester6\PemrogramanFramework\SI-Bengkel-master\vendor\codeigniter4\framework\system\CodeIgniter.php(928): App\Controllers\Customer->addRequestOrder()
#9 D:\MATERI_KULIAH\INFORMATIKA\Semester6\PemrogramanFramework\SI-Bengkel-master\vendor\codeigniter4\framework\system\CodeIgniter.php(436): CodeIgniter\CodeIgniter->runController(Object(App\Controllers\Customer))
#10 D:\MATERI_KULIAH\INFORMATIKA\Semester6\PemrogramanFramework\SI-Bengkel-master\vendor\codeigniter4\framework\system\CodeIgniter.php(336): CodeIgniter\CodeIgniter->handleRequest(NULL, Object(Config\Cache), false)
#11 D:\MATERI_KULIAH\INFORMATIKA\Semester6\PemrogramanFramework\SI-Bengkel-master\public\index.php(37): CodeIgniter\CodeIgniter->run()
#12 D:\MATERI_KULIAH\INFORMATIKA\Semester6\PemrogramanFramework\SI-Bengkel-master\vendor\codeigniter4\framework\system\Commands\Server\rewrite.php(45): require_once('D:\\MATERI_KULIA...')
#13 {main}
ERROR - 2021-07-23 12:25:01 --> Column 'id' in on clause is ambiguous
CRITICAL - 2021-07-23 12:25:01 --> Column 'id' in on clause is ambiguous
#0 D:\MATERI_KULIAH\INFORMATIKA\Semester6\PemrogramanFramework\SI-Bengkel-master\vendor\codeigniter4\framework\system\Database\MySQLi\Connection.php(329): mysqli->query('SELECT *\nFROM `...')
#1 D:\MATERI_KULIAH\INFORMATIKA\Semester6\PemrogramanFramework\SI-Bengkel-master\vendor\codeigniter4\framework\system\Database\BaseConnection.php(732): CodeIgniter\Database\MySQLi\Connection->execute('SELECT *\nFROM `...')
#2 D:\MATERI_KULIAH\INFORMATIKA\Semester6\PemrogramanFramework\SI-Bengkel-master\vendor\codeigniter4\framework\system\Database\BaseConnection.php(647): CodeIgniter\Database\BaseConnection->simpleQuery('SELECT *\nFROM `...')
#3 D:\MATERI_KULIAH\INFORMATIKA\Semester6\PemrogramanFramework\SI-Bengkel-master\vendor\codeigniter4\framework\system\Database\BaseBuilder.php(1881): CodeIgniter\Database\BaseConnection->query('SELECT *\nFROM `...', Array, false)
#4 D:\MATERI_KULIAH\INFORMATIKA\Semester6\PemrogramanFramework\SI-Bengkel-master\app\Controllers\History.php(13): CodeIgniter\Database\BaseBuilder->get()
#5 D:\MATERI_KULIAH\INFORMATIKA\Semester6\PemrogramanFramework\SI-Bengkel-master\vendor\codeigniter4\framework\system\CodeIgniter.php(928): App\Controllers\History->index()
#6 D:\MATERI_KULIAH\INFORMATIKA\Semester6\PemrogramanFramework\SI-Bengkel-master\vendor\codeigniter4\framework\system\CodeIgniter.php(436): CodeIgniter\CodeIgniter->runController(Object(App\Controllers\History))
#7 D:\MATERI_KULIAH\INFORMATIKA\Semester6\PemrogramanFramework\SI-Bengkel-master\vendor\codeigniter4\framework\system\CodeIgniter.php(336): CodeIgniter\CodeIgniter->handleRequest(NULL, Object(Config\Cache), false)
#8 D:\MATERI_KULIAH\INFORMATIKA\Semester6\PemrogramanFramework\SI-Bengkel-master\public\index.php(37): CodeIgniter\CodeIgniter->run()
#9 D:\MATERI_KULIAH\INFORMATIKA\Semester6\PemrogramanFramework\SI-Bengkel-master\vendor\codeigniter4\framework\system\Commands\Server\rewrite.php(45): require_once('D:\\MATERI_KULIA...')
#10 {main}
ERROR - 2021-07-23 12:26:19 --> Unknown column 'spk.id_spk' in 'on clause'
CRITICAL - 2021-07-23 12:26:19 --> Unknown column 'spk.id_spk' in 'on clause'
#0 D:\MATERI_KULIAH\INFORMATIKA\Semester6\PemrogramanFramework\SI-Bengkel-master\vendor\codeigniter4\framework\system\Database\MySQLi\Connection.php(329): mysqli->query('SELECT *\nFROM `...')
#1 D:\MATERI_KULIAH\INFORMATIKA\Semester6\PemrogramanFramework\SI-Bengkel-master\vendor\codeigniter4\framework\system\Database\BaseConnection.php(732): CodeIgniter\Database\MySQLi\Connection->execute('SELECT *\nFROM `...')
#2 D:\MATERI_KULIAH\INFORMATIKA\Semester6\PemrogramanFramework\SI-Bengkel-master\vendor\codeigniter4\framework\system\Database\BaseConnection.php(647): CodeIgniter\Database\BaseConnection->simpleQuery('SELECT *\nFROM `...')
#3 D:\MATERI_KULIAH\INFORMATIKA\Semester6\PemrogramanFramework\SI-Bengkel-master\vendor\codeigniter4\framework\system\Database\BaseBuilder.php(1881): CodeIgniter\Database\BaseConnection->query('SELECT *\nFROM `...', Array, false)
#4 D:\MATERI_KULIAH\INFORMATIKA\Semester6\PemrogramanFramework\SI-Bengkel-master\app\Controllers\History.php(13): CodeIgniter\Database\BaseBuilder->get()
#5 D:\MATERI_KULIAH\INFORMATIKA\Semester6\PemrogramanFramework\SI-Bengkel-master\vendor\codeigniter4\framework\system\CodeIgniter.php(928): App\Controllers\History->index()
#6 D:\MATERI_KULIAH\INFORMATIKA\Semester6\PemrogramanFramework\SI-Bengkel-master\vendor\codeigniter4\framework\system\CodeIgniter.php(436): CodeIgniter\CodeIgniter->runController(Object(App\Controllers\History))
#7 D:\MATERI_KULIAH\INFORMATIKA\Semester6\PemrogramanFramework\SI-Bengkel-master\vendor\codeigniter4\framework\system\CodeIgniter.php(336): CodeIgniter\CodeIgniter->handleRequest(NULL, Object(Config\Cache), false)
#8 D:\MATERI_KULIAH\INFORMATIKA\Semester6\PemrogramanFramework\SI-Bengkel-master\public\index.php(37): CodeIgniter\CodeIgniter->run()
#9 D:\MATERI_KULIAH\INFORMATIKA\Semester6\PemrogramanFramework\SI-Bengkel-master\vendor\codeigniter4\framework\system\Commands\Server\rewrite.php(45): require_once('D:\\MATERI_KULIA...')
#10 {main}
ERROR - 2021-07-23 12:26:46 --> Unknown column '_spk' in 'on clause'
CRITICAL - 2021-07-23 12:26:46 --> Unknown column '_spk' in 'on clause'
#0 D:\MATERI_KULIAH\INFORMATIKA\Semester6\PemrogramanFramework\SI-Bengkel-master\vendor\codeigniter4\framework\system\Database\MySQLi\Connection.php(329): mysqli->query('SELECT *\nFROM `...')
#1 D:\MATERI_KULIAH\INFORMATIKA\Semester6\PemrogramanFramework\SI-Bengkel-master\vendor\codeigniter4\framework\system\Database\BaseConnection.php(732): CodeIgniter\Database\MySQLi\Connection->execute('SELECT *\nFROM `...')
#2 D:\MATERI_KULIAH\INFORMATIKA\Semester6\PemrogramanFramework\SI-Bengkel-master\vendor\codeigniter4\framework\system\Database\BaseConnection.php(647): CodeIgniter\Database\BaseConnection->simpleQuery('SELECT *\nFROM `...')
#3 D:\MATERI_KULIAH\INFORMATIKA\Semester6\PemrogramanFramework\SI-Bengkel-master\vendor\codeigniter4\framework\system\Database\BaseBuilder.php(1881): CodeIgniter\Database\BaseConnection->query('SELECT *\nFROM `...', Array, false)
#4 D:\MATERI_KULIAH\INFORMATIKA\Semester6\PemrogramanFramework\SI-Bengkel-master\app\Controllers\History.php(13): CodeIgniter\Database\BaseBuilder->get()
#5 D:\MATERI_KULIAH\INFORMATIKA\Semester6\PemrogramanFramework\SI-Bengkel-master\vendor\codeigniter4\framework\system\CodeIgniter.php(928): App\Controllers\History->index()
#6 D:\MATERI_KULIAH\INFORMATIKA\Semester6\PemrogramanFramework\SI-Bengkel-master\vendor\codeigniter4\framework\system\CodeIgniter.php(436): CodeIgniter\CodeIgniter->runController(Object(App\Controllers\History))
#7 D:\MATERI_KULIAH\INFORMATIKA\Semester6\PemrogramanFramework\SI-Bengkel-master\vendor\codeigniter4\framework\system\CodeIgniter.php(336): CodeIgniter\CodeIgniter->handleRequest(NULL, Object(Config\Cache), false)
#8 D:\MATERI_KULIAH\INFORMATIKA\Semester6\PemrogramanFramework\SI-Bengkel-master\public\index.php(37): CodeIgniter\CodeIgniter->run()
#9 D:\MATERI_KULIAH\INFORMATIKA\Semester6\PemrogramanFramework\SI-Bengkel-master\vendor\codeigniter4\framework\system\Commands\Server\rewrite.php(45): require_once('D:\\MATERI_KULIA...')
#10 {main}
ERROR - 2021-07-23 12:32:33 --> Unknown column 'craeted_at' in 'where clause'
CRITICAL - 2021-07-23 12:32:33 --> Unknown column 'craeted_at' in 'where clause'
#0 D:\MATERI_KULIAH\INFORMATIKA\Semester6\PemrogramanFramework\SI-Bengkel-master\vendor\codeigniter4\framework\system\Database\MySQLi\Connection.php(329): mysqli->query('SELECT *\nFROM `...')
#1 D:\MATERI_KULIAH\INFORMATIKA\Semester6\PemrogramanFramework\SI-Bengkel-master\vendor\codeigniter4\framework\system\Database\BaseConnection.php(732): CodeIgniter\Database\MySQLi\Connection->execute('SELECT *\nFROM `...')
#2 D:\MATERI_KULIAH\INFORMATIKA\Semester6\PemrogramanFramework\SI-Bengkel-master\vendor\codeigniter4\framework\system\Database\BaseConnection.php(647): CodeIgniter\Database\BaseConnection->simpleQuery('SELECT *\nFROM `...')
#3 D:\MATERI_KULIAH\INFORMATIKA\Semester6\PemrogramanFramework\SI-Bengkel-master\vendor\codeigniter4\framework\system\Database\BaseBuilder.php(1881): CodeIgniter\Database\BaseConnection->query('SELECT *\nFROM `...', Array, false)
#4 D:\MATERI_KULIAH\INFORMATIKA\Semester6\PemrogramanFramework\SI-Bengkel-master\app\Controllers\History.php(14): CodeIgniter\Database\BaseBuilder->get()
#5 D:\MATERI_KULIAH\INFORMATIKA\Semester6\PemrogramanFramework\SI-Bengkel-master\vendor\codeigniter4\framework\system\CodeIgniter.php(928): App\Controllers\History->index()
#6 D:\MATERI_KULIAH\INFORMATIKA\Semester6\PemrogramanFramework\SI-Bengkel-master\vendor\codeigniter4\framework\system\CodeIgniter.php(436): CodeIgniter\CodeIgniter->runController(Object(App\Controllers\History))
#7 D:\MATERI_KULIAH\INFORMATIKA\Semester6\PemrogramanFramework\SI-Bengkel-master\vendor\codeigniter4\framework\system\CodeIgniter.php(336): CodeIgniter\CodeIgniter->handleRequest(NULL, Object(Config\Cache), false)
#8 D:\MATERI_KULIAH\INFORMATIKA\Semester6\PemrogramanFramework\SI-Bengkel-master\public\index.php(37): CodeIgniter\CodeIgniter->run()
#9 D:\MATERI_KULIAH\INFORMATIKA\Semester6\PemrogramanFramework\SI-Bengkel-master\vendor\codeigniter4\framework\system\Commands\Server\rewrite.php(45): require_once('D:\\MATERI_KULIA...')
#10 {main}
ERROR - 2021-07-23 12:34:46 --> Unknown column 'craeted_at' in 'where clause'
CRITICAL - 2021-07-23 12:34:46 --> Unknown column 'craeted_at' in 'where clause'
#0 D:\MATERI_KULIAH\INFORMATIKA\Semester6\PemrogramanFramework\SI-Bengkel-master\vendor\codeigniter4\framework\system\Database\MySQLi\Connection.php(329): mysqli->query('SELECT *\nFROM `...')
#1 D:\MATERI_KULIAH\INFORMATIKA\Semester6\PemrogramanFramework\SI-Bengkel-master\vendor\codeigniter4\framework\system\Database\BaseConnection.php(732): CodeIgniter\Database\MySQLi\Connection->execute('SELECT *\nFROM `...')
#2 D:\MATERI_KULIAH\INFORMATIKA\Semester6\PemrogramanFramework\SI-Bengkel-master\vendor\codeigniter4\framework\system\Database\BaseConnection.php(647): CodeIgniter\Database\BaseConnection->simpleQuery('SELECT *\nFROM `...')
#3 D:\MATERI_KULIAH\INFORMATIKA\Semester6\PemrogramanFramework\SI-Bengkel-master\vendor\codeigniter4\framework\system\Database\BaseBuilder.php(1881): CodeIgniter\Database\BaseConnection->query('SELECT *\nFROM `...', Array, false)
#4 D:\MATERI_KULIAH\INFORMATIKA\Semester6\PemrogramanFramework\SI-Bengkel-master\app\Controllers\History.php(14): CodeIgniter\Database\BaseBuilder->get()
#5 D:\MATERI_KULIAH\INFORMATIKA\Semester6\PemrogramanFramework\SI-Bengkel-master\vendor\codeigniter4\framework\system\CodeIgniter.php(928): App\Controllers\History->index()
#6 D:\MATERI_KULIAH\INFORMATIKA\Semester6\PemrogramanFramework\SI-Bengkel-master\vendor\codeigniter4\framework\system\CodeIgniter.php(436): CodeIgniter\CodeIgniter->runController(Object(App\Controllers\History))
#7 D:\MATERI_KULIAH\INFORMATIKA\Semester6\PemrogramanFramework\SI-Bengkel-master\vendor\codeigniter4\framework\system\CodeIgniter.php(336): CodeIgniter\CodeIgniter->handleRequest(NULL, Object(Config\Cache), false)
#8 D:\MATERI_KULIAH\INFORMATIKA\Semester6\PemrogramanFramework\SI-Bengkel-master\public\index.php(37): CodeIgniter\CodeIgniter->run()
#9 D:\MATERI_KULIAH\INFORMATIKA\Semester6\PemrogramanFramework\SI-Bengkel-master\vendor\codeigniter4\framework\system\Commands\Server\rewrite.php(45): require_once('D:\\MATERI_KULIA...')
#10 {main}
ERROR - 2021-07-23 12:41:56 --> Column 'id' in where clause is ambiguous
CRITICAL - 2021-07-23 12:41:56 --> Column 'id' in where clause is ambiguous
#0 D:\MATERI_KULIAH\INFORMATIKA\Semester6\PemrogramanFramework\SI-Bengkel-master\vendor\codeigniter4\framework\system\Database\MySQLi\Connection.php(329): mysqli->query('SELECT *\nFROM `...')
#1 D:\MATERI_KULIAH\INFORMATIKA\Semester6\PemrogramanFramework\SI-Bengkel-master\vendor\codeigniter4\framework\system\Database\BaseConnection.php(732): CodeIgniter\Database\MySQLi\Connection->execute('SELECT *\nFROM `...')
#2 D:\MATERI_KULIAH\INFORMATIKA\Semester6\PemrogramanFramework\SI-Bengkel-master\vendor\codeigniter4\framework\system\Database\BaseConnection.php(647): CodeIgniter\Database\BaseConnection->simpleQuery('SELECT *\nFROM `...')
#3 D:\MATERI_KULIAH\INFORMATIKA\Semester6\PemrogramanFramework\SI-Bengkel-master\vendor\codeigniter4\framework\system\Database\BaseBuilder.php(1881): CodeIgniter\Database\BaseConnection->query('SELECT *\nFROM `...', Array, false)
#4 D:\MATERI_KULIAH\INFORMATIKA\Semester6\PemrogramanFramework\SI-Bengkel-master\app\Controllers\History.php(14): CodeIgniter\Database\BaseBuilder->get()
#5 D:\MATERI_KULIAH\INFORMATIKA\Semester6\PemrogramanFramework\SI-Bengkel-master\vendor\codeigniter4\framework\system\CodeIgniter.php(928): App\Controllers\History->index()
#6 D:\MATERI_KULIAH\INFORMATIKA\Semester6\PemrogramanFramework\SI-Bengkel-master\vendor\codeigniter4\framework\system\CodeIgniter.php(436): CodeIgniter\CodeIgniter->runController(Object(App\Controllers\History))
#7 D:\MATERI_KULIAH\INFORMATIKA\Semester6\PemrogramanFramework\SI-Bengkel-master\vendor\codeigniter4\framework\system\CodeIgniter.php(336): CodeIgniter\CodeIgniter->handleRequest(NULL, Object(Config\Cache), false)
#8 D:\MATERI_KULIAH\INFORMATIKA\Semester6\PemrogramanFramework\SI-Bengkel-master\public\index.php(37): CodeIgniter\CodeIgniter->run()
#9 D:\MATERI_KULIAH\INFORMATIKA\Semester6\PemrogramanFramework\SI-Bengkel-master\vendor\codeigniter4\framework\system\Commands\Server\rewrite.php(45): require_once('D:\\MATERI_KULIA...')
#10 {main}
CRITICAL - 2021-07-23 12:58:09 --> Undefined variable: dataSpk
#0 D:\MATERI_KULIAH\INFORMATIKA\Semester6\PemrogramanFramework\SI-Bengkel-master\app\Views\history\data_service.php(24): CodeIgniter\Debug\Exceptions->errorHandler(8, 'Undefined varia...', 'D:\\MATERI_KULIA...', 24, Array)
#1 D:\MATERI_KULIAH\INFORMATIKA\Semester6\PemrogramanFramework\SI-Bengkel-master\vendor\codeigniter4\framework\system\View\View.php(230): include('D:\\MATERI_KULIA...')
#2 D:\MATERI_KULIAH\INFORMATIKA\Semester6\PemrogramanFramework\SI-Bengkel-master\vendor\codeigniter4\framework\system\View\View.php(232): CodeIgniter\View\View->CodeIgniter\View\{closure}()
#3 D:\MATERI_KULIAH\INFORMATIKA\Semester6\PemrogramanFramework\SI-Bengkel-master\vendor\codeigniter4\framework\system\Common.php(1271): CodeIgniter\View\View->render('history/data_se...', Array, true)
#4 D:\MATERI_KULIAH\INFORMATIKA\Semester6\PemrogramanFramework\SI-Bengkel-master\app\Controllers\History.php(22): view('history/data_se...', Array)
#5 D:\MATERI_KULIAH\INFORMATIKA\Semester6\PemrogramanFramework\SI-Bengkel-master\vendor\codeigniter4\framework\system\CodeIgniter.php(928): App\Controllers\History->index()
#6 D:\MATERI_KULIAH\INFORMATIKA\Semester6\PemrogramanFramework\SI-Bengkel-master\vendor\codeigniter4\framework\system\CodeIgniter.php(436): CodeIgniter\CodeIgniter->runController(Object(App\Controllers\History))
#7 D:\MATERI_KULIAH\INFORMATIKA\Semester6\PemrogramanFramework\SI-Bengkel-master\vendor\codeigniter4\framework\system\CodeIgniter.php(336): CodeIgniter\CodeIgniter->handleRequest(NULL, Object(Config\Cache), false)
#8 D:\MATERI_KULIAH\INFORMATIKA\Semester6\PemrogramanFramework\SI-Bengkel-master\public\index.php(37): CodeIgniter\CodeIgniter->run()
#9 D:\MATERI_KULIAH\INFORMATIKA\Semester6\PemrogramanFramework\SI-Bengkel-master\vendor\codeigniter4\framework\system\Commands\Server\rewrite.php(45): require_once('D:\\MATERI_KULIA...')
#10 {main}
CRITICAL - 2021-07-23 13:04:19 --> Undefined variable: query
#0 D:\MATERI_KULIAH\INFORMATIKA\Semester6\PemrogramanFramework\SI-Bengkel-master\app\Views\history\data_service.php(33): CodeIgniter\Debug\Exceptions->errorHandler(8, 'Undefined varia...', 'D:\\MATERI_KULIA...', 33, Array)
#1 D:\MATERI_KULIAH\INFORMATIKA\Semester6\PemrogramanFramework\SI-Bengkel-master\vendor\codeigniter4\framework\system\View\View.php(230): include('D:\\MATERI_KULIA...')
#2 D:\MATERI_KULIAH\INFORMATIKA\Semester6\PemrogramanFramework\SI-Bengkel-master\vendor\codeigniter4\framework\system\View\View.php(232): CodeIgniter\View\View->CodeIgniter\View\{closure}()
#3 D:\MATERI_KULIAH\INFORMATIKA\Semester6\PemrogramanFramework\SI-Bengkel-master\vendor\codeigniter4\framework\system\Common.php(1271): CodeIgniter\View\View->render('history/data_se...', Array, true)
#4 D:\MATERI_KULIAH\INFORMATIKA\Semester6\PemrogramanFramework\SI-Bengkel-master\app\Controllers\History.php(26): view('history/data_se...', Array)
#5 D:\MATERI_KULIAH\INFORMATIKA\Semester6\PemrogramanFramework\SI-Bengkel-master\vendor\codeigniter4\framework\system\CodeIgniter.php(928): App\Controllers\History->index()
#6 D:\MATERI_KULIAH\INFORMATIKA\Semester6\PemrogramanFramework\SI-Bengkel-master\vendor\codeigniter4\framework\system\CodeIgniter.php(436): CodeIgniter\CodeIgniter->runController(Object(App\Controllers\History))
#7 D:\MATERI_KULIAH\INFORMATIKA\Semester6\PemrogramanFramework\SI-Bengkel-master\vendor\codeigniter4\framework\system\CodeIgniter.php(336): CodeIgniter\CodeIgniter->handleRequest(NULL, Object(Config\Cache), false)
#8 D:\MATERI_KULIAH\INFORMATIKA\Semester6\PemrogramanFramework\SI-Bengkel-master\public\index.php(37): CodeIgniter\CodeIgniter->run()
#9 D:\MATERI_KULIAH\INFORMATIKA\Semester6\PemrogramanFramework\SI-Bengkel-master\vendor\codeigniter4\framework\system\Commands\Server\rewrite.php(45): require_once('D:\\MATERI_KULIA...')
#10 {main}
CRITICAL - 2021-07-23 14:33:02 --> Undefined variable: 
#0 D:\MATERI_KULIAH\INFORMATIKA\Semester6\PemrogramanFramework\SI-Bengkel-master\app\Views\history\data_service.php(37): CodeIgniter\Debug\Exceptions->errorHandler(8, 'Undefined varia...', 'D:\\MATERI_KULIA...', 37, Array)
#1 D:\MATERI_KULIAH\INFORMATIKA\Semester6\PemrogramanFramework\SI-Bengkel-master\vendor\codeigniter4\framework\system\View\View.php(230): include('D:\\MATERI_KULIA...')
#2 D:\MATERI_KULIAH\INFORMATIKA\Semester6\PemrogramanFramework\SI-Bengkel-master\vendor\codeigniter4\framework\system\View\View.php(232): CodeIgniter\View\View->CodeIgniter\View\{closure}()
#3 D:\MATERI_KULIAH\INFORMATIKA\Semester6\PemrogramanFramework\SI-Bengkel-master\vendor\codeigniter4\framework\system\Common.php(1271): CodeIgniter\View\View->render('history/data_se...', Array, true)
#4 D:\MATERI_KULIAH\INFORMATIKA\Semester6\PemrogramanFramework\SI-Bengkel-master\app\Controllers\History.php(29): view('history/data_se...', Array)
#5 D:\MATERI_KULIAH\INFORMATIKA\Semester6\PemrogramanFramework\SI-Bengkel-master\vendor\codeigniter4\framework\system\CodeIgniter.php(928): App\Controllers\History->index()
#6 D:\MATERI_KULIAH\INFORMATIKA\Semester6\PemrogramanFramework\SI-Bengkel-master\vendor\codeigniter4\framework\system\CodeIgniter.php(436): CodeIgniter\CodeIgniter->runController(Object(App\Controllers\History))
#7 D:\MATERI_KULIAH\INFORMATIKA\Semester6\PemrogramanFramework\SI-Bengkel-master\vendor\codeigniter4\framework\system\CodeIgniter.php(336): CodeIgniter\CodeIgniter->handleRequest(NULL, Object(Config\Cache), false)
#8 D:\MATERI_KULIAH\INFORMATIKA\Semester6\PemrogramanFramework\SI-Bengkel-master\public\index.php(37): CodeIgniter\CodeIgniter->run()
#9 D:\MATERI_KULIAH\INFORMATIKA\Semester6\PemrogramanFramework\SI-Bengkel-master\vendor\codeigniter4\framework\system\Commands\Server\rewrite.php(45): require_once('D:\\MATERI_KULIA...')
#10 {main}
CRITICAL - 2021-07-23 14:33:14 --> Trying to access array offset on value of type null
#0 D:\MATERI_KULIAH\INFORMATIKA\Semester6\PemrogramanFramework\SI-Bengkel-master\app\Views\history\data_service.php(37): CodeIgniter\Debug\Exceptions->errorHandler(8, 'Trying to acces...', 'D:\\MATERI_KULIA...', 37, Array)
#1 D:\MATERI_KULIAH\INFORMATIKA\Semester6\PemrogramanFramework\SI-Bengkel-master\vendor\codeigniter4\framework\system\View\View.php(230): include('D:\\MATERI_KULIA...')
#2 D:\MATERI_KULIAH\INFORMATIKA\Semester6\PemrogramanFramework\SI-Bengkel-master\vendor\codeigniter4\framework\system\View\View.php(232): CodeIgniter\View\View->CodeIgniter\View\{closure}()
#3 D:\MATERI_KULIAH\INFORMATIKA\Semester6\PemrogramanFramework\SI-Bengkel-master\vendor\codeigniter4\framework\system\Common.php(1271): CodeIgniter\View\View->render('history/data_se...', Array, true)
#4 D:\MATERI_KULIAH\INFORMATIKA\Semester6\PemrogramanFramework\SI-Bengkel-master\app\Controllers\History.php(29): view('history/data_se...', Array)
#5 D:\MATERI_KULIAH\INFORMATIKA\Semester6\PemrogramanFramework\SI-Bengkel-master\vendor\codeigniter4\framework\system\CodeIgniter.php(928): App\Controllers\History->index()
#6 D:\MATERI_KULIAH\INFORMATIKA\Semester6\PemrogramanFramework\SI-Bengkel-master\vendor\codeigniter4\framework\system\CodeIgniter.php(436): CodeIgniter\CodeIgniter->runController(Object(App\Controllers\History))
#7 D:\MATERI_KULIAH\INFORMATIKA\Semester6\PemrogramanFramework\SI-Bengkel-master\vendor\codeigniter4\framework\system\CodeIgniter.php(336): CodeIgniter\CodeIgniter->handleRequest(NULL, Object(Config\Cache), false)
#8 D:\MATERI_KULIAH\INFORMATIKA\Semester6\PemrogramanFramework\SI-Bengkel-master\public\index.php(37): CodeIgniter\CodeIgniter->run()
#9 D:\MATERI_KULIAH\INFORMATIKA\Semester6\PemrogramanFramework\SI-Bengkel-master\vendor\codeigniter4\framework\system\Commands\Server\rewrite.php(45): require_once('D:\\MATERI_KULIA...')
#10 {main}
CRITICAL - 2021-07-23 14:34:42 --> Trying to access array offset on value of type null
#0 D:\MATERI_KULIAH\INFORMATIKA\Semester6\PemrogramanFramework\SI-Bengkel-master\app\Views\history\data_service.php(37): CodeIgniter\Debug\Exceptions->errorHandler(8, 'Trying to acces...', 'D:\\MATERI_KULIA...', 37, Array)
#1 D:\MATERI_KULIAH\INFORMATIKA\Semester6\PemrogramanFramework\SI-Bengkel-master\vendor\codeigniter4\framework\system\View\View.php(230): include('D:\\MATERI_KULIA...')
#2 D:\MATERI_KULIAH\INFORMATIKA\Semester6\PemrogramanFramework\SI-Bengkel-master\vendor\codeigniter4\framework\system\View\View.php(232): CodeIgniter\View\View->CodeIgniter\View\{closure}()
#3 D:\MATERI_KULIAH\INFORMATIKA\Semester6\PemrogramanFramework\SI-Bengkel-master\vendor\codeigniter4\framework\system\Common.php(1271): CodeIgniter\View\View->render('history/data_se...', Array, true)
#4 D:\MATERI_KULIAH\INFORMATIKA\Semester6\PemrogramanFramework\SI-Bengkel-master\app\Controllers\History.php(29): view('history/data_se...', Array)
#5 D:\MATERI_KULIAH\INFORMATIKA\Semester6\PemrogramanFramework\SI-Bengkel-master\vendor\codeigniter4\framework\system\CodeIgniter.php(928): App\Controllers\History->index()
#6 D:\MATERI_KULIAH\INFORMATIKA\Semester6\PemrogramanFramework\SI-Bengkel-master\vendor\codeigniter4\framework\system\CodeIgniter.php(436): CodeIgniter\CodeIgniter->runController(Object(App\Controllers\History))
#7 D:\MATERI_KULIAH\INFORMATIKA\Semester6\PemrogramanFramework\SI-Bengkel-master\vendor\codeigniter4\framework\system\CodeIgniter.php(336): CodeIgniter\CodeIgniter->handleRequest(NULL, Object(Config\Cache), false)
#8 D:\MATERI_KULIAH\INFORMATIKA\Semester6\PemrogramanFramework\SI-Bengkel-master\public\index.php(37): CodeIgniter\CodeIgniter->run()
#9 D:\MATERI_KULIAH\INFORMATIKA\Semester6\PemrogramanFramework\SI-Bengkel-master\vendor\codeigniter4\framework\system\Commands\Server\rewrite.php(45): require_once('D:\\MATERI_KULIA...')
#10 {main}
CRITICAL - 2021-07-23 14:34:43 --> Trying to access array offset on value of type null
#0 D:\MATERI_KULIAH\INFORMATIKA\Semester6\PemrogramanFramework\SI-Bengkel-master\app\Views\history\data_service.php(37): CodeIgniter\Debug\Exceptions->errorHandler(8, 'Trying to acces...', 'D:\\MATERI_KULIA...', 37, Array)
#1 D:\MATERI_KULIAH\INFORMATIKA\Semester6\PemrogramanFramework\SI-Bengkel-master\vendor\codeigniter4\framework\system\View\View.php(230): include('D:\\MATERI_KULIA...')
#2 D:\MATERI_KULIAH\INFORMATIKA\Semester6\PemrogramanFramework\SI-Bengkel-master\vendor\codeigniter4\framework\system\View\View.php(232): CodeIgniter\View\View->CodeIgniter\View\{closure}()
#3 D:\MATERI_KULIAH\INFORMATIKA\Semester6\PemrogramanFramework\SI-Bengkel-master\vendor\codeigniter4\framework\system\Common.php(1271): CodeIgniter\View\View->render('history/data_se...', Array, true)
#4 D:\MATERI_KULIAH\INFORMATIKA\Semester6\PemrogramanFramework\SI-Bengkel-master\app\Controllers\History.php(29): view('history/data_se...', Array)
#5 D:\MATERI_KULIAH\INFORMATIKA\Semester6\PemrogramanFramework\SI-Bengkel-master\vendor\codeigniter4\framework\system\CodeIgniter.php(928): App\Controllers\History->index()
#6 D:\MATERI_KULIAH\INFORMATIKA\Semester6\PemrogramanFramework\SI-Bengkel-master\vendor\codeigniter4\framework\system\CodeIgniter.php(436): CodeIgniter\CodeIgniter->runController(Object(App\Controllers\History))
#7 D:\MATERI_KULIAH\INFORMATIKA\Semester6\PemrogramanFramework\SI-Bengkel-master\vendor\codeigniter4\framework\system\CodeIgniter.php(336): CodeIgniter\CodeIgniter->handleRequest(NULL, Object(Config\Cache), false)
#8 D:\MATERI_KULIAH\INFORMATIKA\Semester6\PemrogramanFramework\SI-Bengkel-master\public\index.php(37): CodeIgniter\CodeIgniter->run()
#9 D:\MATERI_KULIAH\INFORMATIKA\Semester6\PemrogramanFramework\SI-Bengkel-master\vendor\codeigniter4\framework\system\Commands\Server\rewrite.php(45): require_once('D:\\MATERI_KULIA...')
#10 {main}
CRITICAL - 2021-07-23 14:36:50 --> syntax error, unexpected ']'
#0 D:\MATERI_KULIAH\INFORMATIKA\Semester6\PemrogramanFramework\SI-Bengkel-master\vendor\codeigniter4\framework\system\Router\Router.php(169): CodeIgniter\Router\Router->autoRoute('history')
#1 D:\MATERI_KULIAH\INFORMATIKA\Semester6\PemrogramanFramework\SI-Bengkel-master\vendor\codeigniter4\framework\system\CodeIgniter.php(809): CodeIgniter\Router\Router->handle('history')
#2 D:\MATERI_KULIAH\INFORMATIKA\Semester6\PemrogramanFramework\SI-Bengkel-master\vendor\codeigniter4\framework\system\CodeIgniter.php(389): CodeIgniter\CodeIgniter->tryToRouteIt(Object(CodeIgniter\Router\RouteCollection))
#3 D:\MATERI_KULIAH\INFORMATIKA\Semester6\PemrogramanFramework\SI-Bengkel-master\vendor\codeigniter4\framework\system\CodeIgniter.php(336): CodeIgniter\CodeIgniter->handleRequest(NULL, Object(Config\Cache), false)
#4 D:\MATERI_KULIAH\INFORMATIKA\Semester6\PemrogramanFramework\SI-Bengkel-master\public\index.php(37): CodeIgniter\CodeIgniter->run()
#5 D:\MATERI_KULIAH\INFORMATIKA\Semester6\PemrogramanFramework\SI-Bengkel-master\vendor\codeigniter4\framework\system\Commands\Server\rewrite.php(45): require_once('D:\\MATERI_KULIA...')
#6 {main}
CRITICAL - 2021-07-23 14:37:33 --> Trying to access array offset on value of type null
#0 D:\MATERI_KULIAH\INFORMATIKA\Semester6\PemrogramanFramework\SI-Bengkel-master\app\Views\history\data_service.php(37): CodeIgniter\Debug\Exceptions->errorHandler(8, 'Trying to acces...', 'D:\\MATERI_KULIA...', 37, Array)
#1 D:\MATERI_KULIAH\INFORMATIKA\Semester6\PemrogramanFramework\SI-Bengkel-master\vendor\codeigniter4\framework\system\View\View.php(230): include('D:\\MATERI_KULIA...')
#2 D:\MATERI_KULIAH\INFORMATIKA\Semester6\PemrogramanFramework\SI-Bengkel-master\vendor\codeigniter4\framework\system\View\View.php(232): CodeIgniter\View\View->CodeIgniter\View\{closure}()
#3 D:\MATERI_KULIAH\INFORMATIKA\Semester6\PemrogramanFramework\SI-Bengkel-master\vendor\codeigniter4\framework\system\Common.php(1271): CodeIgniter\View\View->render('history/data_se...', Array, true)
#4 D:\MATERI_KULIAH\INFORMATIKA\Semester6\PemrogramanFramework\SI-Bengkel-master\app\Controllers\History.php(29): view('history/data_se...', Array)
#5 D:\MATERI_KULIAH\INFORMATIKA\Semester6\PemrogramanFramework\SI-Bengkel-master\vendor\codeigniter4\framework\system\CodeIgniter.php(928): App\Controllers\History->index()
#6 D:\MATERI_KULIAH\INFORMATIKA\Semester6\PemrogramanFramework\SI-Bengkel-master\vendor\codeigniter4\framework\system\CodeIgniter.php(436): CodeIgniter\CodeIgniter->runController(Object(App\Controllers\History))
#7 D:\MATERI_KULIAH\INFORMATIKA\Semester6\PemrogramanFramework\SI-Bengkel-master\vendor\codeigniter4\framework\system\CodeIgniter.php(336): CodeIgniter\CodeIgniter->handleRequest(NULL, Object(Config\Cache), false)
#8 D:\MATERI_KULIAH\INFORMATIKA\Semester6\PemrogramanFramework\SI-Bengkel-master\public\index.php(37): CodeIgniter\CodeIgniter->run()
#9 D:\MATERI_KULIAH\INFORMATIKA\Semester6\PemrogramanFramework\SI-Bengkel-master\vendor\codeigniter4\framework\system\Commands\Server\rewrite.php(45): require_once('D:\\MATERI_KULIA...')
#10 {main}
CRITICAL - 2021-07-23 14:59:42 --> Undefined index: total_akumulasi
#0 D:\MATERI_KULIAH\INFORMATIKA\Semester6\PemrogramanFramework\SI-Bengkel-master\app\Controllers\History.php(70): CodeIgniter\Debug\Exceptions->errorHandler(8, 'Undefined index...', 'D:\\MATERI_KULIA...', 70, Array)
#1 D:\MATERI_KULIAH\INFORMATIKA\Semester6\PemrogramanFramework\SI-Bengkel-master\vendor\codeigniter4\framework\system\CodeIgniter.php(928): App\Controllers\History->historySearch()
#2 D:\MATERI_KULIAH\INFORMATIKA\Semester6\PemrogramanFramework\SI-Bengkel-master\vendor\codeigniter4\framework\system\CodeIgniter.php(436): CodeIgniter\CodeIgniter->runController(Object(App\Controllers\History))
#3 D:\MATERI_KULIAH\INFORMATIKA\Semester6\PemrogramanFramework\SI-Bengkel-master\vendor\codeigniter4\framework\system\CodeIgniter.php(336): CodeIgniter\CodeIgniter->handleRequest(NULL, Object(Config\Cache), false)
#4 D:\MATERI_KULIAH\INFORMATIKA\Semester6\PemrogramanFramework\SI-Bengkel-master\public\index.php(37): CodeIgniter\CodeIgniter->run()
#5 D:\MATERI_KULIAH\INFORMATIKA\Semester6\PemrogramanFramework\SI-Bengkel-master\vendor\codeigniter4\framework\system\Commands\Server\rewrite.php(45): require_once('D:\\MATERI_KULIA...')
#6 {main}
CRITICAL - 2021-07-23 15:00:32 --> Trying to access array offset on value of type null
#0 D:\MATERI_KULIAH\INFORMATIKA\Semester6\PemrogramanFramework\SI-Bengkel-master\app\Controllers\History.php(58): CodeIgniter\Debug\Exceptions->errorHandler(8, 'Trying to acces...', 'D:\\MATERI_KULIA...', 58, Array)
#1 D:\MATERI_KULIAH\INFORMATIKA\Semester6\PemrogramanFramework\SI-Bengkel-master\vendor\codeigniter4\framework\system\CodeIgniter.php(928): App\Controllers\History->historySearch()
#2 D:\MATERI_KULIAH\INFORMATIKA\Semester6\PemrogramanFramework\SI-Bengkel-master\vendor\codeigniter4\framework\system\CodeIgniter.php(436): CodeIgniter\CodeIgniter->runController(Object(App\Controllers\History))
#3 D:\MATERI_KULIAH\INFORMATIKA\Semester6\PemrogramanFramework\SI-Bengkel-master\vendor\codeigniter4\framework\system\CodeIgniter.php(336): CodeIgniter\CodeIgniter->handleRequest(NULL, Object(Config\Cache), false)
#4 D:\MATERI_KULIAH\INFORMATIKA\Semester6\PemrogramanFramework\SI-Bengkel-master\public\index.php(37): CodeIgniter\CodeIgniter->run()
#5 D:\MATERI_KULIAH\INFORMATIKA\Semester6\PemrogramanFramework\SI-Bengkel-master\vendor\codeigniter4\framework\system\Commands\Server\rewrite.php(45): require_once('D:\\MATERI_KULIA...')
#6 {main}
CRITICAL - 2021-07-23 15:02:03 --> Undefined index: created_at
#0 D:\MATERI_KULIAH\INFORMATIKA\Semester6\PemrogramanFramework\SI-Bengkel-master\app\Views\history\data_service.php(37): CodeIgniter\Debug\Exceptions->errorHandler(8, 'Undefined index...', 'D:\\MATERI_KULIA...', 37, Array)
#1 D:\MATERI_KULIAH\INFORMATIKA\Semester6\PemrogramanFramework\SI-Bengkel-master\vendor\codeigniter4\framework\system\View\View.php(230): include('D:\\MATERI_KULIA...')
#2 D:\MATERI_KULIAH\INFORMATIKA\Semester6\PemrogramanFramework\SI-Bengkel-master\vendor\codeigniter4\framework\system\View\View.php(232): CodeIgniter\View\View->CodeIgniter\View\{closure}()
#3 D:\MATERI_KULIAH\INFORMATIKA\Semester6\PemrogramanFramework\SI-Bengkel-master\vendor\codeigniter4\framework\system\Common.php(1271): CodeIgniter\View\View->render('history/data_se...', Array, true)
#4 D:\MATERI_KULIAH\INFORMATIKA\Semester6\PemrogramanFramework\SI-Bengkel-master\app\Controllers\History.php(44): view('history/data_se...', Array)
#5 D:\MATERI_KULIAH\INFORMATIKA\Semester6\PemrogramanFramework\SI-Bengkel-master\vendor\codeigniter4\framework\system\CodeIgniter.php(928): App\Controllers\History->index()
#6 D:\MATERI_KULIAH\INFORMATIKA\Semester6\PemrogramanFramework\SI-Bengkel-master\vendor\codeigniter4\framework\system\CodeIgniter.php(436): CodeIgniter\CodeIgniter->runController(Object(App\Controllers\History))
#7 D:\MATERI_KULIAH\INFORMATIKA\Semester6\PemrogramanFramework\SI-Bengkel-master\vendor\codeigniter4\framework\system\CodeIgniter.php(336): CodeIgniter\CodeIgniter->handleRequest(NULL, Object(Config\Cache), false)
#8 D:\MATERI_KULIAH\INFORMATIKA\Semester6\PemrogramanFramework\SI-Bengkel-master\public\index.php(37): CodeIgniter\CodeIgniter->run()
#9 D:\MATERI_KULIAH\INFORMATIKA\Semester6\PemrogramanFramework\SI-Bengkel-master\vendor\codeigniter4\framework\system\Commands\Server\rewrite.php(45): require_once('D:\\MATERI_KULIA...')
#10 {main}
CRITICAL - 2021-07-23 15:09:59 --> Undefined variable: query
#0 D:\MATERI_KULIAH\INFORMATIKA\Semester6\PemrogramanFramework\SI-Bengkel-master\app\Views\history\data_service.php(37): CodeIgniter\Debug\Exceptions->errorHandler(8, 'Undefined varia...', 'D:\\MATERI_KULIA...', 37, Array)
#1 D:\MATERI_KULIAH\INFORMATIKA\Semester6\PemrogramanFramework\SI-Bengkel-master\vendor\codeigniter4\framework\system\View\View.php(230): include('D:\\MATERI_KULIA...')
#2 D:\MATERI_KULIAH\INFORMATIKA\Semester6\PemrogramanFramework\SI-Bengkel-master\vendor\codeigniter4\framework\system\View\View.php(232): CodeIgniter\View\View->CodeIgniter\View\{closure}()
#3 D:\MATERI_KULIAH\INFORMATIKA\Semester6\PemrogramanFramework\SI-Bengkel-master\vendor\codeigniter4\framework\system\Common.php(1271): CodeIgniter\View\View->render('history/data_se...', Array, true)
#4 D:\MATERI_KULIAH\INFORMATIKA\Semester6\PemrogramanFramework\SI-Bengkel-master\app\Controllers\History.php(27): view('history/data_se...', Array)
#5 D:\MATERI_KULIAH\INFORMATIKA\Semester6\PemrogramanFramework\SI-Bengkel-master\vendor\codeigniter4\framework\system\CodeIgniter.php(928): App\Controllers\History->index()
#6 D:\MATERI_KULIAH\INFORMATIKA\Semester6\PemrogramanFramework\SI-Bengkel-master\vendor\codeigniter4\framework\system\CodeIgniter.php(436): CodeIgniter\CodeIgniter->runController(Object(App\Controllers\History))
#7 D:\MATERI_KULIAH\INFORMATIKA\Semester6\PemrogramanFramework\SI-Bengkel-master\vendor\codeigniter4\framework\system\CodeIgniter.php(336): CodeIgniter\CodeIgniter->handleRequest(NULL, Object(Config\Cache), false)
#8 D:\MATERI_KULIAH\INFORMATIKA\Semester6\PemrogramanFramework\SI-Bengkel-master\public\index.php(37): CodeIgniter\CodeIgniter->run()
#9 D:\MATERI_KULIAH\INFORMATIKA\Semester6\PemrogramanFramework\SI-Bengkel-master\vendor\codeigniter4\framework\system\Commands\Server\rewrite.php(45): require_once('D:\\MATERI_KULIA...')
#10 {main}
CRITICAL - 2021-07-23 15:11:12 --> Undefined variable: query
#0 D:\MATERI_KULIAH\INFORMATIKA\Semester6\PemrogramanFramework\SI-Bengkel-master\app\Views\history\data_service.php(37): CodeIgniter\Debug\Exceptions->errorHandler(8, 'Undefined varia...', 'D:\\MATERI_KULIA...', 37, Array)
#1 D:\MATERI_KULIAH\INFORMATIKA\Semester6\PemrogramanFramework\SI-Bengkel-master\vendor\codeigniter4\framework\system\View\View.php(230): include('D:\\MATERI_KULIA...')
#2 D:\MATERI_KULIAH\INFORMATIKA\Semester6\PemrogramanFramework\SI-Bengkel-master\vendor\codeigniter4\framework\system\View\View.php(232): CodeIgniter\View\View->CodeIgniter\View\{closure}()
#3 D:\MATERI_KULIAH\INFORMATIKA\Semester6\PemrogramanFramework\SI-Bengkel-master\vendor\codeigniter4\framework\system\Common.php(1271): CodeIgniter\View\View->render('history/data_se...', Array, true)
#4 D:\MATERI_KULIAH\INFORMATIKA\Semester6\PemrogramanFramework\SI-Bengkel-master\app\Controllers\History.php(27): view('history/data_se...', Array)
#5 D:\MATERI_KULIAH\INFORMATIKA\Semester6\PemrogramanFramework\SI-Bengkel-master\vendor\codeigniter4\framework\system\CodeIgniter.php(928): App\Controllers\History->index()
#6 D:\MATERI_KULIAH\INFORMATIKA\Semester6\PemrogramanFramework\SI-Bengkel-master\vendor\codeigniter4\framework\system\CodeIgniter.php(436): CodeIgniter\CodeIgniter->runController(Object(App\Controllers\History))
#7 D:\MATERI_KULIAH\INFORMATIKA\Semester6\PemrogramanFramework\SI-Bengkel-master\vendor\codeigniter4\framework\system\CodeIgniter.php(336): CodeIgniter\CodeIgniter->handleRequest(NULL, Object(Config\Cache), false)
#8 D:\MATERI_KULIAH\INFORMATIKA\Semester6\PemrogramanFramework\SI-Bengkel-master\public\index.php(37): CodeIgniter\CodeIgniter->run()
#9 D:\MATERI_KULIAH\INFORMATIKA\Semester6\PemrogramanFramework\SI-Bengkel-master\vendor\codeigniter4\framework\system\Commands\Server\rewrite.php(45): require_once('D:\\MATERI_KULIA...')
#10 {main}
CRITICAL - 2021-07-23 15:24:51 --> Undefined variable: query
#0 D:\MATERI_KULIAH\INFORMATIKA\Semester6\PemrogramanFramework\SI-Bengkel-master\app\Views\history\data_service.php(37): CodeIgniter\Debug\Exceptions->errorHandler(8, 'Undefined varia...', 'D:\\MATERI_KULIA...', 37, Array)
#1 D:\MATERI_KULIAH\INFORMATIKA\Semester6\PemrogramanFramework\SI-Bengkel-master\vendor\codeigniter4\framework\system\View\View.php(230): include('D:\\MATERI_KULIA...')
#2 D:\MATERI_KULIAH\INFORMATIKA\Semester6\PemrogramanFramework\SI-Bengkel-master\vendor\codeigniter4\framework\system\View\View.php(232): CodeIgniter\View\View->CodeIgniter\View\{closure}()
#3 D:\MATERI_KULIAH\INFORMATIKA\Semester6\PemrogramanFramework\SI-Bengkel-master\vendor\codeigniter4\framework\system\Common.php(1271): CodeIgniter\View\View->render('history/data_se...', Array, true)
#4 D:\MATERI_KULIAH\INFORMATIKA\Semester6\PemrogramanFramework\SI-Bengkel-master\app\Controllers\History.php(27): view('history/data_se...', Array)
#5 D:\MATERI_KULIAH\INFORMATIKA\Semester6\PemrogramanFramework\SI-Bengkel-master\vendor\codeigniter4\framework\system\CodeIgniter.php(928): App\Controllers\History->index()
#6 D:\MATERI_KULIAH\INFORMATIKA\Semester6\PemrogramanFramework\SI-Bengkel-master\vendor\codeigniter4\framework\system\CodeIgniter.php(436): CodeIgniter\CodeIgniter->runController(Object(App\Controllers\History))
#7 D:\MATERI_KULIAH\INFORMATIKA\Semester6\PemrogramanFramework\SI-Bengkel-master\vendor\codeigniter4\framework\system\CodeIgniter.php(336): CodeIgniter\CodeIgniter->handleRequest(NULL, Object(Config\Cache), false)
#8 D:\MATERI_KULIAH\INFORMATIKA\Semester6\PemrogramanFramework\SI-Bengkel-master\public\index.php(37): CodeIgniter\CodeIgniter->run()
#9 D:\MATERI_KULIAH\INFORMATIKA\Semester6\PemrogramanFramework\SI-Bengkel-master\vendor\codeigniter4\framework\system\Commands\Server\rewrite.php(45): require_once('D:\\MATERI_KULIA...')
#10 {main}
CRITICAL - 2021-07-23 15:25:07 --> Undefined variable: query
#0 D:\MATERI_KULIAH\INFORMATIKA\Semester6\PemrogramanFramework\SI-Bengkel-master\app\Views\history\data_service.php(37): CodeIgniter\Debug\Exceptions->errorHandler(8, 'Undefined varia...', 'D:\\MATERI_KULIA...', 37, Array)
#1 D:\MATERI_KULIAH\INFORMATIKA\Semester6\PemrogramanFramework\SI-Bengkel-master\vendor\codeigniter4\framework\system\View\View.php(230): include('D:\\MATERI_KULIA...')
#2 D:\MATERI_KULIAH\INFORMATIKA\Semester6\PemrogramanFramework\SI-Bengkel-master\vendor\codeigniter4\framework\system\View\View.php(232): CodeIgniter\View\View->CodeIgniter\View\{closure}()
#3 D:\MATERI_KULIAH\INFORMATIKA\Semester6\PemrogramanFramework\SI-Bengkel-master\vendor\codeigniter4\framework\system\Common.php(1271): CodeIgniter\View\View->render('history/data_se...', Array, true)
#4 D:\MATERI_KULIAH\INFORMATIKA\Semester6\PemrogramanFramework\SI-Bengkel-master\app\Controllers\History.php(27): view('history/data_se...', Array)
#5 D:\MATERI_KULIAH\INFORMATIKA\Semester6\PemrogramanFramework\SI-Bengkel-master\vendor\codeigniter4\framework\system\CodeIgniter.php(928): App\Controllers\History->index()
#6 D:\MATERI_KULIAH\INFORMATIKA\Semester6\PemrogramanFramework\SI-Bengkel-master\vendor\codeigniter4\framework\system\CodeIgniter.php(436): CodeIgniter\CodeIgniter->runController(Object(App\Controllers\History))
#7 D:\MATERI_KULIAH\INFORMATIKA\Semester6\PemrogramanFramework\SI-Bengkel-master\vendor\codeigniter4\framework\system\CodeIgniter.php(336): CodeIgniter\CodeIgniter->handleRequest(NULL, Object(Config\Cache), false)
#8 D:\MATERI_KULIAH\INFORMATIKA\Semester6\PemrogramanFramework\SI-Bengkel-master\public\index.php(37): CodeIgniter\CodeIgniter->run()
#9 D:\MATERI_KULIAH\INFORMATIKA\Semester6\PemrogramanFramework\SI-Bengkel-master\vendor\codeigniter4\framework\system\Commands\Server\rewrite.php(45): require_once('D:\\MATERI_KULIA...')
#10 {main}
CRITICAL - 2021-07-23 15:28:30 --> Undefined variable: query
#0 D:\MATERI_KULIAH\INFORMATIKA\Semester6\PemrogramanFramework\SI-Bengkel-master\app\Views\history\data_service.php(38): CodeIgniter\Debug\Exceptions->errorHandler(8, 'Undefined varia...', 'D:\\MATERI_KULIA...', 38, Array)
#1 D:\MATERI_KULIAH\INFORMATIKA\Semester6\PemrogramanFramework\SI-Bengkel-master\vendor\codeigniter4\framework\system\View\View.php(230): include('D:\\MATERI_KULIA...')
#2 D:\MATERI_KULIAH\INFORMATIKA\Semester6\PemrogramanFramework\SI-Bengkel-master\vendor\codeigniter4\framework\system\View\View.php(232): CodeIgniter\View\View->CodeIgniter\View\{closure}()
#3 D:\MATERI_KULIAH\INFORMATIKA\Semester6\PemrogramanFramework\SI-Bengkel-master\vendor\codeigniter4\framework\system\Common.php(1271): CodeIgniter\View\View->render('history/data_se...', Array, true)
#4 D:\MATERI_KULIAH\INFORMATIKA\Semester6\PemrogramanFramework\SI-Bengkel-master\app\Controllers\History.php(27): view('history/data_se...', Array)
#5 D:\MATERI_KULIAH\INFORMATIKA\Semester6\PemrogramanFramework\SI-Bengkel-master\vendor\codeigniter4\framework\system\CodeIgniter.php(928): App\Controllers\History->index()
#6 D:\MATERI_KULIAH\INFORMATIKA\Semester6\PemrogramanFramework\SI-Bengkel-master\vendor\codeigniter4\framework\system\CodeIgniter.php(436): CodeIgniter\CodeIgniter->runController(Object(App\Controllers\History))
#7 D:\MATERI_KULIAH\INFORMATIKA\Semester6\PemrogramanFramework\SI-Bengkel-master\vendor\codeigniter4\framework\system\CodeIgniter.php(336): CodeIgniter\CodeIgniter->handleRequest(NULL, Object(Config\Cache), false)
#8 D:\MATERI_KULIAH\INFORMATIKA\Semester6\PemrogramanFramework\SI-Bengkel-master\public\index.php(37): CodeIgniter\CodeIgniter->run()
#9 D:\MATERI_KULIAH\INFORMATIKA\Semester6\PemrogramanFramework\SI-Bengkel-master\vendor\codeigniter4\framework\system\Commands\Server\rewrite.php(45): require_once('D:\\MATERI_KULIA...')
#10 {main}
CRITICAL - 2021-07-23 15:40:59 --> Undefined variable: query
#0 D:\MATERI_KULIAH\INFORMATIKA\Semester6\PemrogramanFramework\SI-Bengkel-master\app\Views\history\data_service.php(38): CodeIgniter\Debug\Exceptions->errorHandler(8, 'Undefined varia...', 'D:\\MATERI_KULIA...', 38, Array)
#1 D:\MATERI_KULIAH\INFORMATIKA\Semester6\PemrogramanFramework\SI-Bengkel-master\vendor\codeigniter4\framework\system\View\View.php(230): include('D:\\MATERI_KULIA...')
#2 D:\MATERI_KULIAH\INFORMATIKA\Semester6\PemrogramanFramework\SI-Bengkel-master\vendor\codeigniter4\framework\system\View\View.php(232): CodeIgniter\View\View->CodeIgniter\View\{closure}()
#3 D:\MATERI_KULIAH\INFORMATIKA\Semester6\PemrogramanFramework\SI-Bengkel-master\vendor\codeigniter4\framework\system\Common.php(1271): CodeIgniter\View\View->render('history/data_se...', Array, true)
#4 D:\MATERI_KULIAH\INFORMATIKA\Semester6\PemrogramanFramework\SI-Bengkel-master\app\Controllers\History.php(27): view('history/data_se...', Array)
#5 D:\MATERI_KULIAH\INFORMATIKA\Semester6\PemrogramanFramework\SI-Bengkel-master\vendor\codeigniter4\framework\system\CodeIgniter.php(928): App\Controllers\History->index()
#6 D:\MATERI_KULIAH\INFORMATIKA\Semester6\PemrogramanFramework\SI-Bengkel-master\vendor\codeigniter4\framework\system\CodeIgniter.php(436): CodeIgniter\CodeIgniter->runController(Object(App\Controllers\History))
#7 D:\MATERI_KULIAH\INFORMATIKA\Semester6\PemrogramanFramework\SI-Bengkel-master\vendor\codeigniter4\framework\system\CodeIgniter.php(336): CodeIgniter\CodeIgniter->handleRequest(NULL, Object(Config\Cache), false)
#8 D:\MATERI_KULIAH\INFORMATIKA\Semester6\PemrogramanFramework\SI-Bengkel-master\public\index.php(37): CodeIgniter\CodeIgniter->run()
#9 D:\MATERI_KULIAH\INFORMATIKA\Semester6\PemrogramanFramework\SI-Bengkel-master\vendor\codeigniter4\framework\system\Commands\Server\rewrite.php(45): require_once('D:\\MATERI_KULIA...')
#10 {main}
CRITICAL - 2021-07-23 15:41:26 --> Undefined variable: query
#0 D:\MATERI_KULIAH\INFORMATIKA\Semester6\PemrogramanFramework\SI-Bengkel-master\app\Views\history\data_service.php(38): CodeIgniter\Debug\Exceptions->errorHandler(8, 'Undefined varia...', 'D:\\MATERI_KULIA...', 38, Array)
#1 D:\MATERI_KULIAH\INFORMATIKA\Semester6\PemrogramanFramework\SI-Bengkel-master\vendor\codeigniter4\framework\system\View\View.php(230): include('D:\\MATERI_KULIA...')
#2 D:\MATERI_KULIAH\INFORMATIKA\Semester6\PemrogramanFramework\SI-Bengkel-master\vendor\codeigniter4\framework\system\View\View.php(232): CodeIgniter\View\View->CodeIgniter\View\{closure}()
#3 D:\MATERI_KULIAH\INFORMATIKA\Semester6\PemrogramanFramework\SI-Bengkel-master\vendor\codeigniter4\framework\system\Common.php(1271): CodeIgniter\View\View->render('history/data_se...', Array, true)
#4 D:\MATERI_KULIAH\INFORMATIKA\Semester6\PemrogramanFramework\SI-Bengkel-master\app\Controllers\History.php(27): view('history/data_se...', Array)
#5 D:\MATERI_KULIAH\INFORMATIKA\Semester6\PemrogramanFramework\SI-Bengkel-master\vendor\codeigniter4\framework\system\CodeIgniter.php(928): App\Controllers\History->index()
#6 D:\MATERI_KULIAH\INFORMATIKA\Semester6\PemrogramanFramework\SI-Bengkel-master\vendor\codeigniter4\framework\system\CodeIgniter.php(436): CodeIgniter\CodeIgniter->runController(Object(App\Controllers\History))
#7 D:\MATERI_KULIAH\INFORMATIKA\Semester6\PemrogramanFramework\SI-Bengkel-master\vendor\codeigniter4\framework\system\CodeIgniter.php(336): CodeIgniter\CodeIgniter->handleRequest(NULL, Object(Config\Cache), false)
#8 D:\MATERI_KULIAH\INFORMATIKA\Semester6\PemrogramanFramework\SI-Bengkel-master\public\index.php(37): CodeIgniter\CodeIgniter->run()
#9 D:\MATERI_KULIAH\INFORMATIKA\Semester6\PemrogramanFramework\SI-Bengkel-master\vendor\codeigniter4\framework\system\Commands\Server\rewrite.php(45): require_once('D:\\MATERI_KULIA...')
#10 {main}
CRITICAL - 2021-07-23 15:41:36 --> Undefined variable: query
#0 D:\MATERI_KULIAH\INFORMATIKA\Semester6\PemrogramanFramework\SI-Bengkel-master\app\Views\history\data_service.php(38): CodeIgniter\Debug\Exceptions->errorHandler(8, 'Undefined varia...', 'D:\\MATERI_KULIA...', 38, Array)
#1 D:\MATERI_KULIAH\INFORMATIKA\Semester6\PemrogramanFramework\SI-Bengkel-master\vendor\codeigniter4\framework\system\View\View.php(230): include('D:\\MATERI_KULIA...')
#2 D:\MATERI_KULIAH\INFORMATIKA\Semester6\PemrogramanFramework\SI-Bengkel-master\vendor\codeigniter4\framework\system\View\View.php(232): CodeIgniter\View\View->CodeIgniter\View\{closure}()
#3 D:\MATERI_KULIAH\INFORMATIKA\Semester6\PemrogramanFramework\SI-Bengkel-master\vendor\codeigniter4\framework\system\Common.php(1271): CodeIgniter\View\View->render('history/data_se...', Array, true)
#4 D:\MATERI_KULIAH\INFORMATIKA\Semester6\PemrogramanFramework\SI-Bengkel-master\app\Controllers\History.php(27): view('history/data_se...', Array)
#5 D:\MATERI_KULIAH\INFORMATIKA\Semester6\PemrogramanFramework\SI-Bengkel-master\vendor\codeigniter4\framework\system\CodeIgniter.php(928): App\Controllers\History->index()
#6 D:\MATERI_KULIAH\INFORMATIKA\Semester6\PemrogramanFramework\SI-Bengkel-master\vendor\codeigniter4\framework\system\CodeIgniter.php(436): CodeIgniter\CodeIgniter->runController(Object(App\Controllers\History))
#7 D:\MATERI_KULIAH\INFORMATIKA\Semester6\PemrogramanFramework\SI-Bengkel-master\vendor\codeigniter4\framework\system\CodeIgniter.php(336): CodeIgniter\CodeIgniter->handleRequest(NULL, Object(Config\Cache), false)
#8 D:\MATERI_KULIAH\INFORMATIKA\Semester6\PemrogramanFramework\SI-Bengkel-master\public\index.php(37): CodeIgniter\CodeIgniter->run()
#9 D:\MATERI_KULIAH\INFORMATIKA\Semester6\PemrogramanFramework\SI-Bengkel-master\vendor\codeigniter4\framework\system\Commands\Server\rewrite.php(45): require_once('D:\\MATERI_KULIA...')
#10 {main}
CRITICAL - 2021-07-23 15:41:43 --> Undefined variable: query
#0 D:\MATERI_KULIAH\INFORMATIKA\Semester6\PemrogramanFramework\SI-Bengkel-master\app\Views\history\data_service.php(38): CodeIgniter\Debug\Exceptions->errorHandler(8, 'Undefined varia...', 'D:\\MATERI_KULIA...', 38, Array)
#1 D:\MATERI_KULIAH\INFORMATIKA\Semester6\PemrogramanFramework\SI-Bengkel-master\vendor\codeigniter4\framework\system\View\View.php(230): include('D:\\MATERI_KULIA...')
#2 D:\MATERI_KULIAH\INFORMATIKA\Semester6\PemrogramanFramework\SI-Bengkel-master\vendor\codeigniter4\framework\system\View\View.php(232): CodeIgniter\View\View->CodeIgniter\View\{closure}()
#3 D:\MATERI_KULIAH\INFORMATIKA\Semester6\PemrogramanFramework\SI-Bengkel-master\vendor\codeigniter4\framework\system\Common.php(1271): CodeIgniter\View\View->render('history/data_se...', Array, true)
#4 D:\MATERI_KULIAH\INFORMATIKA\Semester6\PemrogramanFramework\SI-Bengkel-master\app\Controllers\History.php(27): view('history/data_se...', Array)
#5 D:\MATERI_KULIAH\INFORMATIKA\Semester6\PemrogramanFramework\SI-Bengkel-master\vendor\codeigniter4\framework\system\CodeIgniter.php(928): App\Controllers\History->index()
#6 D:\MATERI_KULIAH\INFORMATIKA\Semester6\PemrogramanFramework\SI-Bengkel-master\vendor\codeigniter4\framework\system\CodeIgniter.php(436): CodeIgniter\CodeIgniter->runController(Object(App\Controllers\History))
#7 D:\MATERI_KULIAH\INFORMATIKA\Semester6\PemrogramanFramework\SI-Bengkel-master\vendor\codeigniter4\framework\system\CodeIgniter.php(336): CodeIgniter\CodeIgniter->handleRequest(NULL, Object(Config\Cache), false)
#8 D:\MATERI_KULIAH\INFORMATIKA\Semester6\PemrogramanFramework\SI-Bengkel-master\public\index.php(37): CodeIgniter\CodeIgniter->run()
#9 D:\MATERI_KULIAH\INFORMATIKA\Semester6\PemrogramanFramework\SI-Bengkel-master\vendor\codeigniter4\framework\system\Commands\Server\rewrite.php(45): require_once('D:\\MATERI_KULIA...')
#10 {main}
CRITICAL - 2021-07-23 15:42:29 --> Undefined variable: query
#0 D:\MATERI_KULIAH\INFORMATIKA\Semester6\PemrogramanFramework\SI-Bengkel-master\app\Views\history\data_service.php(38): CodeIgniter\Debug\Exceptions->errorHandler(8, 'Undefined varia...', 'D:\\MATERI_KULIA...', 38, Array)
#1 D:\MATERI_KULIAH\INFORMATIKA\Semester6\PemrogramanFramework\SI-Bengkel-master\vendor\codeigniter4\framework\system\View\View.php(230): include('D:\\MATERI_KULIA...')
#2 D:\MATERI_KULIAH\INFORMATIKA\Semester6\PemrogramanFramework\SI-Bengkel-master\vendor\codeigniter4\framework\system\View\View.php(232): CodeIgniter\View\View->CodeIgniter\View\{closure}()
#3 D:\MATERI_KULIAH\INFORMATIKA\Semester6\PemrogramanFramework\SI-Bengkel-master\vendor\codeigniter4\framework\system\Common.php(1271): CodeIgniter\View\View->render('history/data_se...', Array, true)
#4 D:\MATERI_KULIAH\INFORMATIKA\Semester6\PemrogramanFramework\SI-Bengkel-master\app\Controllers\History.php(27): view('history/data_se...', Array)
#5 D:\MATERI_KULIAH\INFORMATIKA\Semester6\PemrogramanFramework\SI-Bengkel-master\vendor\codeigniter4\framework\system\CodeIgniter.php(928): App\Controllers\History->index()
#6 D:\MATERI_KULIAH\INFORMATIKA\Semester6\PemrogramanFramework\SI-Bengkel-master\vendor\codeigniter4\framework\system\CodeIgniter.php(436): CodeIgniter\CodeIgniter->runController(Object(App\Controllers\History))
#7 D:\MATERI_KULIAH\INFORMATIKA\Semester6\PemrogramanFramework\SI-Bengkel-master\vendor\codeigniter4\framework\system\CodeIgniter.php(336): CodeIgniter\CodeIgniter->handleRequest(NULL, Object(Config\Cache), false)
#8 D:\MATERI_KULIAH\INFORMATIKA\Semester6\PemrogramanFramework\SI-Bengkel-master\public\index.php(37): CodeIgniter\CodeIgniter->run()
#9 D:\MATERI_KULIAH\INFORMATIKA\Semester6\PemrogramanFramework\SI-Bengkel-master\vendor\codeigniter4\framework\system\Commands\Server\rewrite.php(45): require_once('D:\\MATERI_KULIA...')
#10 {main}
CRITICAL - 2021-07-23 15:53:01 --> Undefined variable: value
#0 D:\MATERI_KULIAH\INFORMATIKA\Semester6\PemrogramanFramework\SI-Bengkel-master\app\Views\history\data_service.php(37): CodeIgniter\Debug\Exceptions->errorHandler(8, 'Undefined varia...', 'D:\\MATERI_KULIA...', 37, Array)
#1 D:\MATERI_KULIAH\INFORMATIKA\Semester6\PemrogramanFramework\SI-Bengkel-master\vendor\codeigniter4\framework\system\View\View.php(230): include('D:\\MATERI_KULIA...')
#2 D:\MATERI_KULIAH\INFORMATIKA\Semester6\PemrogramanFramework\SI-Bengkel-master\vendor\codeigniter4\framework\system\View\View.php(232): CodeIgniter\View\View->CodeIgniter\View\{closure}()
#3 D:\MATERI_KULIAH\INFORMATIKA\Semester6\PemrogramanFramework\SI-Bengkel-master\vendor\codeigniter4\framework\system\Common.php(1271): CodeIgniter\View\View->render('history/data_se...', Array, true)
#4 D:\MATERI_KULIAH\INFORMATIKA\Semester6\PemrogramanFramework\SI-Bengkel-master\app\Controllers\History.php(27): view('history/data_se...', Array)
#5 D:\MATERI_KULIAH\INFORMATIKA\Semester6\PemrogramanFramework\SI-Bengkel-master\vendor\codeigniter4\framework\system\CodeIgniter.php(928): App\Controllers\History->index()
#6 D:\MATERI_KULIAH\INFORMATIKA\Semester6\PemrogramanFramework\SI-Bengkel-master\vendor\codeigniter4\framework\system\CodeIgniter.php(436): CodeIgniter\CodeIgniter->runController(Object(App\Controllers\History))
#7 D:\MATERI_KULIAH\INFORMATIKA\Semester6\PemrogramanFramework\SI-Bengkel-master\vendor\codeigniter4\framework\system\CodeIgniter.php(336): CodeIgniter\CodeIgniter->handleRequest(NULL, Object(Config\Cache), false)
#8 D:\MATERI_KULIAH\INFORMATIKA\Semester6\PemrogramanFramework\SI-Bengkel-master\public\index.php(37): CodeIgniter\CodeIgniter->run()
#9 D:\MATERI_KULIAH\INFORMATIKA\Semester6\PemrogramanFramework\SI-Bengkel-master\vendor\codeigniter4\framework\system\Commands\Server\rewrite.php(45): require_once('D:\\MATERI_KULIA...')
#10 {main}
CRITICAL - 2021-07-23 16:01:15 --> Array to string conversion
#0 D:\MATERI_KULIAH\INFORMATIKA\Semester6\PemrogramanFramework\SI-Bengkel-master\app\Views\history\data_service.php(37): CodeIgniter\Debug\Exceptions->errorHandler(8, 'Array to string...', 'D:\\MATERI_KULIA...', 37, Array)
#1 D:\MATERI_KULIAH\INFORMATIKA\Semester6\PemrogramanFramework\SI-Bengkel-master\vendor\codeigniter4\framework\system\View\View.php(230): include('D:\\MATERI_KULIA...')
#2 D:\MATERI_KULIAH\INFORMATIKA\Semester6\PemrogramanFramework\SI-Bengkel-master\vendor\codeigniter4\framework\system\View\View.php(232): CodeIgniter\View\View->CodeIgniter\View\{closure}()
#3 D:\MATERI_KULIAH\INFORMATIKA\Semester6\PemrogramanFramework\SI-Bengkel-master\vendor\codeigniter4\framework\system\Common.php(1271): CodeIgniter\View\View->render('history/data_se...', Array, true)
#4 D:\MATERI_KULIAH\INFORMATIKA\Semester6\PemrogramanFramework\SI-Bengkel-master\app\Controllers\History.php(85): view('history/data_se...', Array)
#5 D:\MATERI_KULIAH\INFORMATIKA\Semester6\PemrogramanFramework\SI-Bengkel-master\vendor\codeigniter4\framework\system\CodeIgniter.php(928): App\Controllers\History->historySearch()
#6 D:\MATERI_KULIAH\INFORMATIKA\Semester6\PemrogramanFramework\SI-Bengkel-master\vendor\codeigniter4\framework\system\CodeIgniter.php(436): CodeIgniter\CodeIgniter->runController(Object(App\Controllers\History))
#7 D:\MATERI_KULIAH\INFORMATIKA\Semester6\PemrogramanFramework\SI-Bengkel-master\vendor\codeigniter4\framework\system\CodeIgniter.php(336): CodeIgniter\CodeIgniter->handleRequest(NULL, Object(Config\Cache), false)
#8 D:\MATERI_KULIAH\INFORMATIKA\Semester6\PemrogramanFramework\SI-Bengkel-master\public\index.php(37): CodeIgniter\CodeIgniter->run()
#9 D:\MATERI_KULIAH\INFORMATIKA\Semester6\PemrogramanFramework\SI-Bengkel-master\vendor\codeigniter4\framework\system\Commands\Server\rewrite.php(45): require_once('D:\\MATERI_KULIA...')
#10 {main}
CRITICAL - 2021-07-23 16:01:32 --> Array to string conversion
#0 D:\MATERI_KULIAH\INFORMATIKA\Semester6\PemrogramanFramework\SI-Bengkel-master\app\Views\history\data_service.php(37): CodeIgniter\Debug\Exceptions->errorHandler(8, 'Array to string...', 'D:\\MATERI_KULIA...', 37, Array)
#1 D:\MATERI_KULIAH\INFORMATIKA\Semester6\PemrogramanFramework\SI-Bengkel-master\vendor\codeigniter4\framework\system\View\View.php(230): include('D:\\MATERI_KULIA...')
#2 D:\MATERI_KULIAH\INFORMATIKA\Semester6\PemrogramanFramework\SI-Bengkel-master\vendor\codeigniter4\framework\system\View\View.php(232): CodeIgniter\View\View->CodeIgniter\View\{closure}()
#3 D:\MATERI_KULIAH\INFORMATIKA\Semester6\PemrogramanFramework\SI-Bengkel-master\vendor\codeigniter4\framework\system\Common.php(1271): CodeIgniter\View\View->render('history/data_se...', Array, true)
#4 D:\MATERI_KULIAH\INFORMATIKA\Semester6\PemrogramanFramework\SI-Bengkel-master\app\Controllers\History.php(85): view('history/data_se...', Array)
#5 D:\MATERI_KULIAH\INFORMATIKA\Semester6\PemrogramanFramework\SI-Bengkel-master\vendor\codeigniter4\framework\system\CodeIgniter.php(928): App\Controllers\History->historySearch()
#6 D:\MATERI_KULIAH\INFORMATIKA\Semester6\PemrogramanFramework\SI-Bengkel-master\vendor\codeigniter4\framework\system\CodeIgniter.php(436): CodeIgniter\CodeIgniter->runController(Object(App\Controllers\History))
#7 D:\MATERI_KULIAH\INFORMATIKA\Semester6\PemrogramanFramework\SI-Bengkel-master\vendor\codeigniter4\framework\system\CodeIgniter.php(336): CodeIgniter\CodeIgniter->handleRequest(NULL, Object(Config\Cache), false)
#8 D:\MATERI_KULIAH\INFORMATIKA\Semester6\PemrogramanFramework\SI-Bengkel-master\public\index.php(37): CodeIgniter\CodeIgniter->run()
#9 D:\MATERI_KULIAH\INFORMATIKA\Semester6\PemrogramanFramework\SI-Bengkel-master\vendor\codeigniter4\framework\system\Commands\Server\rewrite.php(45): require_once('D:\\MATERI_KULIA...')
#10 {main}
CRITICAL - 2021-07-23 16:05:27 --> Undefined variable: query
#0 D:\MATERI_KULIAH\INFORMATIKA\Semester6\PemrogramanFramework\SI-Bengkel-master\app\Views\history\data_service.php(37): CodeIgniter\Debug\Exceptions->errorHandler(8, 'Undefined varia...', 'D:\\MATERI_KULIA...', 37, Array)
#1 D:\MATERI_KULIAH\INFORMATIKA\Semester6\PemrogramanFramework\SI-Bengkel-master\vendor\codeigniter4\framework\system\View\View.php(230): include('D:\\MATERI_KULIA...')
#2 D:\MATERI_KULIAH\INFORMATIKA\Semester6\PemrogramanFramework\SI-Bengkel-master\vendor\codeigniter4\framework\system\View\View.php(232): CodeIgniter\View\View->CodeIgniter\View\{closure}()
#3 D:\MATERI_KULIAH\INFORMATIKA\Semester6\PemrogramanFramework\SI-Bengkel-master\vendor\codeigniter4\framework\system\Common.php(1271): CodeIgniter\View\View->render('history/data_se...', Array, true)
#4 D:\MATERI_KULIAH\INFORMATIKA\Semester6\PemrogramanFramework\SI-Bengkel-master\app\Controllers\History.php(27): view('history/data_se...', Array)
#5 D:\MATERI_KULIAH\INFORMATIKA\Semester6\PemrogramanFramework\SI-Bengkel-master\vendor\codeigniter4\framework\system\CodeIgniter.php(928): App\Controllers\History->index()
#6 D:\MATERI_KULIAH\INFORMATIKA\Semester6\PemrogramanFramework\SI-Bengkel-master\vendor\codeigniter4\framework\system\CodeIgniter.php(436): CodeIgniter\CodeIgniter->runController(Object(App\Controllers\History))
#7 D:\MATERI_KULIAH\INFORMATIKA\Semester6\PemrogramanFramework\SI-Bengkel-master\vendor\codeigniter4\framework\system\CodeIgniter.php(336): CodeIgniter\CodeIgniter->handleRequest(NULL, Object(Config\Cache), false)
#8 D:\MATERI_KULIAH\INFORMATIKA\Semester6\PemrogramanFramework\SI-Bengkel-master\public\index.php(37): CodeIgniter\CodeIgniter->run()
#9 D:\MATERI_KULIAH\INFORMATIKA\Semester6\PemrogramanFramework\SI-Bengkel-master\vendor\codeigniter4\framework\system\Commands\Server\rewrite.php(45): require_once('D:\\MATERI_KULIA...')
#10 {main}
CRITICAL - 2021-07-23 16:39:50 --> Argument 2 passed to CodeIgniter\Database\BaseBuilder::like() must be of the type string, null given, called in D:\MATERI_KULIAH\INFORMATIKA\Semester6\PemrogramanFramework\SI-Bengkel-master\app\Controllers\History.php on line 57
#0 D:\MATERI_KULIAH\INFORMATIKA\Semester6\PemrogramanFramework\SI-Bengkel-master\app\Controllers\History.php(57): CodeIgniter\Database\BaseBuilder->like('id', NULL)
#1 D:\MATERI_KULIAH\INFORMATIKA\Semester6\PemrogramanFramework\SI-Bengkel-master\vendor\codeigniter4\framework\system\CodeIgniter.php(928): App\Controllers\History->historySearch()
#2 D:\MATERI_KULIAH\INFORMATIKA\Semester6\PemrogramanFramework\SI-Bengkel-master\vendor\codeigniter4\framework\system\CodeIgniter.php(436): CodeIgniter\CodeIgniter->runController(Object(App\Controllers\History))
#3 D:\MATERI_KULIAH\INFORMATIKA\Semester6\PemrogramanFramework\SI-Bengkel-master\vendor\codeigniter4\framework\system\CodeIgniter.php(336): CodeIgniter\CodeIgniter->handleRequest(NULL, Object(Config\Cache), false)
#4 D:\MATERI_KULIAH\INFORMATIKA\Semester6\PemrogramanFramework\SI-Bengkel-master\public\index.php(37): CodeIgniter\CodeIgniter->run()
#5 D:\MATERI_KULIAH\INFORMATIKA\Semester6\PemrogramanFramework\SI-Bengkel-master\vendor\codeigniter4\framework\system\Commands\Server\rewrite.php(45): require_once('D:\\MATERI_KULIA...')
#6 {main}
